#
# There is insufficient memory for the Java Runtime Environment to continue.
# Native memory allocation (malloc) failed to allocate 2504320 bytes for Chunk::new
# Possible reasons:
#   The system is out of physical RAM or swap space
#   The process is running with CompressedOops enabled, and the Java Heap may be blocking the growth of the native heap
# Possible solutions:
#   Reduce memory load on the system
#   Increase physical memory or swap space
#   Check if swap backing store is full
#   Decrease Java heap size (-Xmx/-Xms)
#   Decrease number of Java threads
#   Decrease Java thread stack sizes (-Xss)
#   Set larger code cache with -XX:ReservedCodeCacheSize=
#   JVM is running with Unscaled Compressed Oops mode in which the Java heap is
#     placed in the first 4GB address space. The Java Heap base address is the
#     maximum limit for the native heap growth. Please use -XX:HeapBaseMinAddress
#     to set the Java Heap base and to place the Java Heap above 4GB virtual address.
# This output file may be truncated or incomplete.
#
#  Out of Memory Error (arena.cpp:189), pid=10552, tid=1036
#
# JRE version: OpenJDK Runtime Environment (17.0.6) (build 17.0.6+0-b2043.56-10027231)
# Java VM: OpenJDK 64-Bit Server VM (17.0.6+0-b2043.56-10027231, mixed mode, tiered, compressed oops, compressed class ptrs, g1 gc, windows-amd64)
# No core dump will be written. Minidumps are not enabled by default on client versions of Windows
#

---------------  S U M M A R Y ------------

Command Line: --add-opens=java.base/java.util=ALL-UNNAMED --add-opens=java.base/java.lang=ALL-UNNAMED --add-opens=java.base/java.lang.invoke=ALL-UNNAMED --add-opens=java.prefs/java.util.prefs=ALL-UNNAMED --add-opens=java.base/java.nio.charset=ALL-UNNAMED --add-opens=java.base/java.net=ALL-UNNAMED --add-opens=java.base/java.util.concurrent.atomic=ALL-UNNAMED -Xmx2048m -Dfile.encoding=UTF-8 -Duser.country=CN -Duser.language=zh -Duser.variant org.gradle.launcher.daemon.bootstrap.GradleDaemon 8.0

Host: 11th Gen Intel(R) Core(TM) i5-1135G7 @ 2.40GHz, 8 cores, 15G,  Windows 11 , 64 bit Build 22621 (10.0.22621.2070)
Time: Sat Oct 28 18:49:59 2023  Windows 11 , 64 bit Build 22621 (10.0.22621.2070) elapsed time: 6.193524 seconds (0d 0h 0m 6s)

---------------  T H R E A D  ---------------

Current thread (0x00000269eb72a540):  JavaThread "C2 CompilerThread1" daemon [_thread_in_native, id=1036, stack(0x0000009e80100000,0x0000009e80200000)]


Current CompileTask:
C2:   6193 5409       4       org.gradle.internal.service.DefaultServiceRegistry$OwnServices::getService (309 bytes)

Stack: [0x0000009e80100000,0x0000009e80200000]
Native frames: (J=compiled Java code, j=interpreted, Vv=VM code, C=native code)
V  [jvm.dll+0x683c9a]
V  [jvm.dll+0x8427a4]
V  [jvm.dll+0x843f9e]
V  [jvm.dll+0x844603]
V  [jvm.dll+0x249b75]
V  [jvm.dll+0xabcac]
V  [jvm.dll+0xac27c]
V  [jvm.dll+0x368857]
V  [jvm.dll+0x1bced2]
V  [jvm.dll+0x21c359]
V  [jvm.dll+0x21b621]
V  [jvm.dll+0x1a4fdd]
V  [jvm.dll+0x22b098]
V  [jvm.dll+0x229159]
V  [jvm.dll+0x7f81ec]
V  [jvm.dll+0x7f274a]
V  [jvm.dll+0x682ad5]
C  [ucrtbase.dll+0x29363]
C  [KERNEL32.DLL+0x126ad]
C  [ntdll.dll+0x5aa68]


---------------  P R O C E S S  ---------------

Threads class SMR info:
_java_thread_list=0x00000269edb5e320, length=125, elements={
0x00000269cbcbaac0, 0x00000269e845b250, 0x00000269e845be00, 0x00000269e84a29e0,
0x00000269e84a3590, 0x00000269e84a6660, 0x00000269e84a7010, 0x00000269e84a8510,
0x00000269e84b8830, 0x00000269e84bd550, 0x00000269e8634c20, 0x00000269e8637100,
0x00000269e97a8140, 0x00000269e8aba7a0, 0x00000269e9be6ff0, 0x00000269e9c78d60,
0x00000269eaad32a0, 0x00000269e953c830, 0x00000269e9bbb2e0, 0x00000269e9bb63f0,
0x00000269e9bc5020, 0x00000269e9bc54f0, 0x00000269e9bc6d00, 0x00000269e9bc59c0,
0x00000269e9bc5e90, 0x00000269e9bc41b0, 0x00000269e9bc71d0, 0x00000269e9bc6360,
0x00000269e9bc4b50, 0x00000269e9bc4680, 0x00000269e9bc6830, 0x00000269e9bc3810,
0x00000269e9bc3ce0, 0x00000269eb56d3c0, 0x00000269eb56f570, 0x00000269eb72a540,
0x00000269eb56c080, 0x00000269eb56f0a0, 0x00000269eb56ca20, 0x00000269eb56cef0,
0x00000269eb56e700, 0x00000269eb56ebd0, 0x00000269eb56d890, 0x00000269eb56dd60,
0x00000269eb56e230, 0x00000269edcd7d80, 0x00000269edcd6570, 0x00000269edcd78b0,
0x00000269edcd6f10, 0x00000269edcd5bd0, 0x00000269edcd8250, 0x00000269edcd9a60,
0x00000269edcd8720, 0x00000269edcdb270, 0x00000269edcd8bf0, 0x00000269edcd90c0,
0x00000269edcd9590, 0x00000269edcd9f30, 0x00000269edcd60a0, 0x00000269edcd4d60,
0x00000269edcd73e0, 0x00000269edcda400, 0x00000269edcda8d0, 0x00000269edcd5230,
0x00000269edcdada0, 0x00000269edcdb740, 0x00000269edcdbc10, 0x00000269edcd5700,
0x00000269edcd6a40, 0x00000269edcdc0e0, 0x00000269edcd4890, 0x00000269eab597d0,
0x00000269eab55470, 0x00000269eab59ca0, 0x00000269eab53c60, 0x00000269eab58490,
0x00000269eab54fa0, 0x00000269eab54130, 0x00000269eab55e10, 0x00000269eab562e0,
0x00000269eab57af0, 0x00000269eab54600, 0x00000269eab5a170, 0x00000269eab53790,
0x00000269eab57620, 0x00000269eab5a640, 0x00000269eab57fc0, 0x00000269eab58960,
0x00000269eab58e30, 0x00000269eab5afe0, 0x00000269eab55940, 0x00000269eab54ad0,
0x00000269eab567b0, 0x00000269eab56c80, 0x00000269eab5ab10, 0x00000269eab57150,
0x00000269eab59300, 0x00000269eb0e4910, 0x00000269eb0e3100, 0x00000269eb0e6f90,
0x00000269eb0e7e00, 0x00000269eb0e35d0, 0x00000269eb0e65f0, 0x00000269eb0e7460,
0x00000269eb0e4de0, 0x00000269eb0e52b0, 0x00000269eb0e5c50, 0x00000269eb0e82d0,
0x00000269eb0e3aa0, 0x00000269eb0e6ac0, 0x00000269eb0e2c30, 0x00000269eb0e7930,
0x00000269eb0e6120, 0x00000269eb0e5780, 0x00000269eb0e87a0, 0x00000269eb0e8c70,
0x00000269eb0e9140, 0x00000269eb0e3f70, 0x00000269eb0ea480, 0x00000269eb0e9610,
0x00000269eb0e9ae0, 0x00000269eb0e9fb0, 0x00000269eb0e4440, 0x00000269eb2efd60,
0x00000269eb2f0bd0
}

Java Threads: ( => current thread )
  0x00000269cbcbaac0 JavaThread "main" [_thread_blocked, id=156, stack(0x0000009efcd00000,0x0000009efce00000)]
  0x00000269e845b250 JavaThread "Reference Handler" daemon [_thread_blocked, id=7712, stack(0x0000009efd400000,0x0000009efd500000)]
  0x00000269e845be00 JavaThread "Finalizer" daemon [_thread_blocked, id=8644, stack(0x0000009efd500000,0x0000009efd600000)]
  0x00000269e84a29e0 JavaThread "Signal Dispatcher" daemon [_thread_blocked, id=6536, stack(0x0000009efd600000,0x0000009efd700000)]
  0x00000269e84a3590 JavaThread "Attach Listener" daemon [_thread_blocked, id=11212, stack(0x0000009efd700000,0x0000009efd800000)]
  0x00000269e84a6660 JavaThread "Service Thread" daemon [_thread_blocked, id=3656, stack(0x0000009efd800000,0x0000009efd900000)]
  0x00000269e84a7010 JavaThread "Monitor Deflation Thread" daemon [_thread_blocked, id=9748, stack(0x0000009efd900000,0x0000009efda00000)]
  0x00000269e84a8510 JavaThread "C2 CompilerThread0" daemon [_thread_in_native, id=3164, stack(0x0000009efda00000,0x0000009efdb00000)]
  0x00000269e84b8830 JavaThread "C1 CompilerThread0" daemon [_thread_blocked, id=6300, stack(0x0000009efdb00000,0x0000009efdc00000)]
  0x00000269e84bd550 JavaThread "Sweeper thread" daemon [_thread_blocked, id=16204, stack(0x0000009efdc00000,0x0000009efdd00000)]
  0x00000269e8634c20 JavaThread "Common-Cleaner" daemon [_thread_blocked, id=11100, stack(0x0000009efdd00000,0x0000009efde00000)]
  0x00000269e8637100 JavaThread "Notification Thread" daemon [_thread_blocked, id=13476, stack(0x0000009efde00000,0x0000009efdf00000)]
  0x00000269e97a8140 JavaThread "Daemon health stats" [_thread_blocked, id=17396, stack(0x0000009efe700000,0x0000009efe800000)]
  0x00000269e8aba7a0 JavaThread "Incoming local TCP Connector on port 8644" [_thread_in_native, id=4084, stack(0x0000009efe100000,0x0000009efe200000)]
  0x00000269e9be6ff0 JavaThread "Daemon periodic checks" [_thread_blocked, id=15480, stack(0x0000009efe800000,0x0000009efe900000)]
  0x00000269e9c78d60 JavaThread "Daemon" [_thread_blocked, id=16716, stack(0x0000009efe900000,0x0000009efea00000)]
  0x00000269eaad32a0 JavaThread "Handler for socket connection from /127.0.0.1:8644 to /127.0.0.1:8646" [_thread_in_native, id=10456, stack(0x0000009efea00000,0x0000009efeb00000)]
  0x00000269e953c830 JavaThread "Cancel handler" [_thread_blocked, id=16744, stack(0x0000009efeb00000,0x0000009efec00000)]
  0x00000269e9bbb2e0 JavaThread "Daemon worker" [_thread_in_native, id=16040, stack(0x0000009efec00000,0x0000009efed00000)]
  0x00000269e9bb63f0 JavaThread "Asynchronous log dispatcher for DefaultDaemonConnection: socket connection from /127.0.0.1:8644 to /127.0.0.1:8646" [_thread_blocked, id=2888, stack(0x0000009efed00000,0x0000009efee00000)]
  0x00000269e9bc5020 JavaThread "Stdin handler" [_thread_blocked, id=14404, stack(0x0000009efee00000,0x0000009efef00000)]
  0x00000269e9bc54f0 JavaThread "Daemon client event forwarder" [_thread_blocked, id=2240, stack(0x0000009efef00000,0x0000009eff000000)]
  0x00000269e9bc6d00 JavaThread "Cache worker for journal cache (C:\Users\86135\.gradle\caches\journal-1)" [_thread_blocked, id=9520, stack(0x0000009eff300000,0x0000009eff400000)]
  0x00000269e9bc59c0 JavaThread "File lock request listener" [_thread_in_native, id=17336, stack(0x0000009eff400000,0x0000009eff500000)]
  0x00000269e9bc5e90 JavaThread "Cache worker for file hash cache (C:\Users\86135\.gradle\caches\8.0\fileHashes)" [_thread_blocked, id=8260, stack(0x0000009eff500000,0x0000009eff600000)]
  0x00000269e9bc41b0 JavaThread "File watcher server" daemon [_thread_in_native, id=7376, stack(0x0000009eff600000,0x0000009eff700000)]
  0x00000269e9bc71d0 JavaThread "File watcher consumer" daemon [_thread_blocked, id=16476, stack(0x0000009eff700000,0x0000009eff800000)]
  0x00000269e9bc6360 JavaThread "Cache worker for checksums cache (C:\Users\86135\AndroidStudioProjects\bob\.gradle\8.0\checksums)" [_thread_blocked, id=1032, stack(0x0000009eff800000,0x0000009eff900000)]
  0x00000269e9bc4b50 JavaThread "Cache worker for cache directory md-rule (C:\Users\86135\.gradle\caches\8.0\md-rule)" [_thread_blocked, id=3192, stack(0x0000009eff900000,0x0000009effa00000)]
  0x00000269e9bc4680 JavaThread "Cache worker for file content cache (C:\Users\86135\.gradle\caches\8.0\fileContent)" [_thread_blocked, id=15120, stack(0x0000009effa00000,0x0000009effb00000)]
  0x00000269e9bc6830 JavaThread "Cache worker for file hash cache (C:\Users\86135\AndroidStudioProjects\bob\.gradle\8.0\fileHashes)" [_thread_blocked, id=14768, stack(0x0000009effb00000,0x0000009effc00000)]
  0x00000269e9bc3810 JavaThread "Cache worker for cache directory md-supplier (C:\Users\86135\.gradle\caches\8.0\md-supplier)" [_thread_blocked, id=16244, stack(0x0000009effc00000,0x0000009effd00000)]
  0x00000269e9bc3ce0 JavaThread "Cache worker for execution history cache (C:\Users\86135\.gradle\caches\8.0\executionHistory)" [_thread_blocked, id=11584, stack(0x0000009effd00000,0x0000009effe00000)]
  0x00000269eb56d3c0 JavaThread "jar transforms" [_thread_blocked, id=3244, stack(0x0000009effe00000,0x0000009efff00000)]
  0x00000269eb56f570 JavaThread "jar transforms Thread 2" [_thread_blocked, id=332, stack(0x0000009efff00000,0x0000009f00000000)]
=>0x00000269eb72a540 JavaThread "C2 CompilerThread1" daemon [_thread_in_native, id=1036, stack(0x0000009e80100000,0x0000009e80200000)]
  0x00000269eb56c080 JavaThread "Cache worker for kotlin-dsl (C:\Users\86135\.gradle\caches\8.0\kotlin-dsl)" [_thread_blocked, id=16948, stack(0x0000009e80200000,0x0000009e80300000)]
  0x00000269eb56f0a0 JavaThread "jar transforms Thread 3" [_thread_blocked, id=15932, stack(0x0000009e80300000,0x0000009e80400000)]
  0x00000269eb56ca20 JavaThread "jar transforms Thread 4" [_thread_blocked, id=17640, stack(0x0000009e80400000,0x0000009e80500000)]
  0x00000269eb56cef0 JavaThread "Cache worker for dependencies-accessors (C:\Users\86135\AndroidStudioProjects\bob\.gradle\8.0\dependencies-accessors)" [_thread_blocked, id=10040, stack(0x0000009e80500000,0x0000009e80600000)]
  0x00000269eb56e700 JavaThread "Cache worker for Build Output Cleanup Cache (C:\Users\86135\AndroidStudioProjects\bob\.gradle\buildOutputCleanup)" [_thread_blocked, id=11388, stack(0x0000009e80600000,0x0000009e80700000)]
  0x00000269eb56ebd0 JavaThread "jar transforms Thread 5" [_thread_blocked, id=17160, stack(0x0000009e80700000,0x0000009e80800000)]
  0x00000269eb56d890 JavaThread "Unconstrained build operations" [_thread_blocked, id=13652, stack(0x0000009e80800000,0x0000009e80900000)]
  0x00000269eb56dd60 JavaThread "Unconstrained build operations Thread 2" [_thread_blocked, id=13508, stack(0x0000009e80900000,0x0000009e80a00000)]
  0x00000269eb56e230 JavaThread "Unconstrained build operations Thread 3" [_thread_blocked, id=14792, stack(0x0000009e80a00000,0x0000009e80b00000)]
  0x00000269edcd7d80 JavaThread "Unconstrained build operations Thread 4" [_thread_blocked, id=6968, stack(0x0000009e80b00000,0x0000009e80c00000)]
  0x00000269edcd6570 JavaThread "Unconstrained build operations Thread 5" [_thread_blocked, id=16484, stack(0x0000009e80c00000,0x0000009e80d00000)]
  0x00000269edcd78b0 JavaThread "Unconstrained build operations Thread 6" [_thread_blocked, id=10816, stack(0x0000009e80d00000,0x0000009e80e00000)]
  0x00000269edcd6f10 JavaThread "Unconstrained build operations Thread 7" [_thread_blocked, id=5920, stack(0x0000009e80e00000,0x0000009e80f00000)]
  0x00000269edcd5bd0 JavaThread "Unconstrained build operations Thread 8" [_thread_blocked, id=15040, stack(0x0000009e80f00000,0x0000009e81000000)]
  0x00000269edcd8250 JavaThread "Unconstrained build operations Thread 9" [_thread_blocked, id=14200, stack(0x0000009e81000000,0x0000009e81100000)]
  0x00000269edcd9a60 JavaThread "Unconstrained build operations Thread 10" [_thread_blocked, id=3040, stack(0x0000009e81100000,0x0000009e81200000)]
  0x00000269edcd8720 JavaThread "Unconstrained build operations Thread 11" [_thread_blocked, id=7472, stack(0x0000009e81200000,0x0000009e81300000)]
  0x00000269edcdb270 JavaThread "Unconstrained build operations Thread 12" [_thread_blocked, id=13360, stack(0x0000009e81300000,0x0000009e81400000)]
  0x00000269edcd8bf0 JavaThread "Unconstrained build operations Thread 13" [_thread_blocked, id=3588, stack(0x0000009e81400000,0x0000009e81500000)]
  0x00000269edcd90c0 JavaThread "Unconstrained build operations Thread 14" [_thread_blocked, id=4656, stack(0x0000009e81500000,0x0000009e81600000)]
  0x00000269edcd9590 JavaThread "Unconstrained build operations Thread 15" [_thread_blocked, id=10664, stack(0x0000009e81600000,0x0000009e81700000)]
  0x00000269edcd9f30 JavaThread "Unconstrained build operations Thread 16" [_thread_blocked, id=11460, stack(0x0000009e81700000,0x0000009e81800000)]
  0x00000269edcd60a0 JavaThread "Unconstrained build operations Thread 17" [_thread_blocked, id=10200, stack(0x0000009e81800000,0x0000009e81900000)]
  0x00000269edcd4d60 JavaThread "Unconstrained build operations Thread 18" [_thread_blocked, id=11308, stack(0x0000009e81900000,0x0000009e81a00000)]
  0x00000269edcd73e0 JavaThread "Unconstrained build operations Thread 19" [_thread_blocked, id=16984, stack(0x0000009e81a00000,0x0000009e81b00000)]
  0x00000269edcda400 JavaThread "Unconstrained build operations Thread 20" [_thread_blocked, id=18024, stack(0x0000009e81b00000,0x0000009e81c00000)]
  0x00000269edcda8d0 JavaThread "Unconstrained build operations Thread 21" [_thread_blocked, id=4068, stack(0x0000009e81c00000,0x0000009e81d00000)]
  0x00000269edcd5230 JavaThread "Unconstrained build operations Thread 22" [_thread_blocked, id=17520, stack(0x0000009e81d00000,0x0000009e81e00000)]
  0x00000269edcdada0 JavaThread "Unconstrained build operations Thread 23" [_thread_blocked, id=17876, stack(0x0000009e81e00000,0x0000009e81f00000)]
  0x00000269edcdb740 JavaThread "Unconstrained build operations Thread 24" [_thread_blocked, id=956, stack(0x0000009e81f00000,0x0000009e82000000)]
  0x00000269edcdbc10 JavaThread "Unconstrained build operations Thread 25" [_thread_blocked, id=11896, stack(0x0000009e82000000,0x0000009e82100000)]
  0x00000269edcd5700 JavaThread "Unconstrained build operations Thread 26" [_thread_blocked, id=17064, stack(0x0000009e82100000,0x0000009e82200000)]
  0x00000269edcd6a40 JavaThread "Unconstrained build operations Thread 27" [_thread_blocked, id=1972, stack(0x0000009e82200000,0x0000009e82300000)]
  0x00000269edcdc0e0 JavaThread "Unconstrained build operations Thread 28" [_thread_blocked, id=13268, stack(0x0000009e82300000,0x0000009e82400000)]
  0x00000269edcd4890 JavaThread "Unconstrained build operations Thread 29" [_thread_blocked, id=11952, stack(0x0000009e82400000,0x0000009e82500000)]
  0x00000269eab597d0 JavaThread "Unconstrained build operations Thread 30" [_thread_blocked, id=2708, stack(0x0000009e82500000,0x0000009e82600000)]
  0x00000269eab55470 JavaThread "Unconstrained build operations Thread 31" [_thread_blocked, id=17280, stack(0x0000009e82600000,0x0000009e82700000)]
  0x00000269eab59ca0 JavaThread "Unconstrained build operations Thread 32" [_thread_blocked, id=17952, stack(0x0000009e82700000,0x0000009e82800000)]
  0x00000269eab53c60 JavaThread "Unconstrained build operations Thread 33" [_thread_blocked, id=10288, stack(0x0000009e82800000,0x0000009e82900000)]
  0x00000269eab58490 JavaThread "Unconstrained build operations Thread 34" [_thread_blocked, id=2428, stack(0x0000009e82900000,0x0000009e82a00000)]
  0x00000269eab54fa0 JavaThread "Unconstrained build operations Thread 35" [_thread_blocked, id=13044, stack(0x0000009e82a00000,0x0000009e82b00000)]
  0x00000269eab54130 JavaThread "Unconstrained build operations Thread 36" [_thread_blocked, id=10248, stack(0x0000009e82b00000,0x0000009e82c00000)]
  0x00000269eab55e10 JavaThread "Unconstrained build operations Thread 37" [_thread_blocked, id=4512, stack(0x0000009e82c00000,0x0000009e82d00000)]
  0x00000269eab562e0 JavaThread "Unconstrained build operations Thread 38" [_thread_blocked, id=11636, stack(0x0000009e82d00000,0x0000009e82e00000)]
  0x00000269eab57af0 JavaThread "Unconstrained build operations Thread 39" [_thread_blocked, id=5044, stack(0x0000009e82e00000,0x0000009e82f00000)]
  0x00000269eab54600 JavaThread "Unconstrained build operations Thread 40" [_thread_blocked, id=16840, stack(0x0000009e82f00000,0x0000009e83000000)]
  0x00000269eab5a170 JavaThread "Unconstrained build operations Thread 41" [_thread_blocked, id=16592, stack(0x0000009e83000000,0x0000009e83100000)]
  0x00000269eab53790 JavaThread "Unconstrained build operations Thread 42" [_thread_blocked, id=14796, stack(0x0000009e83100000,0x0000009e83200000)]
  0x00000269eab57620 JavaThread "Unconstrained build operations Thread 43" [_thread_blocked, id=17932, stack(0x0000009e83200000,0x0000009e83300000)]
  0x00000269eab5a640 JavaThread "Unconstrained build operations Thread 44" [_thread_blocked, id=10384, stack(0x0000009e83300000,0x0000009e83400000)]
  0x00000269eab57fc0 JavaThread "Unconstrained build operations Thread 45" [_thread_blocked, id=7268, stack(0x0000009e83400000,0x0000009e83500000)]
  0x00000269eab58960 JavaThread "Unconstrained build operations Thread 46" [_thread_blocked, id=11776, stack(0x0000009e83500000,0x0000009e83600000)]
  0x00000269eab58e30 JavaThread "Unconstrained build operations Thread 47" [_thread_blocked, id=17896, stack(0x0000009e83600000,0x0000009e83700000)]
  0x00000269eab5afe0 JavaThread "Unconstrained build operations Thread 48" [_thread_blocked, id=16460, stack(0x0000009e83700000,0x0000009e83800000)]
  0x00000269eab55940 JavaThread "Unconstrained build operations Thread 49" [_thread_blocked, id=17888, stack(0x0000009e83800000,0x0000009e83900000)]
  0x00000269eab54ad0 JavaThread "Unconstrained build operations Thread 50" [_thread_blocked, id=12296, stack(0x0000009e83900000,0x0000009e83a00000)]
  0x00000269eab567b0 JavaThread "Unconstrained build operations Thread 51" [_thread_blocked, id=4560, stack(0x0000009e83a00000,0x0000009e83b00000)]
  0x00000269eab56c80 JavaThread "Unconstrained build operations Thread 52" [_thread_blocked, id=17600, stack(0x0000009e83b00000,0x0000009e83c00000)]
  0x00000269eab5ab10 JavaThread "Unconstrained build operations Thread 53" [_thread_blocked, id=13152, stack(0x0000009e83c00000,0x0000009e83d00000)]
  0x00000269eab57150 JavaThread "Unconstrained build operations Thread 54" [_thread_blocked, id=2872, stack(0x0000009e83d00000,0x0000009e83e00000)]
  0x00000269eab59300 JavaThread "Unconstrained build operations Thread 55" [_thread_blocked, id=16596, stack(0x0000009e83e00000,0x0000009e83f00000)]
  0x00000269eb0e4910 JavaThread "Unconstrained build operations Thread 56" [_thread_blocked, id=9636, stack(0x0000009e83f00000,0x0000009e84000000)]
  0x00000269eb0e3100 JavaThread "Unconstrained build operations Thread 57" [_thread_blocked, id=16648, stack(0x0000009e84000000,0x0000009e84100000)]
  0x00000269eb0e6f90 JavaThread "Unconstrained build operations Thread 58" [_thread_blocked, id=2520, stack(0x0000009e84100000,0x0000009e84200000)]
  0x00000269eb0e7e00 JavaThread "Unconstrained build operations Thread 59" [_thread_blocked, id=1392, stack(0x0000009e84200000,0x0000009e84300000)]
  0x00000269eb0e35d0 JavaThread "Unconstrained build operations Thread 60" [_thread_blocked, id=13768, stack(0x0000009e84300000,0x0000009e84400000)]
  0x00000269eb0e65f0 JavaThread "Unconstrained build operations Thread 61" [_thread_blocked, id=8152, stack(0x0000009e84400000,0x0000009e84500000)]
  0x00000269eb0e7460 JavaThread "Unconstrained build operations Thread 62" [_thread_blocked, id=17048, stack(0x0000009e84500000,0x0000009e84600000)]
  0x00000269eb0e4de0 JavaThread "Unconstrained build operations Thread 63" [_thread_blocked, id=17784, stack(0x0000009e84600000,0x0000009e84700000)]
  0x00000269eb0e52b0 JavaThread "Unconstrained build operations Thread 64" [_thread_blocked, id=15148, stack(0x0000009e84700000,0x0000009e84800000)]
  0x00000269eb0e5c50 JavaThread "Unconstrained build operations Thread 65" [_thread_blocked, id=8788, stack(0x0000009e84800000,0x0000009e84900000)]
  0x00000269eb0e82d0 JavaThread "Unconstrained build operations Thread 66" [_thread_blocked, id=16360, stack(0x0000009e84900000,0x0000009e84a00000)]
  0x00000269eb0e3aa0 JavaThread "Unconstrained build operations Thread 67" [_thread_blocked, id=288, stack(0x0000009e84a00000,0x0000009e84b00000)]
  0x00000269eb0e6ac0 JavaThread "Unconstrained build operations Thread 68" [_thread_blocked, id=5644, stack(0x0000009e84b00000,0x0000009e84c00000)]
  0x00000269eb0e2c30 JavaThread "Unconstrained build operations Thread 69" [_thread_blocked, id=17332, stack(0x0000009e84c00000,0x0000009e84d00000)]
  0x00000269eb0e7930 JavaThread "Unconstrained build operations Thread 70" [_thread_blocked, id=8500, stack(0x0000009e84d00000,0x0000009e84e00000)]
  0x00000269eb0e6120 JavaThread "Unconstrained build operations Thread 71" [_thread_blocked, id=17676, stack(0x0000009e84e00000,0x0000009e84f00000)]
  0x00000269eb0e5780 JavaThread "Unconstrained build operations Thread 72" [_thread_blocked, id=2124, stack(0x0000009e84f00000,0x0000009e85000000)]
  0x00000269eb0e87a0 JavaThread "Unconstrained build operations Thread 73" [_thread_blocked, id=280, stack(0x0000009e85000000,0x0000009e85100000)]
  0x00000269eb0e8c70 JavaThread "Unconstrained build operations Thread 74" [_thread_blocked, id=4072, stack(0x0000009e85100000,0x0000009e85200000)]
  0x00000269eb0e9140 JavaThread "Unconstrained build operations Thread 75" [_thread_blocked, id=3316, stack(0x0000009e85200000,0x0000009e85300000)]
  0x00000269eb0e3f70 JavaThread "Unconstrained build operations Thread 76" [_thread_blocked, id=6272, stack(0x0000009e85300000,0x0000009e85400000)]
  0x00000269eb0ea480 JavaThread "Unconstrained build operations Thread 77" [_thread_blocked, id=14488, stack(0x0000009e85400000,0x0000009e85500000)]
  0x00000269eb0e9610 JavaThread "Unconstrained build operations Thread 78" [_thread_blocked, id=11860, stack(0x0000009e85500000,0x0000009e85600000)]
  0x00000269eb0e9ae0 JavaThread "Unconstrained build operations Thread 79" [_thread_blocked, id=4076, stack(0x0000009e85600000,0x0000009e85700000)]
  0x00000269eb0e9fb0 JavaThread "Unconstrained build operations Thread 80" [_thread_blocked, id=17992, stack(0x0000009e85700000,0x0000009e85800000)]
  0x00000269eb0e4440 JavaThread "jar transforms Thread 6" [_thread_blocked, id=10304, stack(0x0000009e85800000,0x0000009e85900000)]
  0x00000269eb2efd60 JavaThread "jar transforms Thread 7" [_thread_blocked, id=4744, stack(0x0000009e85900000,0x0000009e85a00000)]
  0x00000269eb2f0bd0 JavaThread "jar transforms Thread 8" [_thread_blocked, id=2592, stack(0x0000009e85a00000,0x0000009e85b00000)]

Other Threads:
  0x00000269e8435dd0 VMThread "VM Thread" [stack: 0x0000009efd300000,0x0000009efd400000] [id=6892]
  0x00000269cbd358c0 WatcherThread [stack: 0x0000009efdf00000,0x0000009efe000000] [id=9364]
  0x00000269cbd184f0 GCTaskThread "GC Thread#0" [stack: 0x0000009efce00000,0x0000009efcf00000] [id=6488]
  0x00000269e8c17c80 GCTaskThread "GC Thread#1" [stack: 0x0000009efe200000,0x0000009efe300000] [id=12856]
  0x00000269e926b530 GCTaskThread "GC Thread#2" [stack: 0x0000009efe300000,0x0000009efe400000] [id=11572]
  0x00000269e92c0f30 GCTaskThread "GC Thread#3" [stack: 0x0000009efe400000,0x0000009efe500000] [id=14000]
  0x00000269e9320e70 GCTaskThread "GC Thread#4" [stack: 0x0000009efe500000,0x0000009efe600000] [id=7012]
  0x00000269e9321120 GCTaskThread "GC Thread#5" [stack: 0x0000009efe600000,0x0000009efe700000] [id=16884]
  0x00000269eb52bb70 GCTaskThread "GC Thread#6" [stack: 0x0000009eff000000,0x0000009eff100000] [id=5032]
  0x00000269e9e12ff0 GCTaskThread "GC Thread#7" [stack: 0x0000009eff100000,0x0000009eff200000] [id=4628]
  0x00000269cbd29590 ConcurrentGCThread "G1 Main Marker" [stack: 0x0000009efcf00000,0x0000009efd000000] [id=11836]
  0x00000269cbd2a740 ConcurrentGCThread "G1 Conc#0" [stack: 0x0000009efd000000,0x0000009efd100000] [id=16436]
  0x00000269eabb3280 ConcurrentGCThread "G1 Conc#1" [stack: 0x0000009eff200000,0x0000009eff300000] [id=3772]
  0x00000269cbd7e2f0 ConcurrentGCThread "G1 Refine#0" [stack: 0x0000009efd100000,0x0000009efd200000] [id=15624]
  0x00000269eb745310 ConcurrentGCThread "G1 Refine#1" [stack: 0x0000009e80000000,0x0000009e80100000] [id=16512]
  0x00000269cbd7ebb0 ConcurrentGCThread "G1 Service" [stack: 0x0000009efd200000,0x0000009efd300000] [id=10840]

Threads with active compile tasks:
C2 CompilerThread0     6211 5609       4       java.util.zip.ZipFile$Source::initCEN (591 bytes)
C2 CompilerThread1     6211 5409       4       org.gradle.internal.service.DefaultServiceRegistry$OwnServices::getService (309 bytes)

VM state: not at safepoint (normal execution)

VM Mutex/Monitor currently owned by a thread:  ([mutex/lock_event])
[0x00000269cbcb34c0] SystemDictionary_lock - owner thread: 0x0000000000000000

Heap address: 0x0000000080000000, size: 2048 MB, Compressed Oops mode: 32-bit

CDS archive(s) not mapped
Compressed class space mapped at: 0x0000000100000000-0x0000000140000000, reserved size: 1073741824
Narrow klass base: 0x0000000000000000, Narrow klass shift: 3, Narrow klass range: 0x140000000

GC Precious Log:
 CPUs: 8 total, 8 available
 Memory: 16106M
 Large Page Support: Disabled
 NUMA Support: Disabled
 Compressed Oops: Enabled (32-bit)
 Heap Region Size: 1M
 Heap Min Capacity: 8M
 Heap Initial Capacity: 252M
 Heap Max Capacity: 2G
 Pre-touch: Disabled
 Parallel Workers: 8
 Concurrent Workers: 2
 Concurrent Refinement Workers: 8
 Periodic GC: Disabled

Heap:
 garbage-first heap   total 86016K, used 46493K [0x0000000080000000, 0x0000000100000000)
  region size 1024K, 7 young (7168K), 3 survivors (3072K)
 Metaspace       used 53635K, committed 54208K, reserved 1097728K
  class space    used 7179K, committed 7424K, reserved 1048576K

Heap Regions: E=young(eden), S=young(survivor), O=old, HS=humongous(starts), HC=humongous(continues), CS=collection set, F=free, OA=open archive, CA=closed archive, TAMS=top-at-mark-start (previous, next)
|   0|0x0000000080000000, 0x0000000080100000, 0x0000000080100000|100%|HS|  |TAMS 0x0000000080100000, 0x0000000080000000| Complete 
|   1|0x0000000080100000, 0x0000000080200000, 0x0000000080200000|100%|HC|  |TAMS 0x0000000080200000, 0x0000000080100000| Complete 
|   2|0x0000000080200000, 0x0000000080300000, 0x0000000080300000|100%|HC|  |TAMS 0x0000000080300000, 0x0000000080200000| Complete 
|   3|0x0000000080300000, 0x0000000080400000, 0x0000000080400000|100%|HC|  |TAMS 0x0000000080400000, 0x0000000080300000| Complete 
|   4|0x0000000080400000, 0x0000000080500000, 0x0000000080500000|100%| O|  |TAMS 0x0000000080500000, 0x0000000080400000| Untracked 
|   5|0x0000000080500000, 0x0000000080600000, 0x0000000080600000|100%| O|  |TAMS 0x0000000080600000, 0x0000000080500000| Untracked 
|   6|0x0000000080600000, 0x0000000080700000, 0x0000000080700000|100%| O|  |TAMS 0x0000000080700000, 0x0000000080600000| Untracked 
|   7|0x0000000080700000, 0x0000000080800000, 0x0000000080800000|100%| O|  |TAMS 0x0000000080800000, 0x0000000080700000| Untracked 
|   8|0x0000000080800000, 0x0000000080900000, 0x0000000080900000|100%| O|  |TAMS 0x0000000080900000, 0x0000000080800000| Untracked 
|   9|0x0000000080900000, 0x0000000080a00000, 0x0000000080a00000|100%| O|  |TAMS 0x0000000080a00000, 0x0000000080900000| Untracked 
|  10|0x0000000080a00000, 0x0000000080b00000, 0x0000000080b00000|100%| O|  |TAMS 0x0000000080b00000, 0x0000000080a00000| Untracked 
|  11|0x0000000080b00000, 0x0000000080b33200, 0x0000000080c00000| 19%| O|  |TAMS 0x0000000080b33200, 0x0000000080b00000| Untracked 
|  12|0x0000000080c00000, 0x0000000080d00000, 0x0000000080d00000|100%| O|  |TAMS 0x0000000080d00000, 0x0000000080c00000| Untracked 
|  13|0x0000000080d00000, 0x0000000080e00000, 0x0000000080e00000|100%| O|  |TAMS 0x0000000080e00000, 0x0000000080d00000| Untracked 
|  14|0x0000000080e00000, 0x0000000080f00000, 0x0000000080f00000|100%| O|  |TAMS 0x0000000080f00000, 0x0000000080e00000| Untracked 
|  15|0x0000000080f00000, 0x0000000081000000, 0x0000000081000000|100%| O|  |TAMS 0x0000000081000000, 0x0000000080f00000| Untracked 
|  16|0x0000000081000000, 0x0000000081100000, 0x0000000081100000|100%| O|  |TAMS 0x0000000081100000, 0x0000000081000000| Untracked 
|  17|0x0000000081100000, 0x0000000081200000, 0x0000000081200000|100%| O|  |TAMS 0x0000000081200000, 0x0000000081100000| Untracked 
|  18|0x0000000081200000, 0x0000000081300000, 0x0000000081300000|100%| O|  |TAMS 0x0000000081300000, 0x0000000081200000| Untracked 
|  19|0x0000000081300000, 0x0000000081400000, 0x0000000081400000|100%| O|  |TAMS 0x0000000081400000, 0x0000000081300000| Untracked 
|  20|0x0000000081400000, 0x0000000081500000, 0x0000000081500000|100%| O|  |TAMS 0x0000000081500000, 0x0000000081400000| Untracked 
|  21|0x0000000081500000, 0x0000000081600000, 0x0000000081600000|100%| O|  |TAMS 0x0000000081600000, 0x0000000081500000| Untracked 
|  22|0x0000000081600000, 0x0000000081700000, 0x0000000081700000|100%| O|  |TAMS 0x0000000081700000, 0x0000000081600000| Untracked 
|  23|0x0000000081700000, 0x0000000081800000, 0x0000000081800000|100%| O|  |TAMS 0x0000000081800000, 0x0000000081700000| Untracked 
|  24|0x0000000081800000, 0x0000000081900000, 0x0000000081900000|100%| O|  |TAMS 0x0000000081900000, 0x0000000081800000| Untracked 
|  25|0x0000000081900000, 0x0000000081a00000, 0x0000000081a00000|100%| O|  |TAMS 0x0000000081a00000, 0x0000000081900000| Untracked 
|  26|0x0000000081a00000, 0x0000000081b00000, 0x0000000081b00000|100%| O|  |TAMS 0x0000000081b00000, 0x0000000081a00000| Untracked 
|  27|0x0000000081b00000, 0x0000000081c00000, 0x0000000081c00000|100%| O|  |TAMS 0x0000000081c00000, 0x0000000081b00000| Untracked 
|  28|0x0000000081c00000, 0x0000000081d00000, 0x0000000081d00000|100%| O|  |TAMS 0x0000000081d00000, 0x0000000081c00000| Untracked 
|  29|0x0000000081d00000, 0x0000000081e00000, 0x0000000081e00000|100%| O|  |TAMS 0x0000000081e00000, 0x0000000081d00000| Untracked 
|  30|0x0000000081e00000, 0x0000000081f00000, 0x0000000081f00000|100%| O|  |TAMS 0x0000000081f00000, 0x0000000081e00000| Untracked 
|  31|0x0000000081f00000, 0x0000000082000000, 0x0000000082000000|100%| O|  |TAMS 0x0000000082000000, 0x0000000081f00000| Untracked 
|  32|0x0000000082000000, 0x0000000082100000, 0x0000000082100000|100%| O|  |TAMS 0x0000000082100000, 0x0000000082000000| Untracked 
|  33|0x0000000082100000, 0x0000000082200000, 0x0000000082200000|100%| O|  |TAMS 0x0000000082200000, 0x0000000082100000| Untracked 
|  34|0x0000000082200000, 0x0000000082300000, 0x0000000082300000|100%| O|  |TAMS 0x0000000082300000, 0x0000000082200000| Untracked 
|  35|0x0000000082300000, 0x0000000082400000, 0x0000000082400000|100%| O|  |TAMS 0x00000000823f2a00, 0x0000000082300000| Untracked 
|  36|0x0000000082400000, 0x0000000082500000, 0x0000000082500000|100%|HS|  |TAMS 0x0000000082500000, 0x0000000082400000| Complete 
|  37|0x0000000082500000, 0x0000000082600000, 0x0000000082600000|100%|HS|  |TAMS 0x0000000082600000, 0x0000000082500000| Complete 
|  38|0x0000000082600000, 0x0000000082700000, 0x0000000082700000|100%|HS|  |TAMS 0x0000000082700000, 0x0000000082600000| Complete 
|  39|0x0000000082700000, 0x0000000082800000, 0x0000000082800000|100%| O|  |TAMS 0x0000000082700000, 0x0000000082700000| Untracked 
|  40|0x0000000082800000, 0x0000000082834200, 0x0000000082900000| 20%| O|  |TAMS 0x0000000082800000, 0x0000000082800000| Untracked 
|  41|0x0000000082900000, 0x0000000082a00000, 0x0000000082a00000|100%|HS|  |TAMS 0x0000000082900000, 0x0000000082900000| Complete 
|  42|0x0000000082a00000, 0x0000000082a00000, 0x0000000082b00000|  0%| F|  |TAMS 0x0000000082a00000, 0x0000000082a00000| Untracked 
|  43|0x0000000082b00000, 0x0000000082b00000, 0x0000000082c00000|  0%| F|  |TAMS 0x0000000082b00000, 0x0000000082b00000| Untracked 
|  44|0x0000000082c00000, 0x0000000082c00000, 0x0000000082d00000|  0%| F|  |TAMS 0x0000000082c00000, 0x0000000082c00000| Untracked 
|  45|0x0000000082d00000, 0x0000000082d00000, 0x0000000082e00000|  0%| F|  |TAMS 0x0000000082d00000, 0x0000000082d00000| Untracked 
|  46|0x0000000082e00000, 0x0000000082e00000, 0x0000000082f00000|  0%| F|  |TAMS 0x0000000082e00000, 0x0000000082e00000| Untracked 
|  47|0x0000000082f00000, 0x0000000082f00000, 0x0000000083000000|  0%| F|  |TAMS 0x0000000082f00000, 0x0000000082f00000| Untracked 
|  48|0x0000000083000000, 0x0000000083000000, 0x0000000083100000|  0%| F|  |TAMS 0x0000000083000000, 0x0000000083000000| Untracked 
|  49|0x0000000083100000, 0x0000000083100000, 0x0000000083200000|  0%| F|  |TAMS 0x0000000083100000, 0x0000000083100000| Untracked 
|  50|0x0000000083200000, 0x0000000083200000, 0x0000000083300000|  0%| F|  |TAMS 0x0000000083200000, 0x0000000083200000| Untracked 
|  51|0x0000000083300000, 0x0000000083300000, 0x0000000083400000|  0%| F|  |TAMS 0x0000000083300000, 0x0000000083300000| Untracked 
|  52|0x0000000083400000, 0x0000000083400000, 0x0000000083500000|  0%| F|  |TAMS 0x0000000083400000, 0x0000000083400000| Untracked 
|  53|0x0000000083500000, 0x0000000083500000, 0x0000000083600000|  0%| F|  |TAMS 0x0000000083500000, 0x0000000083500000| Untracked 
|  54|0x0000000083600000, 0x0000000083600000, 0x0000000083700000|  0%| F|  |TAMS 0x0000000083600000, 0x0000000083600000| Untracked 
|  55|0x0000000083700000, 0x0000000083700000, 0x0000000083800000|  0%| F|  |TAMS 0x0000000083700000, 0x0000000083700000| Untracked 
|  56|0x0000000083800000, 0x0000000083800000, 0x0000000083900000|  0%| F|  |TAMS 0x0000000083800000, 0x0000000083800000| Untracked 
|  57|0x0000000083900000, 0x0000000083900000, 0x0000000083a00000|  0%| F|  |TAMS 0x0000000083900000, 0x0000000083900000| Untracked 
|  58|0x0000000083a00000, 0x0000000083a00000, 0x0000000083b00000|  0%| F|  |TAMS 0x0000000083a00000, 0x0000000083a00000| Untracked 
|  59|0x0000000083b00000, 0x0000000083b00000, 0x0000000083c00000|  0%| F|  |TAMS 0x0000000083b00000, 0x0000000083b00000| Untracked 
|  60|0x0000000083c00000, 0x0000000083c00000, 0x0000000083d00000|  0%| F|  |TAMS 0x0000000083c00000, 0x0000000083c00000| Untracked 
|  61|0x0000000083d00000, 0x0000000083d00000, 0x0000000083e00000|  0%| F|  |TAMS 0x0000000083d00000, 0x0000000083d00000| Untracked 
|  62|0x0000000083e00000, 0x0000000083e00000, 0x0000000083f00000|  0%| F|  |TAMS 0x0000000083e00000, 0x0000000083e00000| Untracked 
|  63|0x0000000083f00000, 0x0000000083f00000, 0x0000000084000000|  0%| F|  |TAMS 0x0000000083f00000, 0x0000000083f00000| Untracked 
|  64|0x0000000084000000, 0x0000000084000000, 0x0000000084100000|  0%| F|  |TAMS 0x0000000084000000, 0x0000000084000000| Untracked 
|  65|0x0000000084100000, 0x0000000084100000, 0x0000000084200000|  0%| F|  |TAMS 0x0000000084100000, 0x0000000084100000| Untracked 
|  66|0x0000000084200000, 0x0000000084200000, 0x0000000084300000|  0%| F|  |TAMS 0x0000000084200000, 0x0000000084200000| Untracked 
|  67|0x0000000084300000, 0x0000000084300000, 0x0000000084400000|  0%| F|  |TAMS 0x0000000084300000, 0x0000000084300000| Untracked 
|  68|0x0000000084400000, 0x0000000084400000, 0x0000000084500000|  0%| F|  |TAMS 0x0000000084400000, 0x0000000084400000| Untracked 
|  69|0x0000000084500000, 0x0000000084500000, 0x0000000084600000|  0%| F|  |TAMS 0x0000000084500000, 0x0000000084500000| Untracked 
|  70|0x0000000084600000, 0x0000000084600000, 0x0000000084700000|  0%| F|  |TAMS 0x0000000084600000, 0x0000000084600000| Untracked 
|  71|0x0000000084700000, 0x0000000084700000, 0x0000000084800000|  0%| F|  |TAMS 0x0000000084700000, 0x0000000084700000| Untracked 
|  72|0x0000000084800000, 0x0000000084800000, 0x0000000084900000|  0%| F|  |TAMS 0x0000000084800000, 0x0000000084800000| Untracked 
|  73|0x0000000084900000, 0x0000000084900000, 0x0000000084a00000|  0%| F|  |TAMS 0x0000000084900000, 0x0000000084900000| Untracked 
| 200|0x000000008c800000, 0x000000008c800000, 0x000000008c900000|  0%| F|  |TAMS 0x000000008c800000, 0x000000008c800000| Untracked 
| 201|0x000000008c900000, 0x000000008ca00000, 0x000000008ca00000|100%| S|CS|TAMS 0x000000008c900000, 0x000000008c900000| Complete 
| 202|0x000000008ca00000, 0x000000008cb00000, 0x000000008cb00000|100%| S|CS|TAMS 0x000000008ca00000, 0x000000008ca00000| Complete 
| 203|0x000000008cb00000, 0x000000008cc00000, 0x000000008cc00000|100%| S|CS|TAMS 0x000000008cb00000, 0x000000008cb00000| Complete 
| 204|0x000000008cc00000, 0x000000008cc00000, 0x000000008cd00000|  0%| F|  |TAMS 0x000000008cc00000, 0x000000008cc00000| Untracked 
| 205|0x000000008cd00000, 0x000000008cd00000, 0x000000008ce00000|  0%| F|  |TAMS 0x000000008cd00000, 0x000000008cd00000| Untracked 
| 206|0x000000008ce00000, 0x000000008cf00000, 0x000000008cf00000|100%| E|CS|TAMS 0x000000008ce00000, 0x000000008ce00000| Complete 
| 207|0x000000008cf00000, 0x000000008d000000, 0x000000008d000000|100%| E|CS|TAMS 0x000000008cf00000, 0x000000008cf00000| Complete 
| 208|0x000000008d000000, 0x000000008d100000, 0x000000008d100000|100%| E|CS|TAMS 0x000000008d000000, 0x000000008d000000| Complete 
| 251|0x000000008fb00000, 0x000000008fbffbb8, 0x000000008fc00000| 99%| E|  |TAMS 0x000000008fb00000, 0x000000008fb00000| Complete 

Card table byte_map: [0x00000269e07d0000,0x00000269e0bd0000] _byte_map_base: 0x00000269e03d0000

Marking Bits (Prev, Next): (CMBitMap*) 0x00000269cbd18b00, (CMBitMap*) 0x00000269cbd18b40
 Prev Bits: [0x00000269e0fd0000, 0x00000269e2fd0000)
 Next Bits: [0x00000269e2fd0000, 0x00000269e4fd0000)

Polling page: 0x00000269d0930000

Metaspace:

Usage:
  Non-class:     45.37 MB used.
      Class:      7.01 MB used.
       Both:     52.38 MB used.

Virtual space:
  Non-class space:       48.00 MB reserved,      45.69 MB ( 95%) committed,  6 nodes.
      Class space:        1.00 GB reserved,       7.25 MB ( <1%) committed,  1 nodes.
             Both:        1.05 GB reserved,      52.94 MB (  5%) committed. 

Chunk freelists:
   Non-Class:  2.30 MB
       Class:  752.00 KB
        Both:  3.03 MB

MaxMetaspaceSize: unlimited
CompressedClassSpaceSize: 1.00 GB
Initial GC threshold: 21.00 MB
Current GC threshold: 87.44 MB
CDS: off
MetaspaceReclaimPolicy: balanced
 - commit_granule_bytes: 65536.
 - commit_granule_words: 8192.
 - virtual_space_node_default_size: 1048576.
 - enlarge_chunks_in_place: 1.
 - new_chunks_are_fully_committed: 0.
 - uncommit_free_chunks: 1.
 - use_allocation_guard: 0.
 - handle_deallocations: 1.


Internal statistics:

num_allocs_failed_limit: 6.
num_arena_births: 584.
num_arena_deaths: 0.
num_vsnodes_births: 7.
num_vsnodes_deaths: 0.
num_space_committed: 847.
num_space_uncommitted: 0.
num_chunks_returned_to_freelist: 6.
num_chunks_taken_from_freelist: 2305.
num_chunk_merges: 6.
num_chunk_splits: 1539.
num_chunks_enlarged: 1062.
num_purges: 0.
num_inconsistent_stats: 0.

CodeHeap 'non-profiled nmethods': size=120000Kb used=3235Kb max_used=3235Kb free=116764Kb
 bounds [0x00000269d8420000, 0x00000269d8750000, 0x00000269df950000]
CodeHeap 'profiled nmethods': size=120000Kb used=11001Kb max_used=11001Kb free=108998Kb
 bounds [0x00000269d0950000, 0x00000269d1410000, 0x00000269d7e80000]
CodeHeap 'non-nmethods': size=5760Kb used=2330Kb max_used=2386Kb free=3429Kb
 bounds [0x00000269d7e80000, 0x00000269d80f0000, 0x00000269d8420000]
 total_blobs=6445 nmethods=5608 adapters=749
 compilation: enabled
              stopped_count=0, restarted_count=0
 full_count=0

Compilation events (20 events):
Event: 6.085 Thread 0x00000269e84b8830 5607       3       jdk.internal.loader.URLClassPath$JarLoader::isOptimizable (10 bytes)
Event: 6.085 Thread 0x00000269e84b8830 nmethod 5607 0x00000269d1403110 code [0x00000269d14032c0, 0x00000269d1403428]
Event: 6.108 Thread 0x00000269e84a8510 nmethod 5598% 0x00000269d8743890 code [0x00000269d8743b80, 0x00000269d8746a50]
Event: 6.116 Thread 0x00000269e84b8830 5608       3       java.util.TreeSet::add (22 bytes)
Event: 6.117 Thread 0x00000269e84b8830 nmethod 5608 0x00000269d1403510 code [0x00000269d14036c0, 0x00000269d14038e8]
Event: 6.117 Thread 0x00000269e84a8510 5609       4       java.util.zip.ZipFile$Source::initCEN (591 bytes)
Event: 6.138 Thread 0x00000269e84b8830 5612   !   3       java.util.zip.ZipFile::getInputStream (275 bytes)
Event: 6.139 Thread 0x00000269e84b8830 nmethod 5612 0x00000269d1403990 code [0x00000269d1403c80, 0x00000269d1404e08]
Event: 6.157 Thread 0x00000269e84b8830 5613       3       sun.nio.fs.WindowsFileSystemProvider::readAttributes (63 bytes)
Event: 6.158 Thread 0x00000269e84b8830 nmethod 5613 0x00000269d1405910 code [0x00000269d1405b20, 0x00000269d1406138]
Event: 6.179 Thread 0x00000269e84b8830 5614       3       java.lang.String::decodeASCII (64 bytes)
Event: 6.179 Thread 0x00000269e84b8830 nmethod 5614 0x00000269d1406310 code [0x00000269d14064e0, 0x00000269d1406838]
Event: 6.179 Thread 0x00000269e84b8830 5615       3       java.nio.Buffer::discardMark (6 bytes)
Event: 6.179 Thread 0x00000269e84b8830 nmethod 5615 0x00000269d1406a10 code [0x00000269d1406ba0, 0x00000269d1406cb8]
Event: 6.183 Thread 0x00000269e84b8830 5617       1       java.util.stream.Node::getChildCount (2 bytes)
Event: 6.183 Thread 0x00000269e84b8830 nmethod 5617 0x00000269d8748710 code [0x00000269d87488a0, 0x00000269d8748978]
Event: 6.183 Thread 0x00000269e84b8830 5618       3       groovy.lang.MetaClassImpl::establishStaticMetaProperty (262 bytes)
Event: 6.184 Thread 0x00000269e84b8830 nmethod 5618 0x00000269d1406d90 code [0x00000269d1407040, 0x00000269d1408838]
Event: 6.188 Thread 0x00000269e84b8830 5619       3       java.util.jar.Manifest::read (415 bytes)
Event: 6.190 Thread 0x00000269e84b8830 nmethod 5619 0x00000269d1408d90 code [0x00000269d14092a0, 0x00000269d140b9b8]

GC Heap History (20 events):
Event: 3.855 GC heap before
{Heap before GC invocations=6 (full 0):
 garbage-first heap   total 71680K, used 48556K [0x0000000080000000, 0x0000000100000000)
  region size 1024K, 32 young (32768K), 4 survivors (4096K)
 Metaspace       used 35604K, committed 35968K, reserved 1081344K
  class space    used 4878K, committed 5056K, reserved 1048576K
}
Event: 3.859 GC heap after
{Heap after GC invocations=7 (full 0):
 garbage-first heap   total 71680K, used 24262K [0x0000000080000000, 0x0000000100000000)
  region size 1024K, 4 young (4096K), 4 survivors (4096K)
 Metaspace       used 35604K, committed 35968K, reserved 1081344K
  class space    used 4878K, committed 5056K, reserved 1048576K
}
Event: 4.322 GC heap before
{Heap before GC invocations=8 (full 0):
 garbage-first heap   total 71680K, used 51910K [0x0000000080000000, 0x0000000100000000)
  region size 1024K, 32 young (32768K), 4 survivors (4096K)
 Metaspace       used 40429K, committed 40768K, reserved 1089536K
  class space    used 5361K, committed 5504K, reserved 1048576K
}
Event: 4.326 GC heap after
{Heap after GC invocations=9 (full 0):
 garbage-first heap   total 71680K, used 28523K [0x0000000080000000, 0x0000000100000000)
  region size 1024K, 4 young (4096K), 4 survivors (4096K)
 Metaspace       used 40429K, committed 40768K, reserved 1089536K
  class space    used 5361K, committed 5504K, reserved 1048576K
}
Event: 4.551 GC heap before
{Heap before GC invocations=9 (full 0):
 garbage-first heap   total 71680K, used 56171K [0x0000000080000000, 0x0000000100000000)
  region size 1024K, 28 young (28672K), 4 survivors (4096K)
 Metaspace       used 43178K, committed 43584K, reserved 1089536K
  class space    used 5671K, committed 5888K, reserved 1048576K
}
Event: 4.555 GC heap after
{Heap after GC invocations=10 (full 0):
 garbage-first heap   total 71680K, used 29325K [0x0000000080000000, 0x0000000100000000)
  region size 1024K, 2 young (2048K), 2 survivors (2048K)
 Metaspace       used 43178K, committed 43584K, reserved 1089536K
  class space    used 5671K, committed 5888K, reserved 1048576K
}
Event: 4.843 GC heap before
{Heap before GC invocations=10 (full 0):
 garbage-first heap   total 71680K, used 53901K [0x0000000080000000, 0x0000000100000000)
  region size 1024K, 26 young (26624K), 2 survivors (2048K)
 Metaspace       used 46069K, committed 46528K, reserved 1089536K
  class space    used 6049K, committed 6272K, reserved 1048576K
}
Event: 4.845 GC heap after
{Heap after GC invocations=11 (full 0):
 garbage-first heap   total 71680K, used 31157K [0x0000000080000000, 0x0000000100000000)
  region size 1024K, 4 young (4096K), 4 survivors (4096K)
 Metaspace       used 46069K, committed 46528K, reserved 1089536K
  class space    used 6049K, committed 6272K, reserved 1048576K
}
Event: 5.194 GC heap before
{Heap before GC invocations=11 (full 0):
 garbage-first heap   total 71680K, used 54709K [0x0000000080000000, 0x0000000100000000)
  region size 1024K, 27 young (27648K), 4 survivors (4096K)
 Metaspace       used 49377K, committed 49856K, reserved 1097728K
  class space    used 6587K, committed 6784K, reserved 1048576K
}
Event: 5.196 GC heap after
{Heap after GC invocations=12 (full 0):
 garbage-first heap   total 71680K, used 32191K [0x0000000080000000, 0x0000000100000000)
  region size 1024K, 3 young (3072K), 3 survivors (3072K)
 Metaspace       used 49377K, committed 49856K, reserved 1097728K
  class space    used 6587K, committed 6784K, reserved 1048576K
}
Event: 5.578 GC heap before
{Heap before GC invocations=12 (full 0):
 garbage-first heap   total 71680K, used 54719K [0x0000000080000000, 0x0000000100000000)
  region size 1024K, 26 young (26624K), 3 survivors (3072K)
 Metaspace       used 52320K, committed 52800K, reserved 1097728K
  class space    used 7023K, committed 7232K, reserved 1048576K
}
Event: 5.581 GC heap after
{Heap after GC invocations=13 (full 0):
 garbage-first heap   total 71680K, used 33654K [0x0000000080000000, 0x0000000100000000)
  region size 1024K, 3 young (3072K), 3 survivors (3072K)
 Metaspace       used 52320K, committed 52800K, reserved 1097728K
  class space    used 7023K, committed 7232K, reserved 1048576K
}
Event: 5.888 GC heap before
{Heap before GC invocations=13 (full 0):
 garbage-first heap   total 71680K, used 55158K [0x0000000080000000, 0x0000000100000000)
  region size 1024K, 25 young (25600K), 3 survivors (3072K)
 Metaspace       used 53164K, committed 53568K, reserved 1097728K
  class space    used 7109K, committed 7296K, reserved 1048576K
}
Event: 5.892 GC heap after
{Heap after GC invocations=14 (full 0):
 garbage-first heap   total 71680K, used 36031K [0x0000000080000000, 0x0000000100000000)
  region size 1024K, 4 young (4096K), 4 survivors (4096K)
 Metaspace       used 53164K, committed 53568K, reserved 1097728K
  class space    used 7109K, committed 7296K, reserved 1048576K
}
Event: 5.938 GC heap before
{Heap before GC invocations=15 (full 0):
 garbage-first heap   total 71680K, used 40127K [0x0000000080000000, 0x0000000100000000)
  region size 1024K, 9 young (9216K), 4 survivors (4096K)
 Metaspace       used 53238K, committed 53696K, reserved 1097728K
  class space    used 7116K, committed 7296K, reserved 1048576K
}
Event: 5.941 GC heap after
{Heap after GC invocations=16 (full 0):
 garbage-first heap   total 71680K, used 36726K [0x0000000080000000, 0x0000000100000000)
  region size 1024K, 1 young (1024K), 1 survivors (1024K)
 Metaspace       used 53238K, committed 53696K, reserved 1097728K
  class space    used 7116K, committed 7296K, reserved 1048576K
}
Event: 6.012 GC heap before
{Heap before GC invocations=17 (full 0):
 garbage-first heap   total 71680K, used 40822K [0x0000000080000000, 0x0000000100000000)
  region size 1024K, 4 young (4096K), 1 survivors (1024K)
 Metaspace       used 53312K, committed 53824K, reserved 1097728K
  class space    used 7125K, committed 7360K, reserved 1048576K
}
Event: 6.014 GC heap after
{Heap after GC invocations=18 (full 0):
 garbage-first heap   total 86016K, used 39646K [0x0000000080000000, 0x0000000100000000)
  region size 1024K, 2 young (2048K), 2 survivors (2048K)
 Metaspace       used 53312K, committed 53824K, reserved 1097728K
  class space    used 7125K, committed 7360K, reserved 1048576K
}
Event: 6.120 GC heap before
{Heap before GC invocations=19 (full 0):
 garbage-first heap   total 86016K, used 42718K [0x0000000080000000, 0x0000000100000000)
  region size 1024K, 6 young (6144K), 2 survivors (2048K)
 Metaspace       used 53313K, committed 53824K, reserved 1097728K
  class space    used 7125K, committed 7360K, reserved 1048576K
}
Event: 6.122 GC heap after
{Heap after GC invocations=20 (full 0):
 garbage-first heap   total 86016K, used 43421K [0x0000000080000000, 0x0000000100000000)
  region size 1024K, 3 young (3072K), 3 survivors (3072K)
 Metaspace       used 53313K, committed 53824K, reserved 1097728K
  class space    used 7125K, committed 7360K, reserved 1048576K
}

Dll operation events (2 events):
Event: 0.007 Loaded shared library E:\AndroidStudio\jbr\bin\java.dll
Event: 0.464 Loaded shared library E:\AndroidStudio\jbr\bin\verify.dll

Deoptimization events (20 events):
Event: 5.937 Thread 0x00000269e9bbb2e0 Uncommon trap: trap_request=0xffffffc6 fr.pc=0x00000269d857efd8 relative=0x0000000000000218
Event: 5.937 Thread 0x00000269e9bbb2e0 Uncommon trap: reason=bimorphic_or_optimized_type_check action=maybe_recompile pc=0x00000269d857efd8 method=com.google.common.base.CharMatcher.indexIn(Ljava/lang/CharSequence;I)I @ 31 c2
Event: 5.937 Thread 0x00000269e9bbb2e0 DEOPT PACKING pc=0x00000269d857efd8 sp=0x0000009efecf9bb0
Event: 5.937 Thread 0x00000269e9bbb2e0 DEOPT UNPACKING pc=0x00000269d7eda1a3 sp=0x0000009efecf9b58 mode 2
Event: 5.948 Thread 0x00000269e9bbb2e0 Uncommon trap: trap_request=0xffffff45 fr.pc=0x00000269d85b92d0 relative=0x0000000000001870
Event: 5.948 Thread 0x00000269e9bbb2e0 Uncommon trap: reason=unstable_if action=reinterpret pc=0x00000269d85b92d0 method=java.util.zip.ZipFile.getInputStream(Ljava/util/zip/ZipEntry;)Ljava/io/InputStream; @ 101 c2
Event: 5.948 Thread 0x00000269e9bbb2e0 DEOPT PACKING pc=0x00000269d85b92d0 sp=0x0000009efecf87a0
Event: 5.948 Thread 0x00000269e9bbb2e0 DEOPT UNPACKING pc=0x00000269d7eda1a3 sp=0x0000009efecf8758 mode 2
Event: 5.955 Thread 0x00000269e9bbb2e0 DEOPT PACKING pc=0x00000269d0a0db3d sp=0x0000009efecf8470
Event: 5.955 Thread 0x00000269e9bbb2e0 DEOPT UNPACKING pc=0x00000269d7edace3 sp=0x0000009efecf78f8 mode 0
Event: 5.981 Thread 0x00000269e9bbb2e0 Uncommon trap: trap_request=0xffffff45 fr.pc=0x00000269d84789c8 relative=0x0000000000000688
Event: 5.981 Thread 0x00000269e9bbb2e0 Uncommon trap: reason=unstable_if action=reinterpret pc=0x00000269d84789c8 method=java.util.jar.Manifest$FastInputStream.readLine([BII)I @ 130 c2
Event: 5.981 Thread 0x00000269e9bbb2e0 DEOPT PACKING pc=0x00000269d84789c8 sp=0x0000009efecf8750
Event: 5.981 Thread 0x00000269e9bbb2e0 DEOPT UNPACKING pc=0x00000269d7eda1a3 sp=0x0000009efecf86e0 mode 2
Event: 6.018 Thread 0x00000269e9bbb2e0 DEOPT PACKING pc=0x00000269d0a0db3d sp=0x0000009efecf6b80
Event: 6.018 Thread 0x00000269e9bbb2e0 DEOPT UNPACKING pc=0x00000269d7edace3 sp=0x0000009efecf6008 mode 0
Event: 6.117 Thread 0x00000269e9bbb2e0 DEOPT PACKING pc=0x00000269d13f64e9 sp=0x0000009efecf6ad0
Event: 6.117 Thread 0x00000269e9bbb2e0 DEOPT UNPACKING pc=0x00000269d7edace3 sp=0x0000009efecf6050 mode 0
Event: 6.165 Thread 0x00000269e9bbb2e0 DEOPT PACKING pc=0x00000269d13f64e9 sp=0x0000009efecf6ad0
Event: 6.165 Thread 0x00000269e9bbb2e0 DEOPT UNPACKING pc=0x00000269d7edace3 sp=0x0000009efecf6050 mode 0

Classes unloaded (0 events):
No events

Classes redefined (0 events):
No events

Internal exceptions (20 events):
Event: 5.024 Thread 0x00000269e9bc54f0 Exception <a 'java/lang/NoSuchMethodError'{0x0000000083803968}: static Lorg/gradle/internal/build/event/types/DefaultOperationDescriptor;.<clinit>()V> (0x0000000083803968) 
thrown [s\src\hotspot\share\prims\jni.cpp, line 1108]
Event: 5.025 Thread 0x00000269e9bc54f0 Exception <a 'java/lang/NoSuchMethodError'{0x000000008381a7b0}: static Lorg/gradle/internal/operations/OperationIdentifier;.<clinit>()V> (0x000000008381a7b0) 
thrown [s\src\hotspot\share\prims\jni.cpp, line 1108]
Event: 5.490 Thread 0x00000269e9bbb2e0 Exception <a 'java/lang/NoSuchMethodError'{0x0000000083463070}: 'int java.lang.invoke.DirectMethodHandle$Holder.invokeStatic(java.lang.Object)'> (0x0000000083463070) 
thrown [s\src\hotspot\share\interpreter\linkResolver.cpp, line 771]
Event: 5.490 Thread 0x00000269e9bbb2e0 Exception <a 'java/lang/NoSuchMethodError'{0x0000000083467708}: 'int java.lang.invoke.DirectMethodHandle$Holder.invokeStaticInit(java.lang.Object)'> (0x0000000083467708) 
thrown [s\src\hotspot\share\interpreter\linkResolver.cpp, line 771]
Event: 5.499 Thread 0x00000269e9bbb2e0 Exception <a 'java/lang/NoSuchMethodError'{0x00000000834dbe40}: 'java.lang.Object java.lang.invoke.DirectMethodHandle$Holder.newInvokeSpecial(java.lang.Object, java.lang.Object, java.lang.Object, java.lang.Object, java.lang.Object, int)'> (0x00000000834dbe40) 
thrown [s\src\hotspot\share\interpreter\linkResolver.cpp, line 771]
Event: 5.500 Thread 0x00000269e9bbb2e0 Exception <a 'java/lang/NoSuchMethodError'{0x00000000834e1958}: 'java.lang.Object java.lang.invoke.DirectMethodHandle$Holder.invokeSpecial(java.lang.Object, java.lang.Object, java.lang.Object, java.lang.Object, java.lang.Object, java.lang.Object, int)'> (0x00000000834e1958) 
thrown [s\src\hotspot\share\interpreter\linkResolver.cpp, line 771]
Event: 5.513 Thread 0x00000269e9bbb2e0 Exception <a 'java/lang/NoSuchMethodError'{0x00000000833b4958}: 'void java.lang.invoke.DirectMethodHandle$Holder.invokeStatic(java.lang.Object, java.lang.Object, java.lang.Object, int, java.lang.Object)'> (0x00000000833b4958) 
thrown [s\src\hotspot\share\interpreter\linkResolver.cpp, line 771]
Event: 5.830 Thread 0x00000269e9bbb2e0 Exception <a 'java/lang/NoSuchMethodError'{0x0000000083115e68}: 'long java.lang.invoke.DirectMethodHandle$Holder.invokeVirtual(java.lang.Object, java.lang.Object)'> (0x0000000083115e68) 
thrown [s\src\hotspot\share\interpreter\linkResolver.cpp, line 771]
Event: 5.844 Thread 0x00000269e9bc54f0 Exception <a 'java/lang/NoSuchMethodError'{0x0000000083173fb8}: static Lorg/gradle/internal/build/event/types/DefaultOperationFinishedProgressEvent;.<clinit>()V> (0x0000000083173fb8) 
thrown [s\src\hotspot\share\prims\jni.cpp, line 1108]
Event: 5.850 Thread 0x00000269e9bc54f0 Exception <a 'java/lang/NoSuchMethodError'{0x000000008319b830}: static Lorg/gradle/internal/build/event/types/DefaultProjectConfigurationSuccessResult;.<clinit>()V> (0x000000008319b830) 
thrown [s\src\hotspot\share\prims\jni.cpp, line 1108]
Event: 5.850 Thread 0x00000269e9bc54f0 Exception <a 'java/lang/NoSuchMethodError'{0x000000008319cd78}: static Lorg/gradle/internal/build/event/types/AbstractProjectConfigurationResult;.<clinit>()V> (0x000000008319cd78) 
thrown [s\src\hotspot\share\prims\jni.cpp, line 1108]
Event: 5.851 Thread 0x00000269e9bc54f0 Exception <a 'java/lang/NoSuchMethodError'{0x000000008319e2d0}: static Lorg/gradle/internal/build/event/types/AbstractOperationResult;.<clinit>()V> (0x000000008319e2d0) 
thrown [s\src\hotspot\share\prims\jni.cpp, line 1108]
Event: 5.851 Thread 0x00000269e9bc54f0 Exception <a 'java/lang/NoSuchMethodError'{0x000000008319f740}: static Lorg/gradle/internal/build/event/types/AbstractResult;.<clinit>()V> (0x000000008319f740) 
thrown [s\src\hotspot\share\prims\jni.cpp, line 1108]
Event: 5.857 Thread 0x00000269e9bc54f0 Exception <a 'java/lang/NoSuchMethodError'{0x00000000831b66e0}: static Lorg/gradle/internal/build/event/types/DefaultPluginApplicationResult;.<clinit>()V> (0x00000000831b66e0) 
thrown [s\src\hotspot\share\prims\jni.cpp, line 1108]
Event: 5.858 Thread 0x00000269e9bc54f0 Exception <a 'java/lang/NoSuchMethodError'{0x00000000831c25f0}: static Lorg/gradle/internal/build/event/types/DefaultBinaryPluginIdentifier;.<clinit>()V> (0x00000000831c25f0) 
thrown [s\src\hotspot\share\prims\jni.cpp, line 1108]
Event: 5.863 Thread 0x00000269e9bc54f0 Exception <a 'java/lang/NoSuchMethodError'{0x00000000831dbf58}: static Lorg/gradle/internal/build/event/types/DefaultScriptPluginIdentifier;.<clinit>()V> (0x00000000831dbf58) 
thrown [s\src\hotspot\share\prims\jni.cpp, line 1108]
Event: 5.936 Thread 0x00000269e9bbb2e0 Implicit null exception at 0x00000269d8704b12 to 0x00000269d87051f0
Event: 5.936 Thread 0x00000269e9bbb2e0 Implicit null exception at 0x00000269d86fee14 to 0x00000269d86ff490
Event: 6.182 Thread 0x00000269e9bbb2e0 Exception <a 'java/lang/ClassNotFoundException'{0x000000008d0edb68}: org/gradle/api/internal/plugins/DefaultObjectConfigurationActionBeanInfo> (0x000000008d0edb68) 
thrown [s\src\hotspot\share\classfile\systemDictionary.cpp, line 256]
Event: 6.182 Thread 0x00000269e9bbb2e0 Exception <a 'java/lang/ClassNotFoundException'{0x000000008cf01e98}: org/gradle/api/internal/plugins/DefaultObjectConfigurationActionCustomizer> (0x000000008cf01e98) 
thrown [s\src\hotspot\share\classfile\systemDictionary.cpp, line 256]

VM Operations (20 events):
Event: 5.921 Executing VM operation: G1Concurrent
Event: 5.921 Executing VM operation: G1Concurrent done
Event: 5.938 Executing VM operation: G1TryInitiateConcMark
Event: 5.941 Executing VM operation: G1TryInitiateConcMark done
Event: 5.963 Executing VM operation: G1Concurrent
Event: 5.968 Executing VM operation: G1Concurrent done
Event: 5.980 Executing VM operation: G1Concurrent
Event: 5.980 Executing VM operation: G1Concurrent done
Event: 6.012 Executing VM operation: G1TryInitiateConcMark
Event: 6.014 Executing VM operation: G1TryInitiateConcMark done
Event: 6.043 Executing VM operation: G1Concurrent
Event: 6.045 Executing VM operation: G1Concurrent done
Event: 6.058 Executing VM operation: G1Concurrent
Event: 6.059 Executing VM operation: G1Concurrent done
Event: 6.120 Executing VM operation: G1TryInitiateConcMark
Event: 6.122 Executing VM operation: G1TryInitiateConcMark done
Event: 6.150 Executing VM operation: G1Concurrent
Event: 6.152 Executing VM operation: G1Concurrent done
Event: 6.163 Executing VM operation: G1Concurrent
Event: 6.163 Executing VM operation: G1Concurrent done

Events (20 events):
Event: 5.735 Thread 0x00000269eb0e9610 Thread added: 0x00000269eb0e9610
Event: 5.737 Thread 0x00000269eb0e9ae0 Thread added: 0x00000269eb0e9ae0
Event: 5.737 Thread 0x00000269eb0e9fb0 Thread added: 0x00000269eb0e9fb0
Event: 5.801 Thread 0x00000269eb0e4440 Thread added: 0x00000269eb0e4440
Event: 5.802 Thread 0x00000269eb2efd60 Thread added: 0x00000269eb2efd60
Event: 5.802 Thread 0x00000269eb2f0bd0 Thread added: 0x00000269eb2f0bd0
Event: 5.831 loading class java/util/stream/SortedOps
Event: 5.831 loading class java/util/stream/SortedOps done
Event: 5.831 loading class java/util/stream/SortedOps$OfRef
Event: 5.832 loading class java/util/stream/ReferencePipeline$StatefulOp
Event: 5.832 loading class java/util/stream/ReferencePipeline$StatefulOp done
Event: 5.832 loading class java/util/stream/SortedOps$OfRef done
Event: 5.838 loading class java/util/stream/SortedOps$RefSortingSink
Event: 5.839 loading class java/util/stream/SortedOps$AbstractRefSortingSink
Event: 5.839 loading class java/util/stream/SortedOps$AbstractRefSortingSink done
Event: 5.839 loading class java/util/stream/SortedOps$RefSortingSink done
Event: 5.859 loading class java/time/Ser
Event: 5.860 loading class java/time/Ser done
Event: 6.183 loading class jdk/internal/reflect/UnsafeObjectFieldAccessorImpl
Event: 6.184 loading class jdk/internal/reflect/UnsafeObjectFieldAccessorImpl done


Dynamic libraries:
0x00007ff604fb0000 - 0x00007ff604fba000 	E:\AndroidStudio\jbr\bin\java.exe
0x00007ffb1a030000 - 0x00007ffb1a244000 	C:\WINDOWS\SYSTEM32\ntdll.dll
0x00007ffb198e0000 - 0x00007ffb199a4000 	C:\WINDOWS\System32\KERNEL32.DLL
0x00007ffb178e0000 - 0x00007ffb17c84000 	C:\WINDOWS\System32\KERNELBASE.dll
0x00007ffb17500000 - 0x00007ffb17611000 	C:\WINDOWS\System32\ucrtbase.dll
0x00007ffae9330000 - 0x00007ffae9347000 	E:\AndroidStudio\jbr\bin\jli.dll
0x00007ffaebe80000 - 0x00007ffaebe9b000 	E:\AndroidStudio\jbr\bin\VCRUNTIME140.dll
0x00007ffb19cc0000 - 0x00007ffb19e6a000 	C:\WINDOWS\System32\USER32.dll
0x00007ffafc730000 - 0x00007ffafc9bf000 	C:\WINDOWS\WinSxS\amd64_microsoft.windows.common-controls_6595b64144ccf1df_6.0.22621.2070_none_2713e6537381f706\COMCTL32.dll
0x00007ffb17740000 - 0x00007ffb17766000 	C:\WINDOWS\System32\win32u.dll
0x00007ffb187d0000 - 0x00007ffb18877000 	C:\WINDOWS\System32\msvcrt.dll
0x00007ffb194a0000 - 0x00007ffb194c9000 	C:\WINDOWS\System32\GDI32.dll
0x00007ffb17620000 - 0x00007ffb17739000 	C:\WINDOWS\System32\gdi32full.dll
0x00007ffb17c90000 - 0x00007ffb17d2a000 	C:\WINDOWS\System32\msvcp_win.dll
0x00007ffb199b0000 - 0x00007ffb199e1000 	C:\WINDOWS\System32\IMM32.DLL
0x00007ffaf5ea0000 - 0x00007ffaf5eac000 	E:\AndroidStudio\jbr\bin\vcruntime140_1.dll
0x00007ffada0a0000 - 0x00007ffada12d000 	E:\AndroidStudio\jbr\bin\msvcp140.dll
0x00007ffaceb90000 - 0x00007ffacf7fe000 	E:\AndroidStudio\jbr\bin\server\jvm.dll
0x00007ffb19e90000 - 0x00007ffb19f40000 	C:\WINDOWS\System32\ADVAPI32.dll
0x00007ffb19f40000 - 0x00007ffb19fe6000 	C:\WINDOWS\System32\sechost.dll
0x00007ffb188f0000 - 0x00007ffb18a07000 	C:\WINDOWS\System32\RPCRT4.dll
0x00007ffb0df50000 - 0x00007ffb0df84000 	C:\WINDOWS\SYSTEM32\WINMM.dll
0x00007ffb124a0000 - 0x00007ffb124a9000 	C:\WINDOWS\SYSTEM32\WSOCK32.dll
0x00007ffb0fa70000 - 0x00007ffb0fa7a000 	C:\WINDOWS\SYSTEM32\VERSION.dll
0x00007ffb19bf0000 - 0x00007ffb19c61000 	C:\WINDOWS\System32\WS2_32.dll
0x00007ffb16400000 - 0x00007ffb16418000 	C:\WINDOWS\SYSTEM32\kernel.appcore.dll
0x00007ffb0fd10000 - 0x00007ffb0fd1a000 	E:\AndroidStudio\jbr\bin\jimage.dll
0x00007ffb14da0000 - 0x00007ffb14fce000 	C:\WINDOWS\SYSTEM32\DBGHELP.DLL
0x00007ffb19550000 - 0x00007ffb198da000 	C:\WINDOWS\System32\combase.dll
0x00007ffb192c0000 - 0x00007ffb19397000 	C:\WINDOWS\System32\OLEAUT32.dll
0x00007ffb01090000 - 0x00007ffb010c2000 	C:\WINDOWS\SYSTEM32\dbgcore.DLL
0x00007ffb17410000 - 0x00007ffb1748a000 	C:\WINDOWS\System32\bcryptPrimitives.dll
0x00007ffb0f740000 - 0x00007ffb0f765000 	E:\AndroidStudio\jbr\bin\java.dll
0x00007ffb0fcf0000 - 0x00007ffb0fd08000 	E:\AndroidStudio\jbr\bin\zip.dll
0x00007ffb17e80000 - 0x00007ffb18696000 	C:\WINDOWS\System32\SHELL32.dll
0x00007ffb153e0000 - 0x00007ffb15cca000 	C:\WINDOWS\SYSTEM32\windows.storage.dll
0x00007ffb152a0000 - 0x00007ffb153de000 	C:\WINDOWS\SYSTEM32\wintypes.dll
0x00007ffb193a0000 - 0x00007ffb19493000 	C:\WINDOWS\System32\SHCORE.dll
0x00007ffb19b90000 - 0x00007ffb19bee000 	C:\WINDOWS\System32\shlwapi.dll
0x00007ffb17340000 - 0x00007ffb17366000 	C:\WINDOWS\SYSTEM32\profapi.dll
0x00007ffb0f580000 - 0x00007ffb0f599000 	E:\AndroidStudio\jbr\bin\net.dll
0x00007ffb10b60000 - 0x00007ffb10c97000 	C:\WINDOWS\SYSTEM32\WINHTTP.dll
0x00007ffb168d0000 - 0x00007ffb16939000 	C:\WINDOWS\system32\mswsock.dll
0x00007ffaebf90000 - 0x00007ffaebfa6000 	E:\AndroidStudio\jbr\bin\nio.dll
0x00007ffb0f570000 - 0x00007ffb0f580000 	E:\AndroidStudio\jbr\bin\verify.dll
0x00007ffaebfc0000 - 0x00007ffaebfe7000 	C:\Users\86135\.gradle\native\68d5fa5c4cc2d200863cafc0d521ce42e7d3e7ee720ec0a83991735586a16f82\windows-amd64\native-platform.dll
0x00007ffad1470000 - 0x00007ffad15b4000 	C:\Users\86135\.gradle\native\e376f236ea51e6404a007f0833ffe2c6e607c4080706a723a18a27aeea778392\windows-amd64\native-platform-file-events.dll
0x00007ffb0f540000 - 0x00007ffb0f549000 	E:\AndroidStudio\jbr\bin\management.dll
0x00007ffb02b40000 - 0x00007ffb02b4b000 	E:\AndroidStudio\jbr\bin\management_ext.dll
0x00007ffb191f0000 - 0x00007ffb191f8000 	C:\WINDOWS\System32\PSAPI.DLL
0x00007ffb16b20000 - 0x00007ffb16b3b000 	C:\WINDOWS\SYSTEM32\CRYPTSP.dll
0x00007ffb163c0000 - 0x00007ffb163f5000 	C:\WINDOWS\system32\rsaenh.dll
0x00007ffb169c0000 - 0x00007ffb169ec000 	C:\WINDOWS\SYSTEM32\USERENV.dll
0x00007ffb16ce0000 - 0x00007ffb16d08000 	C:\WINDOWS\SYSTEM32\bcrypt.dll
0x00007ffb16b40000 - 0x00007ffb16b4c000 	C:\WINDOWS\SYSTEM32\CRYPTBASE.dll
0x00007ffb15f30000 - 0x00007ffb15f5d000 	C:\WINDOWS\SYSTEM32\IPHLPAPI.DLL
0x00007ffb194d0000 - 0x00007ffb194d9000 	C:\WINDOWS\System32\NSI.dll
0x00007ffb0c120000 - 0x00007ffb0c139000 	C:\WINDOWS\SYSTEM32\dhcpcsvc6.DLL
0x00007ffb0c0e0000 - 0x00007ffb0c0ff000 	C:\WINDOWS\SYSTEM32\dhcpcsvc.DLL
0x00007ffb15fa0000 - 0x00007ffb16093000 	C:\WINDOWS\SYSTEM32\DNSAPI.dll
0x00007ffb00110000 - 0x00007ffb00118000 	C:\WINDOWS\system32\wshunix.dll

dbghelp: loaded successfully - version: 4.0.5 - missing functions: none
symbol engine: initialized successfully - sym options: 0x614 - pdb path: .;E:\AndroidStudio\jbr\bin;C:\WINDOWS\SYSTEM32;C:\WINDOWS\WinSxS\amd64_microsoft.windows.common-controls_6595b64144ccf1df_6.0.22621.2070_none_2713e6537381f706;E:\AndroidStudio\jbr\bin\server;C:\Users\86135\.gradle\native\68d5fa5c4cc2d200863cafc0d521ce42e7d3e7ee720ec0a83991735586a16f82\windows-amd64;C:\Users\86135\.gradle\native\e376f236ea51e6404a007f0833ffe2c6e607c4080706a723a18a27aeea778392\windows-amd64

VM Arguments:
jvm_args: --add-opens=java.base/java.util=ALL-UNNAMED --add-opens=java.base/java.lang=ALL-UNNAMED --add-opens=java.base/java.lang.invoke=ALL-UNNAMED --add-opens=java.prefs/java.util.prefs=ALL-UNNAMED --add-opens=java.base/java.nio.charset=ALL-UNNAMED --add-opens=java.base/java.net=ALL-UNNAMED --add-opens=java.base/java.util.concurrent.atomic=ALL-UNNAMED -Xmx2048m -Dfile.encoding=UTF-8 -Duser.country=CN -Duser.language=zh -Duser.variant 
java_command: org.gradle.launcher.daemon.bootstrap.GradleDaemon 8.0
java_class_path (initial): C:\Users\86135\.gradle\wrapper\dists\gradle-8.0-bin\ca5e32bp14vu59qr306oxotwh\gradle-8.0\lib\gradle-launcher-8.0.jar
Launcher Type: SUN_STANDARD

[Global flags]
     intx CICompilerCount                          = 4                                         {product} {ergonomic}
     uint ConcGCThreads                            = 2                                         {product} {ergonomic}
     uint G1ConcRefinementThreads                  = 8                                         {product} {ergonomic}
   size_t G1HeapRegionSize                         = 1048576                                   {product} {ergonomic}
    uintx GCDrainStackTargetSize                   = 64                                        {product} {ergonomic}
   size_t InitialHeapSize                          = 264241152                                 {product} {ergonomic}
   size_t MarkStackSize                            = 4194304                                   {product} {ergonomic}
   size_t MaxHeapSize                              = 2147483648                                {product} {command line}
   size_t MaxNewSize                               = 1287651328                                {product} {ergonomic}
   size_t MinHeapDeltaBytes                        = 1048576                                   {product} {ergonomic}
   size_t MinHeapSize                              = 8388608                                   {product} {ergonomic}
    uintx NonNMethodCodeHeapSize                   = 5839372                                {pd product} {ergonomic}
    uintx NonProfiledCodeHeapSize                  = 122909434                              {pd product} {ergonomic}
    uintx ProfiledCodeHeapSize                     = 122909434                              {pd product} {ergonomic}
    uintx ReservedCodeCacheSize                    = 251658240                              {pd product} {ergonomic}
     bool SegmentedCodeCache                       = true                                      {product} {ergonomic}
   size_t SoftMaxHeapSize                          = 2147483648                             {manageable} {ergonomic}
     bool UseCompressedClassPointers               = true                           {product lp64_product} {ergonomic}
     bool UseCompressedOops                        = true                           {product lp64_product} {ergonomic}
     bool UseG1GC                                  = true                                      {product} {ergonomic}
     bool UseLargePagesIndividualAllocation        = false                                  {pd product} {ergonomic}

Logging:
Log output configuration:
 #0: stdout all=warning uptime,level,tags
 #1: stderr all=off uptime,level,tags

Environment Variables:
JAVA_HOME=C:\Download\jdk-20_windows-x64_bin\jdk-20.0.2
CLASSPATH=.;%JAVAHOME%\lib;%JAVAHOME%\lib\tools.jar
PATH=C:\Program Files (x86)\Common Files\Intel\Shared Libraries\redist\intel64\compiler;C:\Program Files\PlasticSCM5\server;C:\Program Files\PlasticSCM5\client;C:\WINDOWS\system32;C:\WINDOWS;C:\WINDOWS\System32\Wbem;C:\WINDOWS\System32\WindowsPowerShell\v1.0\;C:\WINDOWS\System32\OpenSSH\;C:\Program Files\dotnet\;C:\Program Files\Common Files\Autodesk Shared\;C:\Program Files (x86)\Autodesk\Backburner\;C:\Program Files\MySQL\MySQL Server 5.7\bin;C:\Download\jdk-20_windows-x64_bin\jdk-20.0.2\bin;C:\Download\jdk-20_windows-x64_bin\jdk-20.0.2\jre\bin;C:\Program Files\Git\cmd;C:\Program Files\PlasticSCM5\server;C:\Program Files\PlasticSCM5\client;C:\Windows\system32;C:\Windows;C:\Windows\System32\Wbem;C:\Windows\System32\WindowsPowerShell\v1.0\;C:\Windows\System32\OpenSSH\;C:\Program Files\dotnet\;C:\Program Files\Git\cmd;C:\Users\86135\AppData\Local\Microsoft\WindowsApps;C:\Users\86135\AppData\Local\Yarn\bin;C:\Users\86135\AppData\Local\Microsoft\WindowsApps;C:\Users\86135\.dotnet\tools
USERNAME=86135
OS=Windows_NT
PROCESSOR_IDENTIFIER=Intel64 Family 6 Model 140 Stepping 1, GenuineIntel
TMP=C:\Users\86135\AppData\Local\Temp
TEMP=C:\Users\86135\AppData\Local\Temp


JNI global refs:
JNI global refs: 27, weak refs: 0

JNI global refs memory usage: 843, weak refs: 841


---------------  S Y S T E M  ---------------

OS:
 Windows 11 , 64 bit Build 22621 (10.0.22621.2070)
OS uptime: 0 days 4:10 hours

CPU: total 8 (initial active 8) (4 cores per cpu, 2 threads per core) family 6 model 140 stepping 1 microcode 0xac, cx8, cmov, fxsr, ht, mmx, 3dnowpref, sse, sse2, sse3, ssse3, sse4.1, sse4.2, popcnt, lzcnt, tsc, tscinvbit, avx, avx2, aes, erms, clmul, bmi1, bmi2, adx, avx512f, avx512dq, avx512cd, avx512bw, avx512vl, sha, fma, vzeroupper, avx512_vpopcntdq, avx512_vpclmulqdq, avx512_vaes, avx512_vnni, clflush, clflushopt, clwb, avx512_vbmi2, avx512_vbmi

Memory: 4k page, system-wide physical 16106M (332M free)
TotalPageFile size 16106M (AvailPageFile size 3M)
current process WorkingSet (physical memory assigned to process): 245M, peak: 246M
current process commit charge ("private bytes"): 298M, peak: 391M

vm_info: OpenJDK 64-Bit Server VM (17.0.6+0-b2043.56-10027231) for windows-amd64 JRE (17.0.6+0-b2043.56-10027231), built on Apr 28 2023 00:43:19 by "androidbuild" with MS VC++ 16.10 / 16.11 (VS2019)

END.
