#
# There is insufficient memory for the Java Runtime Environment to continue.
# Native memory allocation (malloc) failed to allocate 2348016 bytes for Chunk::new
# Possible reasons:
#   The system is out of physical RAM or swap space
#   The process is running with CompressedOops enabled, and the Java Heap may be blocking the growth of the native heap
# Possible solutions:
#   Reduce memory load on the system
#   Increase physical memory or swap space
#   Check if swap backing store is full
#   Decrease Java heap size (-Xmx/-Xms)
#   Decrease number of Java threads
#   Decrease Java thread stack sizes (-Xss)
#   Set larger code cache with -XX:ReservedCodeCacheSize=
#   JVM is running with Unscaled Compressed Oops mode in which the Java heap is
#     placed in the first 4GB address space. The Java Heap base address is the
#     maximum limit for the native heap growth. Please use -XX:HeapBaseMinAddress
#     to set the Java Heap base and to place the Java Heap above 4GB virtual address.
# This output file may be truncated or incomplete.
#
#  Out of Memory Error (arena.cpp:189), pid=16456, tid=4680
#
# JRE version: OpenJDK Runtime Environment (17.0.6) (build 17.0.6+0-b2043.56-10027231)
# Java VM: OpenJDK 64-Bit Server VM (17.0.6+0-b2043.56-10027231, mixed mode, tiered, compressed oops, compressed class ptrs, g1 gc, windows-amd64)
# No core dump will be written. Minidumps are not enabled by default on client versions of Windows
#

---------------  S U M M A R Y ------------

Command Line: --add-opens=java.base/java.util=ALL-UNNAMED --add-opens=java.base/java.lang=ALL-UNNAMED --add-opens=java.base/java.lang.invoke=ALL-UNNAMED --add-opens=java.prefs/java.util.prefs=ALL-UNNAMED --add-opens=java.base/java.nio.charset=ALL-UNNAMED --add-opens=java.base/java.net=ALL-UNNAMED --add-opens=java.base/java.util.concurrent.atomic=ALL-UNNAMED -Xmx2048m -Dfile.encoding=UTF-8 -Duser.country=CN -Duser.language=zh -Duser.variant org.gradle.launcher.daemon.bootstrap.GradleDaemon 8.0

Host: 11th Gen Intel(R) Core(TM) i5-1135G7 @ 2.40GHz, 8 cores, 15G,  Windows 11 , 64 bit Build 22621 (10.0.22621.2070)
Time: Sat Oct 28 18:50:32 2023  Windows 11 , 64 bit Build 22621 (10.0.22621.2070) elapsed time: 10.754647 seconds (0d 0h 0m 10s)

---------------  T H R E A D  ---------------

Current thread (0x00000211cc04e570):  JavaThread "C2 CompilerThread1" daemon [_thread_in_native, id=4680, stack(0x00000046f5000000,0x00000046f5100000)]


Current CompileTask:
C2:  10754 11380   !   4       com.sun.tools.javac.jvm.ClassReader::classSigToType (497 bytes)

Stack: [0x00000046f5000000,0x00000046f5100000]
Native frames: (J=compiled Java code, j=interpreted, Vv=VM code, C=native code)
V  [jvm.dll+0x683c9a]
V  [jvm.dll+0x8427a4]
V  [jvm.dll+0x843f9e]
V  [jvm.dll+0x844603]
V  [jvm.dll+0x249b75]
V  [jvm.dll+0xabcac]
V  [jvm.dll+0xac27c]
V  [jvm.dll+0x368802]
V  [jvm.dll+0x332f31]
V  [jvm.dll+0x3323da]
V  [jvm.dll+0x21c201]
V  [jvm.dll+0x21b621]
V  [jvm.dll+0x1a4fdd]
V  [jvm.dll+0x22b098]
V  [jvm.dll+0x229159]
V  [jvm.dll+0x7f81ec]
V  [jvm.dll+0x7f274a]
V  [jvm.dll+0x682ad5]
C  [ucrtbase.dll+0x29363]
C  [KERNEL32.DLL+0x126ad]
C  [ntdll.dll+0x5aa68]


---------------  P R O C E S S  ---------------

Threads class SMR info:
_java_thread_list=0x00000211cedfeae0, length=145, elements={
0x00000211ab9db840, 0x00000211c805c250, 0x00000211c805d410, 0x00000211c80a55c0,
0x00000211c80a5e80, 0x00000211c80a6a30, 0x00000211c80a93f0, 0x00000211c80aa180,
0x00000211c80aae30, 0x00000211c80b2660, 0x00000211c822def0, 0x00000211c822f3d0,
0x00000211ca869d80, 0x00000211cb801520, 0x00000211cb4e8870, 0x00000211ca9449e0,
0x00000211c9a4f3c0, 0x00000211c99b5590, 0x00000211c9973980, 0x00000211ca9ce6e0,
0x00000211c98ad440, 0x00000211c98abc30, 0x00000211c98ac100, 0x00000211c98ac5d0,
0x00000211c98acf70, 0x00000211c98acaa0, 0x00000211c98ad910, 0x00000211c98ae2b0,
0x00000211c98ae780, 0x00000211c98af5f0, 0x00000211c98af120, 0x00000211c98adde0,
0x00000211c98aec50, 0x00000211ce9566b0, 0x00000211ce9596d0, 0x00000211ce955370,
0x00000211ce952350, 0x00000211ce955840, 0x00000211ce958860, 0x00000211ce957ec0,
0x00000211ce952820, 0x00000211ce957520, 0x00000211ce958d30, 0x00000211ce953690,
0x00000211ce954030, 0x00000211ce958390, 0x00000211ce959200, 0x00000211ce9549d0,
0x00000211ce959ba0, 0x00000211ce9531c0, 0x00000211ce953b60, 0x00000211ce954500,
0x00000211ce955d10, 0x00000211ce9579f0, 0x00000211ce9561e0, 0x00000211ce956b80,
0x00000211ce957050, 0x00000211cdae5df0, 0x00000211cdaea620, 0x00000211cdae62c0,
0x00000211cdae6790, 0x00000211cdaeaaf0, 0x00000211cdae8e10, 0x00000211cdaeb490,
0x00000211cdae6c60, 0x00000211cdae7130, 0x00000211cdae5450, 0x00000211cdae7ad0,
0x00000211cdaeafc0, 0x00000211cdae7600, 0x00000211cdae7fa0, 0x00000211cdae3c40,
0x00000211cdae5920, 0x00000211cdae8470, 0x00000211cdae8940, 0x00000211cdae92e0,
0x00000211cdae97b0, 0x00000211cdae9c80, 0x00000211cdae4f80, 0x00000211cdaea150,
0x00000211cdae4110, 0x00000211cdae45e0, 0x00000211cdae4ab0, 0x00000211cf5b1600,
0x00000211cf5adc40, 0x00000211cf5b2e10, 0x00000211cf5b1130, 0x00000211cf5b0790,
0x00000211cf5ab5c0, 0x00000211cf5acdd0, 0x00000211cf5ac900, 0x00000211cf5ae110,
0x00000211cf5b2940, 0x00000211cf5ad2a0, 0x00000211cf5aba90, 0x00000211cf5b02c0,
0x00000211cf5abf60, 0x00000211cf5b2470, 0x00000211cf5ae5e0, 0x00000211cf5b0c60,
0x00000211cf5b1ad0, 0x00000211cf5b1fa0, 0x00000211cf5af450, 0x00000211cf5ad770,
0x00000211cf5ac430, 0x00000211cf5aeab0, 0x00000211cf5afdf0, 0x00000211cf5aef80,
0x00000211cf5af920, 0x00000211ced0f900, 0x00000211ced10770, 0x00000211ced0d750,
0x00000211ced10c40, 0x00000211ced0f430, 0x00000211ced0c410, 0x00000211ced0dc20,
0x00000211ced0c8e0, 0x00000211ced102a0, 0x00000211ced0b5a0, 0x00000211ced11110,
0x00000211ced0e5c0, 0x00000211ced0e0f0, 0x00000211ced0a730, 0x00000211ced115e0,
0x00000211ced0ac00, 0x00000211ced0cdb0, 0x00000211cc04e570, 0x00000211ced0ef60,
0x00000211ced11ab0, 0x00000211ced0a260, 0x00000211ced0b0d0, 0x00000211ced0ba70,
0x00000211cd7317d0, 0x00000211cd732170, 0x00000211cd72f620, 0x00000211cd72e2e0,
0x00000211cd72c130, 0x00000211cd732640, 0x00000211cd72faf0, 0x00000211cc1a7a60,
0x00000211cc1a7590, 0x00000211cc1a6250, 0x00000211cc1a6720, 0x00000211cdcd57e0,
0x00000211cdcd5cb0
}

Java Threads: ( => current thread )
  0x00000211ab9db840 JavaThread "main" [_thread_blocked, id=7440, stack(0x00000046f3d00000,0x00000046f3e00000)]
  0x00000211c805c250 JavaThread "Reference Handler" daemon [_thread_blocked, id=11712, stack(0x00000046f4400000,0x00000046f4500000)]
  0x00000211c805d410 JavaThread "Finalizer" daemon [_thread_blocked, id=11548, stack(0x00000046f4500000,0x00000046f4600000)]
  0x00000211c80a55c0 JavaThread "Signal Dispatcher" daemon [_thread_blocked, id=16112, stack(0x00000046f4600000,0x00000046f4700000)]
  0x00000211c80a5e80 JavaThread "Attach Listener" daemon [_thread_blocked, id=10652, stack(0x00000046f4700000,0x00000046f4800000)]
  0x00000211c80a6a30 JavaThread "Service Thread" daemon [_thread_blocked, id=16368, stack(0x00000046f4800000,0x00000046f4900000)]
  0x00000211c80a93f0 JavaThread "Monitor Deflation Thread" daemon [_thread_blocked, id=4904, stack(0x00000046f4900000,0x00000046f4a00000)]
  0x00000211c80aa180 JavaThread "C2 CompilerThread0" daemon [_thread_in_native, id=12024, stack(0x00000046f4a00000,0x00000046f4b00000)]
  0x00000211c80aae30 JavaThread "C1 CompilerThread0" daemon [_thread_blocked, id=17528, stack(0x00000046f4b00000,0x00000046f4c00000)]
  0x00000211c80b2660 JavaThread "Sweeper thread" daemon [_thread_blocked, id=15776, stack(0x00000046f4c00000,0x00000046f4d00000)]
  0x00000211c822def0 JavaThread "Common-Cleaner" daemon [_thread_blocked, id=1576, stack(0x00000046f4d00000,0x00000046f4e00000)]
  0x00000211c822f3d0 JavaThread "Notification Thread" daemon [_thread_blocked, id=13196, stack(0x00000046f4e00000,0x00000046f4f00000)]
  0x00000211ca869d80 JavaThread "Daemon health stats" [_thread_blocked, id=6336, stack(0x00000046f5700000,0x00000046f5800000)]
  0x00000211cb801520 JavaThread "Incoming local TCP Connector on port 8700" [_thread_in_native, id=4092, stack(0x00000046f5800000,0x00000046f5900000)]
  0x00000211cb4e8870 JavaThread "Daemon periodic checks" [_thread_blocked, id=892, stack(0x00000046f5900000,0x00000046f5a00000)]
  0x00000211ca9449e0 JavaThread "Daemon" [_thread_blocked, id=18096, stack(0x00000046f5a00000,0x00000046f5b00000)]
  0x00000211c9a4f3c0 JavaThread "Handler for socket connection from /127.0.0.1:8700 to /127.0.0.1:8701" [_thread_in_native, id=15112, stack(0x00000046f5b00000,0x00000046f5c00000)]
  0x00000211c99b5590 JavaThread "Cancel handler" [_thread_blocked, id=17680, stack(0x00000046f5c00000,0x00000046f5d00000)]
  0x00000211c9973980 JavaThread "Daemon worker" [_thread_blocked, id=460, stack(0x00000046f5d00000,0x00000046f5e00000)]
  0x00000211ca9ce6e0 JavaThread "Asynchronous log dispatcher for DefaultDaemonConnection: socket connection from /127.0.0.1:8700 to /127.0.0.1:8701" [_thread_blocked, id=12128, stack(0x00000046f5e00000,0x00000046f5f00000)]
  0x00000211c98ad440 JavaThread "Stdin handler" [_thread_blocked, id=10068, stack(0x00000046f5f00000,0x00000046f6000000)]
  0x00000211c98abc30 JavaThread "Daemon client event forwarder" [_thread_blocked, id=17484, stack(0x00000046f6000000,0x00000046f6100000)]
  0x00000211c98ac100 JavaThread "Cache worker for journal cache (C:\Users\86135\.gradle\caches\journal-1)" [_thread_blocked, id=12640, stack(0x00000046f6400000,0x00000046f6500000)]
  0x00000211c98ac5d0 JavaThread "File lock request listener" [_thread_in_native, id=13628, stack(0x00000046f6500000,0x00000046f6600000)]
  0x00000211c98acf70 JavaThread "Cache worker for file hash cache (C:\Users\86135\.gradle\caches\8.0\fileHashes)" [_thread_blocked, id=8652, stack(0x00000046f6600000,0x00000046f6700000)]
  0x00000211c98acaa0 JavaThread "File watcher server" daemon [_thread_in_native, id=3372, stack(0x00000046f6700000,0x00000046f6800000)]
  0x00000211c98ad910 JavaThread "File watcher consumer" daemon [_thread_blocked, id=5752, stack(0x00000046f6800000,0x00000046f6900000)]
  0x00000211c98ae2b0 JavaThread "Cache worker for checksums cache (C:\Users\86135\AndroidStudioProjects\bob\.gradle\8.0\checksums)" [_thread_blocked, id=10604, stack(0x00000046f6900000,0x00000046f6a00000)]
  0x00000211c98ae780 JavaThread "Cache worker for cache directory md-rule (C:\Users\86135\.gradle\caches\8.0\md-rule)" [_thread_blocked, id=10868, stack(0x00000046f6a00000,0x00000046f6b00000)]
  0x00000211c98af5f0 JavaThread "Cache worker for file content cache (C:\Users\86135\.gradle\caches\8.0\fileContent)" [_thread_blocked, id=17116, stack(0x00000046f6b00000,0x00000046f6c00000)]
  0x00000211c98af120 JavaThread "Cache worker for file hash cache (C:\Users\86135\AndroidStudioProjects\bob\.gradle\8.0\fileHashes)" [_thread_blocked, id=11912, stack(0x00000046f6c00000,0x00000046f6d00000)]
  0x00000211c98adde0 JavaThread "Cache worker for cache directory md-supplier (C:\Users\86135\.gradle\caches\8.0\md-supplier)" [_thread_blocked, id=7764, stack(0x00000046f6d00000,0x00000046f6e00000)]
  0x00000211c98aec50 JavaThread "Cache worker for execution history cache (C:\Users\86135\.gradle\caches\8.0\executionHistory)" [_thread_blocked, id=18416, stack(0x00000046f6e00000,0x00000046f6f00000)]
  0x00000211ce9566b0 JavaThread "jar transforms" [_thread_blocked, id=17624, stack(0x00000046f6f00000,0x00000046f7000000)]
  0x00000211ce9596d0 JavaThread "jar transforms Thread 2" [_thread_blocked, id=3340, stack(0x00000046f7000000,0x00000046f7100000)]
  0x00000211ce955370 JavaThread "Cache worker for kotlin-dsl (C:\Users\86135\.gradle\caches\8.0\kotlin-dsl)" [_thread_blocked, id=10992, stack(0x00000046f7100000,0x00000046f7200000)]
  0x00000211ce952350 JavaThread "jar transforms Thread 3" [_thread_blocked, id=7768, stack(0x00000046f7200000,0x00000046f7300000)]
  0x00000211ce955840 JavaThread "jar transforms Thread 4" [_thread_blocked, id=15476, stack(0x00000046f7300000,0x00000046f7400000)]
  0x00000211ce958860 JavaThread "Cache worker for dependencies-accessors (C:\Users\86135\AndroidStudioProjects\bob\.gradle\8.0\dependencies-accessors)" [_thread_blocked, id=16612, stack(0x00000046f7400000,0x00000046f7500000)]
  0x00000211ce957ec0 JavaThread "Cache worker for Build Output Cleanup Cache (C:\Users\86135\AndroidStudioProjects\bob\.gradle\buildOutputCleanup)" [_thread_blocked, id=7360, stack(0x00000046f7500000,0x00000046f7600000)]
  0x00000211ce952820 JavaThread "jar transforms Thread 5" [_thread_blocked, id=2320, stack(0x00000046f7600000,0x00000046f7700000)]
  0x00000211ce957520 JavaThread "Unconstrained build operations" [_thread_blocked, id=12088, stack(0x00000046f7700000,0x00000046f7800000)]
  0x00000211ce958d30 JavaThread "Unconstrained build operations Thread 2" [_thread_blocked, id=3984, stack(0x00000046f7800000,0x00000046f7900000)]
  0x00000211ce953690 JavaThread "Unconstrained build operations Thread 3" [_thread_blocked, id=11744, stack(0x00000046f7900000,0x00000046f7a00000)]
  0x00000211ce954030 JavaThread "Unconstrained build operations Thread 4" [_thread_blocked, id=16928, stack(0x00000046f7a00000,0x00000046f7b00000)]
  0x00000211ce958390 JavaThread "Unconstrained build operations Thread 5" [_thread_blocked, id=9540, stack(0x00000046f7b00000,0x00000046f7c00000)]
  0x00000211ce959200 JavaThread "Unconstrained build operations Thread 6" [_thread_blocked, id=16808, stack(0x00000046f7c00000,0x00000046f7d00000)]
  0x00000211ce9549d0 JavaThread "Unconstrained build operations Thread 7" [_thread_blocked, id=12852, stack(0x00000046f7d00000,0x00000046f7e00000)]
  0x00000211ce959ba0 JavaThread "Unconstrained build operations Thread 8" [_thread_blocked, id=15928, stack(0x00000046f7e00000,0x00000046f7f00000)]
  0x00000211ce9531c0 JavaThread "Unconstrained build operations Thread 9" [_thread_blocked, id=12188, stack(0x00000046f7f00000,0x00000046f8000000)]
  0x00000211ce953b60 JavaThread "Unconstrained build operations Thread 10" [_thread_blocked, id=15300, stack(0x00000046f8000000,0x00000046f8100000)]
  0x00000211ce954500 JavaThread "Unconstrained build operations Thread 11" [_thread_blocked, id=12736, stack(0x00000046f8100000,0x00000046f8200000)]
  0x00000211ce955d10 JavaThread "Unconstrained build operations Thread 12" [_thread_blocked, id=12076, stack(0x00000046f8200000,0x00000046f8300000)]
  0x00000211ce9579f0 JavaThread "Unconstrained build operations Thread 13" [_thread_blocked, id=16216, stack(0x00000046f8300000,0x00000046f8400000)]
  0x00000211ce9561e0 JavaThread "Unconstrained build operations Thread 14" [_thread_blocked, id=11092, stack(0x00000046f8400000,0x00000046f8500000)]
  0x00000211ce956b80 JavaThread "Unconstrained build operations Thread 15" [_thread_blocked, id=18036, stack(0x00000046f8500000,0x00000046f8600000)]
  0x00000211ce957050 JavaThread "Unconstrained build operations Thread 16" [_thread_blocked, id=2636, stack(0x00000046f8600000,0x00000046f8700000)]
  0x00000211cdae5df0 JavaThread "Unconstrained build operations Thread 17" [_thread_blocked, id=17232, stack(0x00000046f8700000,0x00000046f8800000)]
  0x00000211cdaea620 JavaThread "Unconstrained build operations Thread 18" [_thread_blocked, id=768, stack(0x00000046f8800000,0x00000046f8900000)]
  0x00000211cdae62c0 JavaThread "Unconstrained build operations Thread 19" [_thread_blocked, id=5340, stack(0x00000046f8900000,0x00000046f8a00000)]
  0x00000211cdae6790 JavaThread "Unconstrained build operations Thread 20" [_thread_blocked, id=15276, stack(0x00000046f8a00000,0x00000046f8b00000)]
  0x00000211cdaeaaf0 JavaThread "Unconstrained build operations Thread 21" [_thread_blocked, id=6580, stack(0x00000046f8b00000,0x00000046f8c00000)]
  0x00000211cdae8e10 JavaThread "Unconstrained build operations Thread 22" [_thread_blocked, id=2228, stack(0x00000046f8c00000,0x00000046f8d00000)]
  0x00000211cdaeb490 JavaThread "Unconstrained build operations Thread 23" [_thread_blocked, id=2848, stack(0x00000046f8d00000,0x00000046f8e00000)]
  0x00000211cdae6c60 JavaThread "Unconstrained build operations Thread 24" [_thread_blocked, id=17092, stack(0x00000046f8e00000,0x00000046f8f00000)]
  0x00000211cdae7130 JavaThread "Unconstrained build operations Thread 25" [_thread_blocked, id=15212, stack(0x00000046f8f00000,0x00000046f9000000)]
  0x00000211cdae5450 JavaThread "Unconstrained build operations Thread 26" [_thread_blocked, id=11756, stack(0x00000046f9000000,0x00000046f9100000)]
  0x00000211cdae7ad0 JavaThread "Unconstrained build operations Thread 27" [_thread_blocked, id=15076, stack(0x00000046f9100000,0x00000046f9200000)]
  0x00000211cdaeafc0 JavaThread "Unconstrained build operations Thread 28" [_thread_blocked, id=4484, stack(0x00000046f9200000,0x00000046f9300000)]
  0x00000211cdae7600 JavaThread "Unconstrained build operations Thread 29" [_thread_blocked, id=9220, stack(0x00000046f9300000,0x00000046f9400000)]
  0x00000211cdae7fa0 JavaThread "Unconstrained build operations Thread 30" [_thread_blocked, id=16128, stack(0x00000046f9400000,0x00000046f9500000)]
  0x00000211cdae3c40 JavaThread "Unconstrained build operations Thread 31" [_thread_blocked, id=16188, stack(0x00000046f9500000,0x00000046f9600000)]
  0x00000211cdae5920 JavaThread "Unconstrained build operations Thread 32" [_thread_blocked, id=12372, stack(0x00000046f9600000,0x00000046f9700000)]
  0x00000211cdae8470 JavaThread "Unconstrained build operations Thread 33" [_thread_blocked, id=15316, stack(0x00000046f9700000,0x00000046f9800000)]
  0x00000211cdae8940 JavaThread "Unconstrained build operations Thread 34" [_thread_blocked, id=6064, stack(0x00000046f9800000,0x00000046f9900000)]
  0x00000211cdae92e0 JavaThread "Unconstrained build operations Thread 35" [_thread_blocked, id=14832, stack(0x00000046f9900000,0x00000046f9a00000)]
  0x00000211cdae97b0 JavaThread "Unconstrained build operations Thread 36" [_thread_blocked, id=15592, stack(0x00000046f9a00000,0x00000046f9b00000)]
  0x00000211cdae9c80 JavaThread "Unconstrained build operations Thread 37" [_thread_blocked, id=1552, stack(0x00000046f9b00000,0x00000046f9c00000)]
  0x00000211cdae4f80 JavaThread "Unconstrained build operations Thread 38" [_thread_blocked, id=13672, stack(0x00000046f9c00000,0x00000046f9d00000)]
  0x00000211cdaea150 JavaThread "Unconstrained build operations Thread 39" [_thread_blocked, id=5220, stack(0x00000046f9d00000,0x00000046f9e00000)]
  0x00000211cdae4110 JavaThread "Unconstrained build operations Thread 40" [_thread_blocked, id=2372, stack(0x00000046f9e00000,0x00000046f9f00000)]
  0x00000211cdae45e0 JavaThread "Unconstrained build operations Thread 41" [_thread_blocked, id=1572, stack(0x00000046f9f00000,0x00000046fa000000)]
  0x00000211cdae4ab0 JavaThread "Unconstrained build operations Thread 42" [_thread_blocked, id=3936, stack(0x00000046fa000000,0x00000046fa100000)]
  0x00000211cf5b1600 JavaThread "Unconstrained build operations Thread 43" [_thread_blocked, id=13588, stack(0x00000046fa100000,0x00000046fa200000)]
  0x00000211cf5adc40 JavaThread "Unconstrained build operations Thread 44" [_thread_blocked, id=12284, stack(0x00000046fa200000,0x00000046fa300000)]
  0x00000211cf5b2e10 JavaThread "Unconstrained build operations Thread 45" [_thread_blocked, id=6700, stack(0x00000046fa300000,0x00000046fa400000)]
  0x00000211cf5b1130 JavaThread "Unconstrained build operations Thread 46" [_thread_blocked, id=5876, stack(0x00000046fa400000,0x00000046fa500000)]
  0x00000211cf5b0790 JavaThread "Unconstrained build operations Thread 47" [_thread_blocked, id=4332, stack(0x00000046fa500000,0x00000046fa600000)]
  0x00000211cf5ab5c0 JavaThread "Unconstrained build operations Thread 48" [_thread_blocked, id=17128, stack(0x00000046fa600000,0x00000046fa700000)]
  0x00000211cf5acdd0 JavaThread "Unconstrained build operations Thread 49" [_thread_blocked, id=14276, stack(0x00000046fa700000,0x00000046fa800000)]
  0x00000211cf5ac900 JavaThread "Unconstrained build operations Thread 50" [_thread_blocked, id=5620, stack(0x00000046fa800000,0x00000046fa900000)]
  0x00000211cf5ae110 JavaThread "Unconstrained build operations Thread 51" [_thread_blocked, id=7548, stack(0x00000046fa900000,0x00000046faa00000)]
  0x00000211cf5b2940 JavaThread "Unconstrained build operations Thread 52" [_thread_blocked, id=2096, stack(0x00000046faa00000,0x00000046fab00000)]
  0x00000211cf5ad2a0 JavaThread "Unconstrained build operations Thread 53" [_thread_blocked, id=6108, stack(0x00000046fab00000,0x00000046fac00000)]
  0x00000211cf5aba90 JavaThread "Unconstrained build operations Thread 54" [_thread_blocked, id=4244, stack(0x00000046fac00000,0x00000046fad00000)]
  0x00000211cf5b02c0 JavaThread "Unconstrained build operations Thread 55" [_thread_blocked, id=584, stack(0x00000046fad00000,0x00000046fae00000)]
  0x00000211cf5abf60 JavaThread "Unconstrained build operations Thread 56" [_thread_blocked, id=7108, stack(0x00000046fae00000,0x00000046faf00000)]
  0x00000211cf5b2470 JavaThread "Unconstrained build operations Thread 57" [_thread_blocked, id=988, stack(0x00000046faf00000,0x00000046fb000000)]
  0x00000211cf5ae5e0 JavaThread "Unconstrained build operations Thread 58" [_thread_blocked, id=3548, stack(0x00000046fb000000,0x00000046fb100000)]
  0x00000211cf5b0c60 JavaThread "Unconstrained build operations Thread 59" [_thread_blocked, id=9448, stack(0x00000046fb100000,0x00000046fb200000)]
  0x00000211cf5b1ad0 JavaThread "Unconstrained build operations Thread 60" [_thread_blocked, id=3036, stack(0x00000046fb200000,0x00000046fb300000)]
  0x00000211cf5b1fa0 JavaThread "Unconstrained build operations Thread 61" [_thread_blocked, id=16932, stack(0x00000046fb300000,0x00000046fb400000)]
  0x00000211cf5af450 JavaThread "Unconstrained build operations Thread 62" [_thread_blocked, id=8496, stack(0x00000046fb400000,0x00000046fb500000)]
  0x00000211cf5ad770 JavaThread "Unconstrained build operations Thread 63" [_thread_blocked, id=10708, stack(0x00000046fb500000,0x00000046fb600000)]
  0x00000211cf5ac430 JavaThread "Unconstrained build operations Thread 64" [_thread_blocked, id=1260, stack(0x00000046fb600000,0x00000046fb700000)]
  0x00000211cf5aeab0 JavaThread "Unconstrained build operations Thread 65" [_thread_blocked, id=17192, stack(0x00000046fb700000,0x00000046fb800000)]
  0x00000211cf5afdf0 JavaThread "Unconstrained build operations Thread 66" [_thread_blocked, id=12500, stack(0x00000046fb800000,0x00000046fb900000)]
  0x00000211cf5aef80 JavaThread "Unconstrained build operations Thread 67" [_thread_blocked, id=336, stack(0x00000046fb900000,0x00000046fba00000)]
  0x00000211cf5af920 JavaThread "Unconstrained build operations Thread 68" [_thread_blocked, id=2524, stack(0x00000046fba00000,0x00000046fbb00000)]
  0x00000211ced0f900 JavaThread "Unconstrained build operations Thread 69" [_thread_blocked, id=11224, stack(0x00000046fbb00000,0x00000046fbc00000)]
  0x00000211ced10770 JavaThread "Unconstrained build operations Thread 70" [_thread_blocked, id=9028, stack(0x00000046fbc00000,0x00000046fbd00000)]
  0x00000211ced0d750 JavaThread "Unconstrained build operations Thread 71" [_thread_blocked, id=1320, stack(0x00000046fbd00000,0x00000046fbe00000)]
  0x00000211ced10c40 JavaThread "Unconstrained build operations Thread 72" [_thread_blocked, id=8984, stack(0x00000046fbe00000,0x00000046fbf00000)]
  0x00000211ced0f430 JavaThread "Unconstrained build operations Thread 73" [_thread_blocked, id=6520, stack(0x00000046fbf00000,0x00000046fc000000)]
  0x00000211ced0c410 JavaThread "Unconstrained build operations Thread 74" [_thread_blocked, id=2788, stack(0x00000046fc000000,0x00000046fc100000)]
  0x00000211ced0dc20 JavaThread "Unconstrained build operations Thread 75" [_thread_blocked, id=10128, stack(0x00000046fc100000,0x00000046fc200000)]
  0x00000211ced0c8e0 JavaThread "Unconstrained build operations Thread 76" [_thread_blocked, id=9844, stack(0x00000046fc200000,0x00000046fc300000)]
  0x00000211ced102a0 JavaThread "Unconstrained build operations Thread 77" [_thread_blocked, id=9572, stack(0x00000046fc300000,0x00000046fc400000)]
  0x00000211ced0b5a0 JavaThread "Unconstrained build operations Thread 78" [_thread_blocked, id=15780, stack(0x00000046fc400000,0x00000046fc500000)]
  0x00000211ced11110 JavaThread "Unconstrained build operations Thread 79" [_thread_blocked, id=14532, stack(0x00000046fc500000,0x00000046fc600000)]
  0x00000211ced0e5c0 JavaThread "Unconstrained build operations Thread 80" [_thread_blocked, id=7940, stack(0x00000046fc600000,0x00000046fc700000)]
  0x00000211ced0e0f0 JavaThread "jar transforms Thread 6" [_thread_blocked, id=11456, stack(0x00000046fc700000,0x00000046fc800000)]
  0x00000211ced0a730 JavaThread "jar transforms Thread 7" [_thread_blocked, id=10696, stack(0x00000046fc800000,0x00000046fc900000)]
  0x00000211ced115e0 JavaThread "jar transforms Thread 8" [_thread_blocked, id=15956, stack(0x00000046fc900000,0x00000046fca00000)]
  0x00000211ced0ac00 JavaThread "build event listener" [_thread_blocked, id=9764, stack(0x00000046fca00000,0x00000046fcb00000)]
  0x00000211ced0cdb0 JavaThread "Memory manager" [_thread_blocked, id=1832, stack(0x00000046fcb00000,0x00000046fcc00000)]
=>0x00000211cc04e570 JavaThread "C2 CompilerThread1" daemon [_thread_in_native, id=4680, stack(0x00000046f5000000,0x00000046f5100000)]
  0x00000211ced0ef60 JavaThread "included builds" [_thread_blocked, id=3664, stack(0x00000046f5100000,0x00000046f5200000)]
  0x00000211ced11ab0 JavaThread "Execution worker" [_thread_blocked, id=12040, stack(0x00000046fcc00000,0x00000046fcd00000)]
  0x00000211ced0a260 JavaThread "Execution worker Thread 2" [_thread_blocked, id=16180, stack(0x00000046fcd00000,0x00000046fce00000)]
  0x00000211ced0b0d0 JavaThread "Execution worker Thread 3" [_thread_in_vm, id=8244, stack(0x00000046fce00000,0x00000046fcf00000)]
  0x00000211ced0ba70 JavaThread "Execution worker Thread 4" [_thread_blocked, id=9144, stack(0x00000046fcf00000,0x00000046fd000000)]
  0x00000211cd7317d0 JavaThread "Execution worker Thread 5" [_thread_blocked, id=13892, stack(0x00000046fd000000,0x00000046fd100000)]
  0x00000211cd732170 JavaThread "Execution worker Thread 6" [_thread_blocked, id=2092, stack(0x00000046fd100000,0x00000046fd200000)]
  0x00000211cd72f620 JavaThread "Execution worker Thread 7" [_thread_blocked, id=7380, stack(0x00000046fd200000,0x00000046fd300000)]
  0x00000211cd72e2e0 JavaThread "Cache worker for execution history cache (C:\Users\86135\AndroidStudioProjects\bob\.gradle\8.0\executionHistory)" [_thread_blocked, id=15400, stack(0x00000046fd300000,0x00000046fd400000)]
  0x00000211cd72c130 JavaThread "Cache worker for Java compile cache (C:\Users\86135\.gradle\caches\8.0\javaCompile)" [_thread_blocked, id=8928, stack(0x00000046fd400000,0x00000046fd500000)]
  0x00000211cd732640 JavaThread "Build operations" [_thread_blocked, id=17656, stack(0x00000046fd500000,0x00000046fd600000)]
  0x00000211cd72faf0 JavaThread "Build operations Thread 2" [_thread_blocked, id=8820, stack(0x00000046fd600000,0x00000046fd700000)]
  0x00000211cc1a7a60 JavaThread "Build operations Thread 3" [_thread_blocked, id=2952, stack(0x00000046fd700000,0x00000046fd800000)]
  0x00000211cc1a7590 JavaThread "Build operations Thread 4" [_thread_blocked, id=12260, stack(0x00000046fd800000,0x00000046fd900000)]
  0x00000211cc1a6250 JavaThread "Build operations Thread 5" [_thread_blocked, id=2572, stack(0x00000046fd900000,0x00000046fda00000)]
  0x00000211cc1a6720 JavaThread "Build operations Thread 6" [_thread_blocked, id=11596, stack(0x00000046fda00000,0x00000046fdb00000)]
  0x00000211cdcd57e0 JavaThread "Build operations Thread 7" [_thread_blocked, id=12100, stack(0x00000046fdb00000,0x00000046fdc00000)]
  0x00000211cdcd5cb0 JavaThread "Build operations Thread 8" [_thread_blocked, id=12328, stack(0x00000046fdc00000,0x00000046fdd00000)]

Other Threads:
  0x00000211c77eec70 VMThread "VM Thread" [stack: 0x00000046f4300000,0x00000046f4400000] [id=2504]
  0x00000211aba66130 WatcherThread [stack: 0x00000046f4f00000,0x00000046f5000000] [id=9828]
  0x00000211aba39390 GCTaskThread "GC Thread#0" [stack: 0x00000046f3e00000,0x00000046f3f00000] [id=4804]
  0x00000211c9302890 GCTaskThread "GC Thread#1" [stack: 0x00000046f5200000,0x00000046f5300000] [id=6928]
  0x00000211c9302b40 GCTaskThread "GC Thread#2" [stack: 0x00000046f5300000,0x00000046f5400000] [id=1172]
  0x00000211c85834e0 GCTaskThread "GC Thread#3" [stack: 0x00000046f5400000,0x00000046f5500000] [id=9832]
  0x00000211c8a805f0 GCTaskThread "GC Thread#4" [stack: 0x00000046f5500000,0x00000046f5600000] [id=16324]
  0x00000211c8a810b0 GCTaskThread "GC Thread#5" [stack: 0x00000046f5600000,0x00000046f5700000] [id=14156]
  0x00000211c98afbf0 GCTaskThread "GC Thread#6" [stack: 0x00000046f6100000,0x00000046f6200000] [id=10172]
  0x00000211c9974f10 GCTaskThread "GC Thread#7" [stack: 0x00000046f6200000,0x00000046f6300000] [id=6036]
  0x00000211aba4a2d0 ConcurrentGCThread "G1 Main Marker" [stack: 0x00000046f3f00000,0x00000046f4000000] [id=14152]
  0x00000211aba4ace0 ConcurrentGCThread "G1 Conc#0" [stack: 0x00000046f4000000,0x00000046f4100000] [id=10272]
  0x00000211cb03dc30 ConcurrentGCThread "G1 Conc#1" [stack: 0x00000046f6300000,0x00000046f6400000] [id=7776]
  0x00000211aba9dfc0 ConcurrentGCThread "G1 Refine#0" [stack: 0x00000046f4100000,0x00000046f4200000] [id=15044]
  0x00000211aba9e9e0 ConcurrentGCThread "G1 Service" [stack: 0x00000046f4200000,0x00000046f4300000] [id=7336]

Threads with active compile tasks:
C2 CompilerThread0    10775 11602       4       com.sun.tools.javac.jvm.PoolReader::resolve (344 bytes)
C2 CompilerThread1    10775 11380   !   4       com.sun.tools.javac.jvm.ClassReader::classSigToType (497 bytes)

VM state: not at safepoint (normal execution)

VM Mutex/Monitor currently owned by a thread: None

Heap address: 0x0000000080000000, size: 2048 MB, Compressed Oops mode: 32-bit

CDS archive(s) not mapped
Compressed class space mapped at: 0x0000000100000000-0x0000000140000000, reserved size: 1073741824
Narrow klass base: 0x0000000000000000, Narrow klass shift: 3, Narrow klass range: 0x140000000

GC Precious Log:
 CPUs: 8 total, 8 available
 Memory: 16106M
 Large Page Support: Disabled
 NUMA Support: Disabled
 Compressed Oops: Enabled (32-bit)
 Heap Region Size: 1M
 Heap Min Capacity: 8M
 Heap Initial Capacity: 252M
 Heap Max Capacity: 2G
 Pre-touch: Disabled
 Parallel Workers: 8
 Concurrent Workers: 2
 Concurrent Refinement Workers: 8
 Periodic GC: Disabled

Heap:
 garbage-first heap   total 239616K, used 181780K [0x0000000080000000, 0x0000000100000000)
  region size 1024K, 98 young (100352K), 2 survivors (2048K)
 Metaspace       used 100918K, committed 101632K, reserved 1138688K
  class space    used 13724K, committed 14080K, reserved 1048576K

Heap Regions: E=young(eden), S=young(survivor), O=old, HS=humongous(starts), HC=humongous(continues), CS=collection set, F=free, OA=open archive, CA=closed archive, TAMS=top-at-mark-start (previous, next)
|   0|0x0000000080000000, 0x0000000080100000, 0x0000000080100000|100%|HS|  |TAMS 0x0000000080100000, 0x0000000080000000| Complete 
|   1|0x0000000080100000, 0x0000000080200000, 0x0000000080200000|100%|HC|  |TAMS 0x0000000080200000, 0x0000000080100000| Complete 
|   2|0x0000000080200000, 0x0000000080300000, 0x0000000080300000|100%|HC|  |TAMS 0x0000000080300000, 0x0000000080200000| Complete 
|   3|0x0000000080300000, 0x0000000080400000, 0x0000000080400000|100%|HC|  |TAMS 0x0000000080400000, 0x0000000080300000| Complete 
|   4|0x0000000080400000, 0x0000000080500000, 0x0000000080500000|100%| O|  |TAMS 0x0000000080500000, 0x0000000080400000| Untracked 
|   5|0x0000000080500000, 0x0000000080600000, 0x0000000080600000|100%| O|  |TAMS 0x0000000080600000, 0x0000000080500000| Untracked 
|   6|0x0000000080600000, 0x0000000080700000, 0x0000000080700000|100%| O|  |TAMS 0x0000000080700000, 0x0000000080600000| Untracked 
|   7|0x0000000080700000, 0x0000000080800000, 0x0000000080800000|100%| O|  |TAMS 0x0000000080800000, 0x0000000080700000| Untracked 
|   8|0x0000000080800000, 0x0000000080900000, 0x0000000080900000|100%| O|  |TAMS 0x0000000080900000, 0x0000000080800000| Untracked 
|   9|0x0000000080900000, 0x0000000080a00000, 0x0000000080a00000|100%| O|  |TAMS 0x0000000080a00000, 0x0000000080900000| Untracked 
|  10|0x0000000080a00000, 0x0000000080b00000, 0x0000000080b00000|100%| O|  |TAMS 0x0000000080b00000, 0x0000000080a00000| Untracked 
|  11|0x0000000080b00000, 0x0000000080c00000, 0x0000000080c00000|100%| O|  |TAMS 0x0000000080c00000, 0x0000000080b00000| Untracked 
|  12|0x0000000080c00000, 0x0000000080d00000, 0x0000000080d00000|100%| O|  |TAMS 0x0000000080d00000, 0x0000000080c00000| Untracked 
|  13|0x0000000080d00000, 0x0000000080e00000, 0x0000000080e00000|100%| O|  |TAMS 0x0000000080e00000, 0x0000000080d00000| Untracked 
|  14|0x0000000080e00000, 0x0000000080f00000, 0x0000000080f00000|100%| O|  |TAMS 0x0000000080f00000, 0x0000000080e00000| Untracked 
|  15|0x0000000080f00000, 0x0000000081000000, 0x0000000081000000|100%| O|  |TAMS 0x0000000081000000, 0x0000000080f00000| Untracked 
|  16|0x0000000081000000, 0x0000000081100000, 0x0000000081100000|100%| O|  |TAMS 0x0000000081100000, 0x0000000081000000| Untracked 
|  17|0x0000000081100000, 0x0000000081200000, 0x0000000081200000|100%| O|  |TAMS 0x0000000081200000, 0x0000000081100000| Untracked 
|  18|0x0000000081200000, 0x0000000081300000, 0x0000000081300000|100%| O|  |TAMS 0x0000000081300000, 0x0000000081200000| Untracked 
|  19|0x0000000081300000, 0x0000000081400000, 0x0000000081400000|100%| O|  |TAMS 0x0000000081400000, 0x0000000081300000| Untracked 
|  20|0x0000000081400000, 0x0000000081500000, 0x0000000081500000|100%|HS|  |TAMS 0x0000000081400000, 0x0000000081400000| Complete 
|  21|0x0000000081500000, 0x0000000081600000, 0x0000000081600000|100%| O|  |TAMS 0x0000000081600000, 0x0000000081500000| Untracked 
|  22|0x0000000081600000, 0x0000000081700000, 0x0000000081700000|100%|HS|  |TAMS 0x0000000081700000, 0x0000000081600000| Complete 
|  23|0x0000000081700000, 0x0000000081800000, 0x0000000081800000|100%| O|  |TAMS 0x0000000081800000, 0x0000000081700000| Untracked 
|  24|0x0000000081800000, 0x0000000081900000, 0x0000000081900000|100%| O|  |TAMS 0x0000000081900000, 0x0000000081800000| Untracked 
|  25|0x0000000081900000, 0x0000000081a00000, 0x0000000081a00000|100%| O|  |TAMS 0x0000000081a00000, 0x0000000081900000| Untracked 
|  26|0x0000000081a00000, 0x0000000081b00000, 0x0000000081b00000|100%| O|  |TAMS 0x0000000081b00000, 0x0000000081a00000| Untracked 
|  27|0x0000000081b00000, 0x0000000081c00000, 0x0000000081c00000|100%| O|  |TAMS 0x0000000081c00000, 0x0000000081b00000| Untracked 
|  28|0x0000000081c00000, 0x0000000081d00000, 0x0000000081d00000|100%| O|  |TAMS 0x0000000081d00000, 0x0000000081c00000| Untracked 
|  29|0x0000000081d00000, 0x0000000081e00000, 0x0000000081e00000|100%| O|  |TAMS 0x0000000081e00000, 0x0000000081d00000| Untracked 
|  30|0x0000000081e00000, 0x0000000081f00000, 0x0000000081f00000|100%|HS|  |TAMS 0x0000000081f00000, 0x0000000081e00000| Complete 
|  31|0x0000000081f00000, 0x0000000082000000, 0x0000000082000000|100%|HS|  |TAMS 0x0000000082000000, 0x0000000081f00000| Complete 
|  32|0x0000000082000000, 0x0000000082100000, 0x0000000082100000|100%| O|  |TAMS 0x0000000082100000, 0x0000000082000000| Untracked 
|  33|0x0000000082100000, 0x0000000082200000, 0x0000000082200000|100%| O|  |TAMS 0x0000000082200000, 0x0000000082100000| Untracked 
|  34|0x0000000082200000, 0x0000000082300000, 0x0000000082300000|100%| O|  |TAMS 0x0000000082300000, 0x0000000082200000| Untracked 
|  35|0x0000000082300000, 0x0000000082400000, 0x0000000082400000|100%| O|  |TAMS 0x0000000082400000, 0x0000000082300000| Untracked 
|  36|0x0000000082400000, 0x0000000082500000, 0x0000000082500000|100%| O|  |TAMS 0x0000000082500000, 0x0000000082400000| Untracked 
|  37|0x0000000082500000, 0x0000000082600000, 0x0000000082600000|100%| O|  |TAMS 0x0000000082600000, 0x0000000082500000| Untracked 
|  38|0x0000000082600000, 0x0000000082700000, 0x0000000082700000|100%| O|  |TAMS 0x0000000082700000, 0x0000000082600000| Untracked 
|  39|0x0000000082700000, 0x0000000082800000, 0x0000000082800000|100%| O|  |TAMS 0x0000000082800000, 0x0000000082700000| Untracked 
|  40|0x0000000082800000, 0x0000000082900000, 0x0000000082900000|100%| O|  |TAMS 0x0000000082900000, 0x0000000082800000| Untracked 
|  41|0x0000000082900000, 0x0000000082a00000, 0x0000000082a00000|100%| O|  |TAMS 0x0000000082a00000, 0x0000000082900000| Untracked 
|  42|0x0000000082a00000, 0x0000000082b00000, 0x0000000082b00000|100%| O|  |TAMS 0x0000000082a00000, 0x0000000082a00000| Untracked 
|  43|0x0000000082b00000, 0x0000000082c00000, 0x0000000082c00000|100%| O|  |TAMS 0x0000000082c00000, 0x0000000082b00000| Untracked 
|  44|0x0000000082c00000, 0x0000000082d00000, 0x0000000082d00000|100%| O|  |TAMS 0x0000000082d00000, 0x0000000082c00000| Untracked 
|  45|0x0000000082d00000, 0x0000000082e00000, 0x0000000082e00000|100%| O|  |TAMS 0x0000000082e00000, 0x0000000082d00000| Untracked 
|  46|0x0000000082e00000, 0x0000000082f00000, 0x0000000082f00000|100%| O|  |TAMS 0x0000000082f00000, 0x0000000082e00000| Untracked 
|  47|0x0000000082f00000, 0x0000000083000000, 0x0000000083000000|100%| O|  |TAMS 0x0000000083000000, 0x0000000082f00000| Untracked 
|  48|0x0000000083000000, 0x0000000083100000, 0x0000000083100000|100%| O|  |TAMS 0x0000000083100000, 0x0000000083000000| Untracked 
|  49|0x0000000083100000, 0x0000000083200000, 0x0000000083200000|100%| O|  |TAMS 0x0000000083200000, 0x0000000083100000| Untracked 
|  50|0x0000000083200000, 0x0000000083300000, 0x0000000083300000|100%| O|  |TAMS 0x0000000083300000, 0x0000000083200000| Untracked 
|  51|0x0000000083300000, 0x0000000083400000, 0x0000000083400000|100%| O|  |TAMS 0x0000000083400000, 0x0000000083300000| Untracked 
|  52|0x0000000083400000, 0x0000000083500000, 0x0000000083500000|100%| O|  |TAMS 0x0000000083500000, 0x0000000083400000| Untracked 
|  53|0x0000000083500000, 0x0000000083600000, 0x0000000083600000|100%| O|  |TAMS 0x0000000083600000, 0x0000000083500000| Untracked 
|  54|0x0000000083600000, 0x0000000083700000, 0x0000000083700000|100%| O|  |TAMS 0x0000000083700000, 0x0000000083600000| Untracked 
|  55|0x0000000083700000, 0x0000000083800000, 0x0000000083800000|100%| O|  |TAMS 0x0000000083800000, 0x0000000083700000| Untracked 
|  56|0x0000000083800000, 0x0000000083900000, 0x0000000083900000|100%| O|  |TAMS 0x0000000083900000, 0x0000000083800000| Untracked 
|  57|0x0000000083900000, 0x0000000083a00000, 0x0000000083a00000|100%| O|  |TAMS 0x0000000083a00000, 0x0000000083900000| Untracked 
|  58|0x0000000083a00000, 0x0000000083b00000, 0x0000000083b00000|100%| O|  |TAMS 0x0000000083b00000, 0x0000000083a00000| Untracked 
|  59|0x0000000083b00000, 0x0000000083c00000, 0x0000000083c00000|100%| O|  |TAMS 0x0000000083c00000, 0x0000000083b00000| Untracked 
|  60|0x0000000083c00000, 0x0000000083d00000, 0x0000000083d00000|100%| O|  |TAMS 0x0000000083d00000, 0x0000000083c00000| Untracked 
|  61|0x0000000083d00000, 0x0000000083e00000, 0x0000000083e00000|100%| O|  |TAMS 0x0000000083e00000, 0x0000000083d00000| Untracked 
|  62|0x0000000083e00000, 0x0000000083f00000, 0x0000000083f00000|100%| O|  |TAMS 0x0000000083f00000, 0x0000000083e00000| Untracked 
|  63|0x0000000083f00000, 0x0000000084000000, 0x0000000084000000|100%| O|  |TAMS 0x0000000084000000, 0x0000000083f00000| Untracked 
|  64|0x0000000084000000, 0x0000000084100000, 0x0000000084100000|100%| O|  |TAMS 0x0000000084100000, 0x0000000084000000| Untracked 
|  65|0x0000000084100000, 0x0000000084200000, 0x0000000084200000|100%| O|  |TAMS 0x0000000084200000, 0x0000000084100000| Untracked 
|  66|0x0000000084200000, 0x0000000084300000, 0x0000000084300000|100%| O|  |TAMS 0x0000000084300000, 0x0000000084200000| Untracked 
|  67|0x0000000084300000, 0x0000000084400000, 0x0000000084400000|100%| O|  |TAMS 0x0000000084400000, 0x0000000084300000| Untracked 
|  68|0x0000000084400000, 0x0000000084500000, 0x0000000084500000|100%| O|  |TAMS 0x0000000084426a00, 0x0000000084400000| Untracked 
|  69|0x0000000084500000, 0x0000000084600000, 0x0000000084600000|100%| O|  |TAMS 0x0000000084500000, 0x0000000084500000| Untracked 
|  70|0x0000000084600000, 0x0000000084700000, 0x0000000084700000|100%| O|  |TAMS 0x0000000084600000, 0x0000000084600000| Untracked 
|  71|0x0000000084700000, 0x0000000084800000, 0x0000000084800000|100%| O|  |TAMS 0x0000000084700000, 0x0000000084700000| Untracked 
|  72|0x0000000084800000, 0x0000000084900000, 0x0000000084900000|100%| O|  |TAMS 0x0000000084800000, 0x0000000084800000| Untracked 
|  73|0x0000000084900000, 0x0000000084a00000, 0x0000000084a00000|100%| O|  |TAMS 0x0000000084900000, 0x0000000084900000| Untracked 
|  74|0x0000000084a00000, 0x0000000084b00000, 0x0000000084b00000|100%| O|  |TAMS 0x0000000084a00000, 0x0000000084a00000| Untracked 
|  75|0x0000000084b00000, 0x0000000084c00000, 0x0000000084c00000|100%| O|  |TAMS 0x0000000084b00000, 0x0000000084b00000| Untracked 
|  76|0x0000000084c00000, 0x0000000084d00000, 0x0000000084d00000|100%| O|  |TAMS 0x0000000084c00000, 0x0000000084c00000| Untracked 
|  77|0x0000000084d00000, 0x0000000084e00000, 0x0000000084e00000|100%| O|  |TAMS 0x0000000084d00000, 0x0000000084d00000| Untracked 
|  78|0x0000000084e00000, 0x0000000084f00000, 0x0000000084f00000|100%| O|  |TAMS 0x0000000084e00000, 0x0000000084e00000| Untracked 
|  79|0x0000000084f00000, 0x0000000084fcb400, 0x0000000085000000| 79%| O|  |TAMS 0x0000000084f00000, 0x0000000084f00000| Untracked 
|  80|0x0000000085000000, 0x0000000085100000, 0x0000000085100000|100%|HS|  |TAMS 0x0000000085000000, 0x0000000085000000| Complete 
|  81|0x0000000085100000, 0x0000000085200000, 0x0000000085200000|100%|HC|  |TAMS 0x0000000085100000, 0x0000000085100000| Complete 
|  82|0x0000000085200000, 0x0000000085200000, 0x0000000085300000|  0%| F|  |TAMS 0x0000000085200000, 0x0000000085200000| Untracked 
|  83|0x0000000085300000, 0x0000000085300000, 0x0000000085400000|  0%| F|  |TAMS 0x0000000085300000, 0x0000000085300000| Untracked 
|  84|0x0000000085400000, 0x0000000085400000, 0x0000000085500000|  0%| F|  |TAMS 0x0000000085400000, 0x0000000085400000| Untracked 
|  85|0x0000000085500000, 0x0000000085500000, 0x0000000085600000|  0%| F|  |TAMS 0x0000000085500000, 0x0000000085500000| Untracked 
|  86|0x0000000085600000, 0x0000000085600000, 0x0000000085700000|  0%| F|  |TAMS 0x0000000085600000, 0x0000000085600000| Untracked 
|  87|0x0000000085700000, 0x0000000085700000, 0x0000000085800000|  0%| F|  |TAMS 0x0000000085700000, 0x0000000085700000| Untracked 
|  88|0x0000000085800000, 0x0000000085800000, 0x0000000085900000|  0%| F|  |TAMS 0x0000000085800000, 0x0000000085800000| Untracked 
|  89|0x0000000085900000, 0x0000000085900000, 0x0000000085a00000|  0%| F|  |TAMS 0x0000000085900000, 0x0000000085900000| Untracked 
|  90|0x0000000085a00000, 0x0000000085a00000, 0x0000000085b00000|  0%| F|  |TAMS 0x0000000085a00000, 0x0000000085a00000| Untracked 
|  91|0x0000000085b00000, 0x0000000085b00000, 0x0000000085c00000|  0%| F|  |TAMS 0x0000000085b00000, 0x0000000085b00000| Untracked 
|  92|0x0000000085c00000, 0x0000000085c00000, 0x0000000085d00000|  0%| F|  |TAMS 0x0000000085c00000, 0x0000000085c00000| Untracked 
|  93|0x0000000085d00000, 0x0000000085d00000, 0x0000000085e00000|  0%| F|  |TAMS 0x0000000085d00000, 0x0000000085d00000| Untracked 
|  94|0x0000000085e00000, 0x0000000085e00000, 0x0000000085f00000|  0%| F|  |TAMS 0x0000000085e00000, 0x0000000085e00000| Untracked 
|  95|0x0000000085f00000, 0x0000000085f00000, 0x0000000086000000|  0%| F|  |TAMS 0x0000000085f00000, 0x0000000085f00000| Untracked 
|  96|0x0000000086000000, 0x0000000086000000, 0x0000000086100000|  0%| F|  |TAMS 0x0000000086000000, 0x0000000086000000| Untracked 
|  97|0x0000000086100000, 0x0000000086100000, 0x0000000086200000|  0%| F|  |TAMS 0x0000000086100000, 0x0000000086100000| Untracked 
|  98|0x0000000086200000, 0x0000000086200000, 0x0000000086300000|  0%| F|  |TAMS 0x0000000086200000, 0x0000000086200000| Untracked 
|  99|0x0000000086300000, 0x0000000086300000, 0x0000000086400000|  0%| F|  |TAMS 0x0000000086300000, 0x0000000086300000| Untracked 
| 100|0x0000000086400000, 0x0000000086400000, 0x0000000086500000|  0%| F|  |TAMS 0x0000000086400000, 0x0000000086400000| Untracked 
| 101|0x0000000086500000, 0x0000000086500000, 0x0000000086600000|  0%| F|  |TAMS 0x0000000086500000, 0x0000000086500000| Untracked 
| 102|0x0000000086600000, 0x0000000086600000, 0x0000000086700000|  0%| F|  |TAMS 0x0000000086600000, 0x0000000086600000| Untracked 
| 103|0x0000000086700000, 0x0000000086700000, 0x0000000086800000|  0%| F|  |TAMS 0x0000000086700000, 0x0000000086700000| Untracked 
| 104|0x0000000086800000, 0x0000000086800000, 0x0000000086900000|  0%| F|  |TAMS 0x0000000086800000, 0x0000000086800000| Untracked 
| 105|0x0000000086900000, 0x0000000086900000, 0x0000000086a00000|  0%| F|  |TAMS 0x0000000086900000, 0x0000000086900000| Untracked 
| 106|0x0000000086a00000, 0x0000000086a00000, 0x0000000086b00000|  0%| F|  |TAMS 0x0000000086a00000, 0x0000000086a00000| Untracked 
| 107|0x0000000086b00000, 0x0000000086b00000, 0x0000000086c00000|  0%| F|  |TAMS 0x0000000086b00000, 0x0000000086b00000| Untracked 
| 108|0x0000000086c00000, 0x0000000086c00000, 0x0000000086d00000|  0%| F|  |TAMS 0x0000000086c00000, 0x0000000086c00000| Untracked 
| 109|0x0000000086d00000, 0x0000000086d00000, 0x0000000086e00000|  0%| F|  |TAMS 0x0000000086d00000, 0x0000000086d00000| Untracked 
| 110|0x0000000086e00000, 0x0000000086e00000, 0x0000000086f00000|  0%| F|  |TAMS 0x0000000086e00000, 0x0000000086e00000| Untracked 
| 111|0x0000000086f00000, 0x0000000086f00000, 0x0000000087000000|  0%| F|  |TAMS 0x0000000086f00000, 0x0000000086f00000| Untracked 
| 112|0x0000000087000000, 0x0000000087000000, 0x0000000087100000|  0%| F|  |TAMS 0x0000000087000000, 0x0000000087000000| Untracked 
| 113|0x0000000087100000, 0x0000000087100000, 0x0000000087200000|  0%| F|  |TAMS 0x0000000087100000, 0x0000000087100000| Untracked 
| 114|0x0000000087200000, 0x0000000087200000, 0x0000000087300000|  0%| F|  |TAMS 0x0000000087200000, 0x0000000087200000| Untracked 
| 115|0x0000000087300000, 0x0000000087300000, 0x0000000087400000|  0%| F|  |TAMS 0x0000000087300000, 0x0000000087300000| Untracked 
| 116|0x0000000087400000, 0x0000000087400000, 0x0000000087500000|  0%| F|  |TAMS 0x0000000087400000, 0x0000000087400000| Untracked 
| 117|0x0000000087500000, 0x0000000087500000, 0x0000000087600000|  0%| F|  |TAMS 0x0000000087500000, 0x0000000087500000| Untracked 
| 118|0x0000000087600000, 0x0000000087600000, 0x0000000087700000|  0%| F|  |TAMS 0x0000000087600000, 0x0000000087600000| Untracked 
| 119|0x0000000087700000, 0x0000000087700000, 0x0000000087800000|  0%| F|  |TAMS 0x0000000087700000, 0x0000000087700000| Untracked 
| 120|0x0000000087800000, 0x0000000087800000, 0x0000000087900000|  0%| F|  |TAMS 0x0000000087800000, 0x0000000087800000| Untracked 
| 121|0x0000000087900000, 0x0000000087900000, 0x0000000087a00000|  0%| F|  |TAMS 0x0000000087900000, 0x0000000087900000| Untracked 
| 122|0x0000000087a00000, 0x0000000087a00000, 0x0000000087b00000|  0%| F|  |TAMS 0x0000000087a00000, 0x0000000087a00000| Untracked 
| 123|0x0000000087b00000, 0x0000000087b00000, 0x0000000087c00000|  0%| F|  |TAMS 0x0000000087b00000, 0x0000000087b00000| Untracked 
| 124|0x0000000087c00000, 0x0000000087c00000, 0x0000000087d00000|  0%| F|  |TAMS 0x0000000087c00000, 0x0000000087c00000| Untracked 
| 125|0x0000000087d00000, 0x0000000087d00000, 0x0000000087e00000|  0%| F|  |TAMS 0x0000000087d00000, 0x0000000087d00000| Untracked 
| 126|0x0000000087e00000, 0x0000000087e00000, 0x0000000087f00000|  0%| F|  |TAMS 0x0000000087e00000, 0x0000000087e00000| Untracked 
| 127|0x0000000087f00000, 0x0000000087f00000, 0x0000000088000000|  0%| F|  |TAMS 0x0000000087f00000, 0x0000000087f00000| Untracked 
| 128|0x0000000088000000, 0x0000000088000000, 0x0000000088100000|  0%| F|  |TAMS 0x0000000088000000, 0x0000000088000000| Untracked 
| 129|0x0000000088100000, 0x0000000088100000, 0x0000000088200000|  0%| F|  |TAMS 0x0000000088100000, 0x0000000088100000| Untracked 
| 130|0x0000000088200000, 0x0000000088200000, 0x0000000088300000|  0%| F|  |TAMS 0x0000000088200000, 0x0000000088200000| Untracked 
| 131|0x0000000088300000, 0x0000000088300000, 0x0000000088400000|  0%| F|  |TAMS 0x0000000088300000, 0x0000000088300000| Untracked 
| 132|0x0000000088400000, 0x0000000088400000, 0x0000000088500000|  0%| F|  |TAMS 0x0000000088400000, 0x0000000088400000| Untracked 
| 133|0x0000000088500000, 0x0000000088500000, 0x0000000088600000|  0%| F|  |TAMS 0x0000000088500000, 0x0000000088500000| Untracked 
| 134|0x0000000088600000, 0x0000000088600000, 0x0000000088700000|  0%| F|  |TAMS 0x0000000088600000, 0x0000000088600000| Untracked 
| 135|0x0000000088700000, 0x0000000088700000, 0x0000000088800000|  0%| F|  |TAMS 0x0000000088700000, 0x0000000088700000| Untracked 
| 136|0x0000000088800000, 0x00000000888e13f8, 0x0000000088900000| 87%| E|  |TAMS 0x0000000088800000, 0x0000000088800000| Complete 
| 137|0x0000000088900000, 0x0000000088a00000, 0x0000000088a00000|100%| E|CS|TAMS 0x0000000088900000, 0x0000000088900000| Complete 
| 138|0x0000000088a00000, 0x0000000088b00000, 0x0000000088b00000|100%| E|CS|TAMS 0x0000000088a00000, 0x0000000088a00000| Complete 
| 139|0x0000000088b00000, 0x0000000088c00000, 0x0000000088c00000|100%| E|CS|TAMS 0x0000000088b00000, 0x0000000088b00000| Complete 
| 140|0x0000000088c00000, 0x0000000088d00000, 0x0000000088d00000|100%| E|CS|TAMS 0x0000000088c00000, 0x0000000088c00000| Complete 
| 141|0x0000000088d00000, 0x0000000088e00000, 0x0000000088e00000|100%| E|CS|TAMS 0x0000000088d00000, 0x0000000088d00000| Complete 
| 142|0x0000000088e00000, 0x0000000088f00000, 0x0000000088f00000|100%| E|CS|TAMS 0x0000000088e00000, 0x0000000088e00000| Complete 
| 143|0x0000000088f00000, 0x0000000089000000, 0x0000000089000000|100%| E|CS|TAMS 0x0000000088f00000, 0x0000000088f00000| Complete 
| 144|0x0000000089000000, 0x0000000089100000, 0x0000000089100000|100%| E|CS|TAMS 0x0000000089000000, 0x0000000089000000| Complete 
| 145|0x0000000089100000, 0x0000000089200000, 0x0000000089200000|100%| E|CS|TAMS 0x0000000089100000, 0x0000000089100000| Complete 
| 146|0x0000000089200000, 0x0000000089300000, 0x0000000089300000|100%| E|CS|TAMS 0x0000000089200000, 0x0000000089200000| Complete 
| 147|0x0000000089300000, 0x0000000089400000, 0x0000000089400000|100%| E|CS|TAMS 0x0000000089300000, 0x0000000089300000| Complete 
| 148|0x0000000089400000, 0x0000000089500000, 0x0000000089500000|100%| E|CS|TAMS 0x0000000089400000, 0x0000000089400000| Complete 
| 149|0x0000000089500000, 0x0000000089600000, 0x0000000089600000|100%| E|CS|TAMS 0x0000000089500000, 0x0000000089500000| Complete 
| 150|0x0000000089600000, 0x0000000089700000, 0x0000000089700000|100%| E|CS|TAMS 0x0000000089600000, 0x0000000089600000| Complete 
| 151|0x0000000089700000, 0x0000000089800000, 0x0000000089800000|100%| E|CS|TAMS 0x0000000089700000, 0x0000000089700000| Complete 
| 152|0x0000000089800000, 0x0000000089900000, 0x0000000089900000|100%| E|CS|TAMS 0x0000000089800000, 0x0000000089800000| Complete 
| 153|0x0000000089900000, 0x0000000089a00000, 0x0000000089a00000|100%| E|CS|TAMS 0x0000000089900000, 0x0000000089900000| Complete 
| 154|0x0000000089a00000, 0x0000000089b00000, 0x0000000089b00000|100%| E|CS|TAMS 0x0000000089a00000, 0x0000000089a00000| Complete 
| 155|0x0000000089b00000, 0x0000000089c00000, 0x0000000089c00000|100%| E|CS|TAMS 0x0000000089b00000, 0x0000000089b00000| Complete 
| 156|0x0000000089c00000, 0x0000000089d00000, 0x0000000089d00000|100%| E|CS|TAMS 0x0000000089c00000, 0x0000000089c00000| Complete 
| 157|0x0000000089d00000, 0x0000000089e00000, 0x0000000089e00000|100%| E|CS|TAMS 0x0000000089d00000, 0x0000000089d00000| Complete 
| 158|0x0000000089e00000, 0x0000000089f00000, 0x0000000089f00000|100%| E|CS|TAMS 0x0000000089e00000, 0x0000000089e00000| Complete 
| 159|0x0000000089f00000, 0x000000008a000000, 0x000000008a000000|100%| E|CS|TAMS 0x0000000089f00000, 0x0000000089f00000| Complete 
| 160|0x000000008a000000, 0x000000008a100000, 0x000000008a100000|100%| E|CS|TAMS 0x000000008a000000, 0x000000008a000000| Complete 
| 161|0x000000008a100000, 0x000000008a200000, 0x000000008a200000|100%| E|CS|TAMS 0x000000008a100000, 0x000000008a100000| Complete 
| 162|0x000000008a200000, 0x000000008a300000, 0x000000008a300000|100%| E|CS|TAMS 0x000000008a200000, 0x000000008a200000| Complete 
| 163|0x000000008a300000, 0x000000008a400000, 0x000000008a400000|100%| E|CS|TAMS 0x000000008a300000, 0x000000008a300000| Complete 
| 164|0x000000008a400000, 0x000000008a500000, 0x000000008a500000|100%| E|CS|TAMS 0x000000008a400000, 0x000000008a400000| Complete 
| 165|0x000000008a500000, 0x000000008a600000, 0x000000008a600000|100%| E|CS|TAMS 0x000000008a500000, 0x000000008a500000| Complete 
| 166|0x000000008a600000, 0x000000008a700000, 0x000000008a700000|100%| E|CS|TAMS 0x000000008a600000, 0x000000008a600000| Complete 
| 167|0x000000008a700000, 0x000000008a800000, 0x000000008a800000|100%| E|CS|TAMS 0x000000008a700000, 0x000000008a700000| Complete 
| 168|0x000000008a800000, 0x000000008a900000, 0x000000008a900000|100%| E|CS|TAMS 0x000000008a800000, 0x000000008a800000| Complete 
| 169|0x000000008a900000, 0x000000008aa00000, 0x000000008aa00000|100%| E|CS|TAMS 0x000000008a900000, 0x000000008a900000| Complete 
| 170|0x000000008aa00000, 0x000000008ab00000, 0x000000008ab00000|100%| E|CS|TAMS 0x000000008aa00000, 0x000000008aa00000| Complete 
| 171|0x000000008ab00000, 0x000000008ac00000, 0x000000008ac00000|100%| E|CS|TAMS 0x000000008ab00000, 0x000000008ab00000| Complete 
| 172|0x000000008ac00000, 0x000000008ad00000, 0x000000008ad00000|100%| E|CS|TAMS 0x000000008ac00000, 0x000000008ac00000| Complete 
| 173|0x000000008ad00000, 0x000000008ae00000, 0x000000008ae00000|100%| E|CS|TAMS 0x000000008ad00000, 0x000000008ad00000| Complete 
| 174|0x000000008ae00000, 0x000000008af00000, 0x000000008af00000|100%| E|CS|TAMS 0x000000008ae00000, 0x000000008ae00000| Complete 
| 175|0x000000008af00000, 0x000000008b000000, 0x000000008b000000|100%| E|CS|TAMS 0x000000008af00000, 0x000000008af00000| Complete 
| 176|0x000000008b000000, 0x000000008b100000, 0x000000008b100000|100%| E|  |TAMS 0x000000008b000000, 0x000000008b000000| Complete 
| 177|0x000000008b100000, 0x000000008b200000, 0x000000008b200000|100%| E|CS|TAMS 0x000000008b100000, 0x000000008b100000| Complete 
| 178|0x000000008b200000, 0x000000008b300000, 0x000000008b300000|100%| E|CS|TAMS 0x000000008b200000, 0x000000008b200000| Complete 
| 179|0x000000008b300000, 0x000000008b400000, 0x000000008b400000|100%| E|CS|TAMS 0x000000008b300000, 0x000000008b300000| Complete 
| 180|0x000000008b400000, 0x000000008b500000, 0x000000008b500000|100%| E|CS|TAMS 0x000000008b400000, 0x000000008b400000| Complete 
| 181|0x000000008b500000, 0x000000008b600000, 0x000000008b600000|100%| E|CS|TAMS 0x000000008b500000, 0x000000008b500000| Complete 
| 182|0x000000008b600000, 0x000000008b700000, 0x000000008b700000|100%| E|CS|TAMS 0x000000008b600000, 0x000000008b600000| Complete 
| 183|0x000000008b700000, 0x000000008b800000, 0x000000008b800000|100%| E|CS|TAMS 0x000000008b700000, 0x000000008b700000| Complete 
| 184|0x000000008b800000, 0x000000008b900000, 0x000000008b900000|100%| E|CS|TAMS 0x000000008b800000, 0x000000008b800000| Complete 
| 185|0x000000008b900000, 0x000000008ba00000, 0x000000008ba00000|100%| E|CS|TAMS 0x000000008b900000, 0x000000008b900000| Complete 
| 186|0x000000008ba00000, 0x000000008bb00000, 0x000000008bb00000|100%| E|CS|TAMS 0x000000008ba00000, 0x000000008ba00000| Complete 
| 187|0x000000008bb00000, 0x000000008bc00000, 0x000000008bc00000|100%| E|CS|TAMS 0x000000008bb00000, 0x000000008bb00000| Complete 
| 188|0x000000008bc00000, 0x000000008bd00000, 0x000000008bd00000|100%| E|CS|TAMS 0x000000008bc00000, 0x000000008bc00000| Complete 
| 189|0x000000008bd00000, 0x000000008be00000, 0x000000008be00000|100%| E|CS|TAMS 0x000000008bd00000, 0x000000008bd00000| Complete 
| 190|0x000000008be00000, 0x000000008bf00000, 0x000000008bf00000|100%| E|CS|TAMS 0x000000008be00000, 0x000000008be00000| Complete 
| 191|0x000000008bf00000, 0x000000008c000000, 0x000000008c000000|100%| E|CS|TAMS 0x000000008bf00000, 0x000000008bf00000| Complete 
| 192|0x000000008c000000, 0x000000008c100000, 0x000000008c100000|100%| E|CS|TAMS 0x000000008c000000, 0x000000008c000000| Complete 
| 193|0x000000008c100000, 0x000000008c200000, 0x000000008c200000|100%| E|CS|TAMS 0x000000008c100000, 0x000000008c100000| Complete 
| 194|0x000000008c200000, 0x000000008c300000, 0x000000008c300000|100%| E|CS|TAMS 0x000000008c200000, 0x000000008c200000| Complete 
| 195|0x000000008c300000, 0x000000008c400000, 0x000000008c400000|100%| E|CS|TAMS 0x000000008c300000, 0x000000008c300000| Complete 
| 196|0x000000008c400000, 0x000000008c500000, 0x000000008c500000|100%| E|CS|TAMS 0x000000008c400000, 0x000000008c400000| Complete 
| 197|0x000000008c500000, 0x000000008c600000, 0x000000008c600000|100%| E|CS|TAMS 0x000000008c500000, 0x000000008c500000| Complete 
| 198|0x000000008c600000, 0x000000008c700000, 0x000000008c700000|100%| E|CS|TAMS 0x000000008c600000, 0x000000008c600000| Complete 
| 199|0x000000008c700000, 0x000000008c800000, 0x000000008c800000|100%| E|CS|TAMS 0x000000008c700000, 0x000000008c700000| Complete 
| 200|0x000000008c800000, 0x000000008c900000, 0x000000008c900000|100%| E|CS|TAMS 0x000000008c800000, 0x000000008c800000| Complete 
| 201|0x000000008c900000, 0x000000008ca00000, 0x000000008ca00000|100%| E|CS|TAMS 0x000000008c900000, 0x000000008c900000| Complete 
| 202|0x000000008ca00000, 0x000000008cb00000, 0x000000008cb00000|100%| E|CS|TAMS 0x000000008ca00000, 0x000000008ca00000| Complete 
| 203|0x000000008cb00000, 0x000000008cc00000, 0x000000008cc00000|100%| E|CS|TAMS 0x000000008cb00000, 0x000000008cb00000| Complete 
| 204|0x000000008cc00000, 0x000000008cd00000, 0x000000008cd00000|100%| E|CS|TAMS 0x000000008cc00000, 0x000000008cc00000| Complete 
| 205|0x000000008cd00000, 0x000000008ce00000, 0x000000008ce00000|100%| E|CS|TAMS 0x000000008cd00000, 0x000000008cd00000| Complete 
| 206|0x000000008ce00000, 0x000000008cf00000, 0x000000008cf00000|100%| E|CS|TAMS 0x000000008ce00000, 0x000000008ce00000| Complete 
| 207|0x000000008cf00000, 0x000000008d000000, 0x000000008d000000|100%| E|CS|TAMS 0x000000008cf00000, 0x000000008cf00000| Complete 
| 208|0x000000008d000000, 0x000000008d100000, 0x000000008d100000|100%| E|CS|TAMS 0x000000008d000000, 0x000000008d000000| Complete 
| 209|0x000000008d100000, 0x000000008d200000, 0x000000008d200000|100%| E|CS|TAMS 0x000000008d100000, 0x000000008d100000| Complete 
| 210|0x000000008d200000, 0x000000008d300000, 0x000000008d300000|100%| E|CS|TAMS 0x000000008d200000, 0x000000008d200000| Complete 
| 211|0x000000008d300000, 0x000000008d400000, 0x000000008d400000|100%| E|CS|TAMS 0x000000008d300000, 0x000000008d300000| Complete 
| 212|0x000000008d400000, 0x000000008d500000, 0x000000008d500000|100%| E|CS|TAMS 0x000000008d400000, 0x000000008d400000| Complete 
| 213|0x000000008d500000, 0x000000008d600000, 0x000000008d600000|100%| E|CS|TAMS 0x000000008d500000, 0x000000008d500000| Complete 
| 214|0x000000008d600000, 0x000000008d700000, 0x000000008d700000|100%| E|CS|TAMS 0x000000008d600000, 0x000000008d600000| Complete 
| 215|0x000000008d700000, 0x000000008d800000, 0x000000008d800000|100%| E|CS|TAMS 0x000000008d700000, 0x000000008d700000| Complete 
| 216|0x000000008d800000, 0x000000008d900000, 0x000000008d900000|100%| E|CS|TAMS 0x000000008d800000, 0x000000008d800000| Complete 
| 217|0x000000008d900000, 0x000000008da00000, 0x000000008da00000|100%| E|CS|TAMS 0x000000008d900000, 0x000000008d900000| Complete 
| 218|0x000000008da00000, 0x000000008db00000, 0x000000008db00000|100%| E|CS|TAMS 0x000000008da00000, 0x000000008da00000| Complete 
| 219|0x000000008db00000, 0x000000008dc00000, 0x000000008dc00000|100%| E|CS|TAMS 0x000000008db00000, 0x000000008db00000| Complete 
| 220|0x000000008dc00000, 0x000000008dd00000, 0x000000008dd00000|100%| E|CS|TAMS 0x000000008dc00000, 0x000000008dc00000| Complete 
| 221|0x000000008dd00000, 0x000000008de00000, 0x000000008de00000|100%| E|CS|TAMS 0x000000008dd00000, 0x000000008dd00000| Complete 
| 222|0x000000008de00000, 0x000000008df00000, 0x000000008df00000|100%| E|CS|TAMS 0x000000008de00000, 0x000000008de00000| Complete 
| 223|0x000000008df00000, 0x000000008e000000, 0x000000008e000000|100%| E|CS|TAMS 0x000000008df00000, 0x000000008df00000| Complete 
| 224|0x000000008e000000, 0x000000008e100000, 0x000000008e100000|100%| E|CS|TAMS 0x000000008e000000, 0x000000008e000000| Complete 
| 225|0x000000008e100000, 0x000000008e200000, 0x000000008e200000|100%| E|CS|TAMS 0x000000008e100000, 0x000000008e100000| Complete 
| 226|0x000000008e200000, 0x000000008e300000, 0x000000008e300000|100%| E|CS|TAMS 0x000000008e200000, 0x000000008e200000| Complete 
| 227|0x000000008e300000, 0x000000008e400000, 0x000000008e400000|100%| E|CS|TAMS 0x000000008e300000, 0x000000008e300000| Complete 
| 228|0x000000008e400000, 0x000000008e500000, 0x000000008e500000|100%| E|CS|TAMS 0x000000008e400000, 0x000000008e400000| Complete 
| 229|0x000000008e500000, 0x000000008e600000, 0x000000008e600000|100%| E|CS|TAMS 0x000000008e500000, 0x000000008e500000| Complete 
| 230|0x000000008e600000, 0x000000008e700000, 0x000000008e700000|100%| E|CS|TAMS 0x000000008e600000, 0x000000008e600000| Complete 
| 231|0x000000008e700000, 0x000000008e7b9e38, 0x000000008e800000| 72%| S|CS|TAMS 0x000000008e700000, 0x000000008e700000| Complete 
| 232|0x000000008e800000, 0x000000008e900000, 0x000000008e900000|100%| S|CS|TAMS 0x000000008e800000, 0x000000008e800000| Complete 
| 251|0x000000008fb00000, 0x000000008fc00000, 0x000000008fc00000|100%| E|CS|TAMS 0x000000008fb00000, 0x000000008fb00000| Complete 

Card table byte_map: [0x00000211c04e0000,0x00000211c08e0000] _byte_map_base: 0x00000211c00e0000

Marking Bits (Prev, Next): (CMBitMap*) 0x00000211aba399a0, (CMBitMap*) 0x00000211aba399e0
 Prev Bits: [0x00000211c0ce0000, 0x00000211c2ce0000)
 Next Bits: [0x00000211c2ce0000, 0x00000211c4ce0000)

Polling page: 0x00000211abaa0000

Metaspace:

Usage:
  Non-class:     85.19 MB used.
      Class:     13.41 MB used.
       Both:     98.61 MB used.

Virtual space:
  Non-class space:       88.00 MB reserved,      85.56 MB ( 97%) committed,  11 nodes.
      Class space:        1.00 GB reserved,      13.75 MB (  1%) committed,  1 nodes.
             Both:        1.09 GB reserved,      99.31 MB (  9%) committed. 

Chunk freelists:
   Non-Class:  1.66 MB
       Class:  2.13 MB
        Both:  3.79 MB

MaxMetaspaceSize: unlimited
CompressedClassSpaceSize: 1.00 GB
Initial GC threshold: 21.00 MB
Current GC threshold: 146.38 MB
CDS: off
MetaspaceReclaimPolicy: balanced
 - commit_granule_bytes: 65536.
 - commit_granule_words: 8192.
 - virtual_space_node_default_size: 1048576.
 - enlarge_chunks_in_place: 1.
 - new_chunks_are_fully_committed: 0.
 - uncommit_free_chunks: 1.
 - use_allocation_guard: 0.
 - handle_deallocations: 1.


Internal statistics:

num_allocs_failed_limit: 9.
num_arena_births: 1018.
num_arena_deaths: 0.
num_vsnodes_births: 12.
num_vsnodes_deaths: 0.
num_space_committed: 1588.
num_space_uncommitted: 0.
num_chunks_returned_to_freelist: 9.
num_chunks_taken_from_freelist: 4717.
num_chunk_merges: 9.
num_chunk_splits: 3173.
num_chunks_enlarged: 2154.
num_purges: 0.
num_inconsistent_stats: 0.

CodeHeap 'non-profiled nmethods': size=120000Kb used=5564Kb max_used=5683Kb free=114435Kb
 bounds [0x00000211b8140000, 0x00000211b86d0000, 0x00000211bf670000]
CodeHeap 'profiled nmethods': size=120000Kb used=19617Kb max_used=19617Kb free=100382Kb
 bounds [0x00000211b0670000, 0x00000211b19a0000, 0x00000211b7ba0000]
CodeHeap 'non-nmethods': size=5760Kb used=2410Kb max_used=2458Kb free=3349Kb
 bounds [0x00000211b7ba0000, 0x00000211b7e10000, 0x00000211b8140000]
 total_blobs=10991 nmethods=10056 adapters=847
 compilation: enabled
              stopped_count=0, restarted_count=0
 full_count=0

Compilation events (20 events):
Event: 10.750 Thread 0x00000211c80aae30 nmethod 11662 0x00000211b117f410 code [0x00000211b117f620, 0x00000211b117fe58]
Event: 10.750 Thread 0x00000211c80aae30 11663       3       com.sun.tools.javac.code.Symbol$PackageSymbol::members (9 bytes)
Event: 10.750 Thread 0x00000211c80aae30 nmethod 11663 0x00000211b117ed90 code [0x00000211b117ef40, 0x00000211b117f2c8]
Event: 10.750 Thread 0x00000211c80aae30 11664       3       com.sun.tools.javac.code.Types::implementation (13 bytes)
Event: 10.750 Thread 0x00000211c80aae30 nmethod 11664 0x00000211b117e990 code [0x00000211b117eb40, 0x00000211b117eca8]
Event: 10.750 Thread 0x00000211c80aae30 11665       3       com.sun.tools.javac.code.Types$ImplementationCache::get (159 bytes)
Event: 10.751 Thread 0x00000211c80aae30 nmethod 11665 0x00000211b117cc10 code [0x00000211b117cee0, 0x00000211b117e2c8]
Event: 10.751 Thread 0x00000211c80aae30 11668       3       com.sun.tools.javac.code.Symbol::hiddenInInternal (205 bytes)
Event: 10.752 Thread 0x00000211c80aae30 nmethod 11668 0x00000211b0e11090 code [0x00000211b0e114e0, 0x00000211b0e13b78]
Event: 10.752 Thread 0x00000211c80aae30 11666       3       com.sun.tools.javac.code.Symbol$MethodSymbol::implementation (57 bytes)
Event: 10.752 Thread 0x00000211c80aae30 nmethod 11666 0x00000211b127df90 code [0x00000211b127e1c0, 0x00000211b127e9e8]
Event: 10.752 Thread 0x00000211c80aae30 11672       3       com.sun.tools.javac.code.Type$StructuralTypeMapping::visitMethodType (7 bytes)
Event: 10.752 Thread 0x00000211c80aae30 nmethod 11672 0x00000211b117c810 code [0x00000211b117c9c0, 0x00000211b117cb88]
Event: 10.752 Thread 0x00000211c80aae30 11667       3       com.sun.tools.javac.code.Symbol$MethodSymbol::isInheritedIn (72 bytes)
Event: 10.752 Thread 0x00000211c80aae30 nmethod 11667 0x00000211b0e10810 code [0x00000211b0e109e0, 0x00000211b0e10f18]
Event: 10.752 Thread 0x00000211c80aae30 11671       3       com.sun.tools.javac.code.Type$StructuralTypeMapping::visitMethodType (87 bytes)
Event: 10.753 Thread 0x00000211c80aae30 nmethod 11671 0x00000211b127c490 code [0x00000211b127c740, 0x00000211b127d918]
Event: 10.753 Thread 0x00000211c80aae30 11675       3       com.sun.tools.javac.code.Symbol$ClassSymbol::isSubClass (129 bytes)
Event: 10.753 Thread 0x00000211c80aae30 nmethod 11675 0x00000211b127a790 code [0x00000211b127aa80, 0x00000211b127bee8]
Event: 10.753 Thread 0x00000211c80aae30 11676       3       com.sun.tools.javac.code.Types$ImplementationCache::implementationInternal (164 bytes)

GC Heap History (20 events):
Event: 7.224 GC heap before
{Heap before GC invocations=23 (full 0):
 garbage-first heap   total 110592K, used 87602K [0x0000000080000000, 0x0000000100000000)
  region size 1024K, 32 young (32768K), 3 survivors (3072K)
 Metaspace       used 77861K, committed 78464K, reserved 1122304K
  class space    used 10576K, committed 10880K, reserved 1048576K
}
Event: 7.227 GC heap after
{Heap after GC invocations=24 (full 0):
 garbage-first heap   total 110592K, used 57765K [0x0000000080000000, 0x0000000100000000)
  region size 1024K, 3 young (3072K), 3 survivors (3072K)
 Metaspace       used 77861K, committed 78464K, reserved 1122304K
  class space    used 10576K, committed 10880K, reserved 1048576K
}
Event: 7.249 GC heap before
{Heap before GC invocations=24 (full 0):
 garbage-first heap   total 110592K, used 59813K [0x0000000080000000, 0x0000000100000000)
  region size 1024K, 5 young (5120K), 3 survivors (3072K)
 Metaspace       used 78038K, committed 78592K, reserved 1122304K
  class space    used 10599K, committed 10880K, reserved 1048576K
}
Event: 7.251 GC heap after
{Heap after GC invocations=25 (full 0):
 garbage-first heap   total 110592K, used 58019K [0x0000000080000000, 0x0000000100000000)
  region size 1024K, 1 young (1024K), 1 survivors (1024K)
 Metaspace       used 78038K, committed 78592K, reserved 1122304K
  class space    used 10599K, committed 10880K, reserved 1048576K
}
Event: 7.691 GC heap before
{Heap before GC invocations=25 (full 0):
 garbage-first heap   total 110592K, used 88739K [0x0000000080000000, 0x0000000100000000)
  region size 1024K, 31 young (31744K), 1 survivors (1024K)
 Metaspace       used 81210K, committed 81728K, reserved 1122304K
  class space    used 11055K, committed 11328K, reserved 1048576K
}
Event: 7.695 GC heap after
{Heap after GC invocations=26 (full 0):
 garbage-first heap   total 110592K, used 60280K [0x0000000080000000, 0x0000000100000000)
  region size 1024K, 3 young (3072K), 3 survivors (3072K)
 Metaspace       used 81210K, committed 81728K, reserved 1122304K
  class space    used 11055K, committed 11328K, reserved 1048576K
}
Event: 8.023 GC heap before
{Heap before GC invocations=27 (full 0):
 garbage-first heap   total 110592K, used 89976K [0x0000000080000000, 0x0000000100000000)
  region size 1024K, 32 young (32768K), 3 survivors (3072K)
 Metaspace       used 84440K, committed 84992K, reserved 1122304K
  class space    used 11576K, committed 11840K, reserved 1048576K
}
Event: 8.027 GC heap after
{Heap after GC invocations=28 (full 0):
 garbage-first heap   total 110592K, used 62259K [0x0000000080000000, 0x0000000100000000)
  region size 1024K, 2 young (2048K), 2 survivors (2048K)
 Metaspace       used 84440K, committed 84992K, reserved 1122304K
  class space    used 11576K, committed 11840K, reserved 1048576K
}
Event: 8.354 GC heap before
{Heap before GC invocations=28 (full 0):
 garbage-first heap   total 110592K, used 90931K [0x0000000080000000, 0x0000000100000000)
  region size 1024K, 30 young (30720K), 2 survivors (2048K)
 Metaspace       used 87479K, committed 88128K, reserved 1130496K
  class space    used 11971K, committed 12288K, reserved 1048576K
}
Event: 8.358 GC heap after
{Heap after GC invocations=29 (full 0):
 garbage-first heap   total 110592K, used 64917K [0x0000000080000000, 0x0000000100000000)
  region size 1024K, 4 young (4096K), 4 survivors (4096K)
 Metaspace       used 87479K, committed 88128K, reserved 1130496K
  class space    used 11971K, committed 12288K, reserved 1048576K
}
Event: 8.578 GC heap before
{Heap before GC invocations=30 (full 0):
 garbage-first heap   total 117760K, used 91541K [0x0000000080000000, 0x0000000100000000)
  region size 1024K, 30 young (30720K), 4 survivors (4096K)
 Metaspace       used 87890K, committed 88512K, reserved 1130496K
  class space    used 12007K, committed 12352K, reserved 1048576K
}
Event: 8.584 GC heap after
{Heap after GC invocations=31 (full 0):
 garbage-first heap   total 117760K, used 69048K [0x0000000080000000, 0x0000000100000000)
  region size 1024K, 4 young (4096K), 4 survivors (4096K)
 Metaspace       used 87890K, committed 88512K, reserved 1130496K
  class space    used 12007K, committed 12352K, reserved 1048576K
}
Event: 8.590 GC heap before
{Heap before GC invocations=31 (full 0):
 garbage-first heap   total 117760K, used 70072K [0x0000000080000000, 0x0000000100000000)
  region size 1024K, 5 young (5120K), 4 survivors (4096K)
 Metaspace       used 87891K, committed 88512K, reserved 1130496K
  class space    used 12007K, committed 12352K, reserved 1048576K
}
Event: 8.594 GC heap after
{Heap after GC invocations=32 (full 0):
 garbage-first heap   total 117760K, used 69541K [0x0000000080000000, 0x0000000100000000)
  region size 1024K, 1 young (1024K), 1 survivors (1024K)
 Metaspace       used 87891K, committed 88512K, reserved 1130496K
  class space    used 12007K, committed 12352K, reserved 1048576K
}
Event: 8.922 GC heap before
{Heap before GC invocations=32 (full 0):
 garbage-first heap   total 117760K, used 95141K [0x0000000080000000, 0x0000000100000000)
  region size 1024K, 26 young (26624K), 1 survivors (1024K)
 Metaspace       used 89236K, committed 89856K, reserved 1130496K
  class space    used 12255K, committed 12544K, reserved 1048576K
}
Event: 8.927 GC heap after
{Heap after GC invocations=33 (full 0):
 garbage-first heap   total 239616K, used 72300K [0x0000000080000000, 0x0000000100000000)
  region size 1024K, 4 young (4096K), 4 survivors (4096K)
 Metaspace       used 89236K, committed 89856K, reserved 1130496K
  class space    used 12255K, committed 12544K, reserved 1048576K
}
Event: 9.766 GC heap before
{Heap before GC invocations=34 (full 0):
 garbage-first heap   total 239616K, used 178796K [0x0000000080000000, 0x0000000100000000)
  region size 1024K, 108 young (110592K), 4 survivors (4096K)
 Metaspace       used 90986K, committed 91584K, reserved 1130496K
  class space    used 12499K, committed 12800K, reserved 1048576K
}
Event: 9.775 GC heap after
{Heap after GC invocations=35 (full 0):
 garbage-first heap   total 239616K, used 81401K [0x0000000080000000, 0x0000000100000000)
  region size 1024K, 13 young (13312K), 13 survivors (13312K)
 Metaspace       used 90986K, committed 91584K, reserved 1130496K
  class space    used 12499K, committed 12800K, reserved 1048576K
}
Event: 9.778 GC heap before
{Heap before GC invocations=35 (full 0):
 garbage-first heap   total 239616K, used 82425K [0x0000000080000000, 0x0000000100000000)
  region size 1024K, 14 young (14336K), 13 survivors (13312K)
 Metaspace       used 90988K, committed 91584K, reserved 1130496K
  class space    used 12499K, committed 12800K, reserved 1048576K
}
Event: 9.784 GC heap after
{Heap after GC invocations=36 (full 0):
 garbage-first heap   total 239616K, used 82452K [0x0000000080000000, 0x0000000100000000)
  region size 1024K, 2 young (2048K), 2 survivors (2048K)
 Metaspace       used 90988K, committed 91584K, reserved 1130496K
  class space    used 12499K, committed 12800K, reserved 1048576K
}

Dll operation events (2 events):
Event: 0.005 Loaded shared library E:\AndroidStudio\jbr\bin\java.dll
Event: 0.280 Loaded shared library E:\AndroidStudio\jbr\bin\verify.dll

Deoptimization events (20 events):
Event: 10.639 Thread 0x00000211ced0b0d0 Uncommon trap: trap_request=0xffffffc6 fr.pc=0x00000211b82edcbc relative=0x000000000000043c
Event: 10.639 Thread 0x00000211ced0b0d0 Uncommon trap: reason=bimorphic_or_optimized_type_check action=maybe_recompile pc=0x00000211b82edcbc method=java.util.Spliterators$IteratorSpliterator.tryAdvance(Ljava/util/function/Consumer;)Z @ 50 c2
Event: 10.639 Thread 0x00000211ced0b0d0 DEOPT PACKING pc=0x00000211b82edcbc sp=0x00000046fcef9020
Event: 10.639 Thread 0x00000211ced0b0d0 DEOPT UNPACKING pc=0x00000211b7bfa1a3 sp=0x00000046fcef8fc0 mode 2
Event: 10.639 Thread 0x00000211ced0b0d0 Uncommon trap: trap_request=0xffffffc6 fr.pc=0x00000211b82edcbc relative=0x000000000000043c
Event: 10.639 Thread 0x00000211ced0b0d0 Uncommon trap: reason=bimorphic_or_optimized_type_check action=maybe_recompile pc=0x00000211b82edcbc method=java.util.Spliterators$IteratorSpliterator.tryAdvance(Ljava/util/function/Consumer;)Z @ 50 c2
Event: 10.639 Thread 0x00000211ced0b0d0 DEOPT PACKING pc=0x00000211b82edcbc sp=0x00000046fcef9020
Event: 10.639 Thread 0x00000211ced0b0d0 DEOPT UNPACKING pc=0x00000211b7bfa1a3 sp=0x00000046fcef8fc0 mode 2
Event: 10.693 Thread 0x00000211ced0b0d0 Uncommon trap: trap_request=0xffffff45 fr.pc=0x00000211b8333b90 relative=0x0000000000001ef0
Event: 10.693 Thread 0x00000211ced0b0d0 Uncommon trap: reason=unstable_if action=reinterpret pc=0x00000211b8333b90 method=com.sun.tools.javac.jvm.ClassReader.sigToType()Lcom/sun/tools/javac/code/Type; @ 10 c2
Event: 10.693 Thread 0x00000211ced0b0d0 DEOPT PACKING pc=0x00000211b8333b90 sp=0x00000046fcef7b80
Event: 10.693 Thread 0x00000211ced0b0d0 DEOPT UNPACKING pc=0x00000211b7bfa1a3 sp=0x00000046fcef7b40 mode 2
Event: 10.731 Thread 0x00000211ced0b0d0 Uncommon trap: trap_request=0xffffffc6 fr.pc=0x00000211b8386f24 relative=0x0000000000000bc4
Event: 10.731 Thread 0x00000211ced0b0d0 Uncommon trap: reason=bimorphic_or_optimized_type_check action=maybe_recompile pc=0x00000211b8386f24 method=java.util.HashMap.removeNode(ILjava/lang/Object;Ljava/lang/Object;ZZ)Ljava/util/HashMap$Node; @ 68 c2
Event: 10.731 Thread 0x00000211ced0b0d0 DEOPT PACKING pc=0x00000211b8386f24 sp=0x00000046fcef7a80
Event: 10.731 Thread 0x00000211ced0b0d0 DEOPT UNPACKING pc=0x00000211b7bfa1a3 sp=0x00000046fcef7a08 mode 2
Event: 10.747 Thread 0x00000211ced0b0d0 Uncommon trap: trap_request=0xffffff45 fr.pc=0x00000211b8677810 relative=0x00000000000002d0
Event: 10.747 Thread 0x00000211ced0b0d0 Uncommon trap: reason=unstable_if action=reinterpret pc=0x00000211b8677810 method=java.util.concurrent.ConcurrentHashMap.get(Ljava/lang/Object;)Ljava/lang/Object; @ 76 c2
Event: 10.747 Thread 0x00000211ced0b0d0 DEOPT PACKING pc=0x00000211b8677810 sp=0x00000046fcef8a30
Event: 10.747 Thread 0x00000211ced0b0d0 DEOPT UNPACKING pc=0x00000211b7bfa1a3 sp=0x00000046fcef89b8 mode 2

Classes unloaded (0 events):
No events

Classes redefined (0 events):
No events

Internal exceptions (20 events):
Event: 10.626 Thread 0x00000211ced0b0d0 Exception <a 'sun/nio/fs/WindowsException'{0x000000008924e300}> (0x000000008924e300) 
thrown [s\src\hotspot\share\prims\jni.cpp, line 517]
Event: 10.629 Thread 0x00000211ced0b0d0 Exception <a 'sun/nio/fs/WindowsException'{0x00000000892ad300}> (0x00000000892ad300) 
thrown [s\src\hotspot\share\prims\jni.cpp, line 517]
Event: 10.629 Thread 0x00000211ced0b0d0 Exception <a 'sun/nio/fs/WindowsException'{0x00000000892ad658}> (0x00000000892ad658) 
thrown [s\src\hotspot\share\prims\jni.cpp, line 517]
Event: 10.631 Thread 0x00000211ced0b0d0 Exception <a 'sun/nio/fs/WindowsException'{0x000000008911efe0}> (0x000000008911efe0) 
thrown [s\src\hotspot\share\prims\jni.cpp, line 517]
Event: 10.631 Thread 0x00000211ced0b0d0 Exception <a 'sun/nio/fs/WindowsException'{0x000000008911f390}> (0x000000008911f390) 
thrown [s\src\hotspot\share\prims\jni.cpp, line 517]
Event: 10.632 Thread 0x00000211ced0b0d0 Exception <a 'sun/nio/fs/WindowsException'{0x0000000089134b00}> (0x0000000089134b00) 
thrown [s\src\hotspot\share\prims\jni.cpp, line 517]
Event: 10.632 Thread 0x00000211ced0b0d0 Exception <a 'sun/nio/fs/WindowsException'{0x0000000089134e90}> (0x0000000089134e90) 
thrown [s\src\hotspot\share\prims\jni.cpp, line 517]
Event: 10.634 Thread 0x00000211ced0b0d0 Exception <a 'sun/nio/fs/WindowsException'{0x0000000089151cd8}> (0x0000000089151cd8) 
thrown [s\src\hotspot\share\prims\jni.cpp, line 517]
Event: 10.634 Thread 0x00000211ced0b0d0 Exception <a 'sun/nio/fs/WindowsException'{0x0000000089152048}> (0x0000000089152048) 
thrown [s\src\hotspot\share\prims\jni.cpp, line 517]
Event: 10.649 Thread 0x00000211ced0b0d0 Exception <a 'sun/nio/fs/WindowsException'{0x00000000890659e0}> (0x00000000890659e0) 
thrown [s\src\hotspot\share\prims\jni.cpp, line 517]
Event: 10.649 Thread 0x00000211ced0b0d0 Exception <a 'sun/nio/fs/WindowsException'{0x0000000089065d80}> (0x0000000089065d80) 
thrown [s\src\hotspot\share\prims\jni.cpp, line 517]
Event: 10.661 Thread 0x00000211ced0b0d0 Exception <a 'sun/nio/fs/WindowsException'{0x0000000088f54f48}> (0x0000000088f54f48) 
thrown [s\src\hotspot\share\prims\jni.cpp, line 517]
Event: 10.661 Thread 0x00000211ced0b0d0 Exception <a 'sun/nio/fs/WindowsException'{0x0000000088f552e8}> (0x0000000088f552e8) 
thrown [s\src\hotspot\share\prims\jni.cpp, line 517]
Event: 10.663 Thread 0x00000211ced0b0d0 Exception <a 'sun/nio/fs/WindowsException'{0x0000000088f94ba0}> (0x0000000088f94ba0) 
thrown [s\src\hotspot\share\prims\jni.cpp, line 517]
Event: 10.663 Thread 0x00000211ced0b0d0 Exception <a 'sun/nio/fs/WindowsException'{0x0000000088f94f90}> (0x0000000088f94f90) 
thrown [s\src\hotspot\share\prims\jni.cpp, line 517]
Event: 10.706 Thread 0x00000211ced0b0d0 Exception <a 'java/lang/NoSuchMethodError'{0x0000000088d7ace8}: 'int java.lang.invoke.DirectMethodHandle$Holder.invokeVirtual(java.lang.Object, java.lang.Object, java.lang.Object, java.lang.Object)'> (0x0000000088d7ace8) 
thrown [s\src\hotspot\share\interpreter\linkResolver.cpp, line 771]
Event: 10.714 Thread 0x00000211ced0b0d0 Exception <a 'sun/nio/fs/WindowsException'{0x0000000088c35fd0}> (0x0000000088c35fd0) 
thrown [s\src\hotspot\share\prims\jni.cpp, line 517]
Event: 10.714 Thread 0x00000211ced0b0d0 Exception <a 'sun/nio/fs/WindowsException'{0x0000000088c36380}> (0x0000000088c36380) 
thrown [s\src\hotspot\share\prims\jni.cpp, line 517]
Event: 10.718 Thread 0x00000211ced0b0d0 Exception <a 'sun/nio/fs/WindowsException'{0x0000000088c5e098}> (0x0000000088c5e098) 
thrown [s\src\hotspot\share\prims\jni.cpp, line 517]
Event: 10.718 Thread 0x00000211ced0b0d0 Exception <a 'sun/nio/fs/WindowsException'{0x0000000088c5e428}> (0x0000000088c5e428) 
thrown [s\src\hotspot\share\prims\jni.cpp, line 517]

VM Operations (20 events):
Event: 10.010 Executing VM operation: HandshakeAllThreads
Event: 10.010 Executing VM operation: HandshakeAllThreads done
Event: 10.065 Executing VM operation: HandshakeAllThreads
Event: 10.065 Executing VM operation: HandshakeAllThreads done
Event: 10.122 Executing VM operation: HandshakeAllThreads
Event: 10.123 Executing VM operation: HandshakeAllThreads done
Event: 10.400 Executing VM operation: ICBufferFull
Event: 10.401 Executing VM operation: ICBufferFull done
Event: 10.471 Executing VM operation: HandshakeAllThreads
Event: 10.471 Executing VM operation: HandshakeAllThreads done
Event: 10.617 Executing VM operation: HandshakeAllThreads
Event: 10.618 Executing VM operation: HandshakeAllThreads done
Event: 10.659 Executing VM operation: ICBufferFull
Event: 10.659 Executing VM operation: ICBufferFull done
Event: 10.679 Executing VM operation: HandshakeAllThreads
Event: 10.680 Executing VM operation: HandshakeAllThreads done
Event: 10.721 Executing VM operation: ICBufferFull
Event: 10.721 Executing VM operation: ICBufferFull done
Event: 10.730 Executing VM operation: HandshakeAllThreads
Event: 10.730 Executing VM operation: HandshakeAllThreads done

Events (20 events):
Event: 10.132 Thread 0x00000211c80b2660 flushing nmethod 0x00000211b1703590
Event: 10.132 Thread 0x00000211c80b2660 flushing nmethod 0x00000211b170e810
Event: 10.132 Thread 0x00000211c80b2660 flushing nmethod 0x00000211b1710510
Event: 10.132 Thread 0x00000211c80b2660 flushing nmethod 0x00000211b1722090
Event: 10.132 Thread 0x00000211c80b2660 flushing nmethod 0x00000211b1722e10
Event: 10.132 Thread 0x00000211c80b2660 flushing nmethod 0x00000211b1723490
Event: 10.132 Thread 0x00000211c80b2660 flushing nmethod 0x00000211b1729590
Event: 10.132 Thread 0x00000211c80b2660 flushing nmethod 0x00000211b1760810
Event: 10.132 Thread 0x00000211c80b2660 flushing nmethod 0x00000211b177bd90
Event: 10.133 Thread 0x00000211c80b2660 flushing nmethod 0x00000211b194e990
Event: 10.182 loading class jdk/internal/access/foreign/MemorySegmentProxy
Event: 10.182 loading class jdk/internal/access/foreign/MemorySegmentProxy done
Event: 10.499 loading class java/util/ImmutableCollections$Access
Event: 10.500 loading class java/util/ImmutableCollections$Access done
Event: 10.500 loading class java/util/ImmutableCollections$Access$1
Event: 10.500 loading class jdk/internal/access/JavaUtilCollectionAccess
Event: 10.500 loading class jdk/internal/access/JavaUtilCollectionAccess done
Event: 10.500 loading class java/util/ImmutableCollections$Access$1 done
Event: 10.744 loading class java/text/BreakIterator
Event: 10.744 loading class java/text/BreakIterator done


Dynamic libraries:
0x00007ff604fb0000 - 0x00007ff604fba000 	E:\AndroidStudio\jbr\bin\java.exe
0x00007ffb1a030000 - 0x00007ffb1a244000 	C:\WINDOWS\SYSTEM32\ntdll.dll
0x00007ffb198e0000 - 0x00007ffb199a4000 	C:\WINDOWS\System32\KERNEL32.DLL
0x00007ffb178e0000 - 0x00007ffb17c84000 	C:\WINDOWS\System32\KERNELBASE.dll
0x00007ffb17500000 - 0x00007ffb17611000 	C:\WINDOWS\System32\ucrtbase.dll
0x00007ffae9330000 - 0x00007ffae9347000 	E:\AndroidStudio\jbr\bin\jli.dll
0x00007ffaebe80000 - 0x00007ffaebe9b000 	E:\AndroidStudio\jbr\bin\VCRUNTIME140.dll
0x00007ffb19cc0000 - 0x00007ffb19e6a000 	C:\WINDOWS\System32\USER32.dll
0x00007ffb17740000 - 0x00007ffb17766000 	C:\WINDOWS\System32\win32u.dll
0x00007ffafc730000 - 0x00007ffafc9bf000 	C:\WINDOWS\WinSxS\amd64_microsoft.windows.common-controls_6595b64144ccf1df_6.0.22621.2070_none_2713e6537381f706\COMCTL32.dll
0x00007ffb187d0000 - 0x00007ffb18877000 	C:\WINDOWS\System32\msvcrt.dll
0x00007ffb194a0000 - 0x00007ffb194c9000 	C:\WINDOWS\System32\GDI32.dll
0x00007ffb17620000 - 0x00007ffb17739000 	C:\WINDOWS\System32\gdi32full.dll
0x00007ffb17c90000 - 0x00007ffb17d2a000 	C:\WINDOWS\System32\msvcp_win.dll
0x00007ffb199b0000 - 0x00007ffb199e1000 	C:\WINDOWS\System32\IMM32.DLL
0x00007ffaf5ea0000 - 0x00007ffaf5eac000 	E:\AndroidStudio\jbr\bin\vcruntime140_1.dll
0x00007ffada0a0000 - 0x00007ffada12d000 	E:\AndroidStudio\jbr\bin\msvcp140.dll
0x00007ffaceb90000 - 0x00007ffacf7fe000 	E:\AndroidStudio\jbr\bin\server\jvm.dll
0x00007ffb19e90000 - 0x00007ffb19f40000 	C:\WINDOWS\System32\ADVAPI32.dll
0x00007ffb19f40000 - 0x00007ffb19fe6000 	C:\WINDOWS\System32\sechost.dll
0x00007ffb188f0000 - 0x00007ffb18a07000 	C:\WINDOWS\System32\RPCRT4.dll
0x00007ffb0df50000 - 0x00007ffb0df84000 	C:\WINDOWS\SYSTEM32\WINMM.dll
0x00007ffb124a0000 - 0x00007ffb124a9000 	C:\WINDOWS\SYSTEM32\WSOCK32.dll
0x00007ffb0fa70000 - 0x00007ffb0fa7a000 	C:\WINDOWS\SYSTEM32\VERSION.dll
0x00007ffb19bf0000 - 0x00007ffb19c61000 	C:\WINDOWS\System32\WS2_32.dll
0x00007ffb16400000 - 0x00007ffb16418000 	C:\WINDOWS\SYSTEM32\kernel.appcore.dll
0x00007ffb0fd10000 - 0x00007ffb0fd1a000 	E:\AndroidStudio\jbr\bin\jimage.dll
0x00007ffb14da0000 - 0x00007ffb14fce000 	C:\WINDOWS\SYSTEM32\DBGHELP.DLL
0x00007ffb19550000 - 0x00007ffb198da000 	C:\WINDOWS\System32\combase.dll
0x00007ffb192c0000 - 0x00007ffb19397000 	C:\WINDOWS\System32\OLEAUT32.dll
0x00007ffb01090000 - 0x00007ffb010c2000 	C:\WINDOWS\SYSTEM32\dbgcore.DLL
0x00007ffb17410000 - 0x00007ffb1748a000 	C:\WINDOWS\System32\bcryptPrimitives.dll
0x00007ffb0f740000 - 0x00007ffb0f765000 	E:\AndroidStudio\jbr\bin\java.dll
0x00007ffb0fcf0000 - 0x00007ffb0fd08000 	E:\AndroidStudio\jbr\bin\zip.dll
0x00007ffb17e80000 - 0x00007ffb18696000 	C:\WINDOWS\System32\SHELL32.dll
0x00007ffb153e0000 - 0x00007ffb15cca000 	C:\WINDOWS\SYSTEM32\windows.storage.dll
0x00007ffb152a0000 - 0x00007ffb153de000 	C:\WINDOWS\SYSTEM32\wintypes.dll
0x00007ffb193a0000 - 0x00007ffb19493000 	C:\WINDOWS\System32\SHCORE.dll
0x00007ffb19b90000 - 0x00007ffb19bee000 	C:\WINDOWS\System32\shlwapi.dll
0x00007ffb17340000 - 0x00007ffb17366000 	C:\WINDOWS\SYSTEM32\profapi.dll
0x00007ffb0f580000 - 0x00007ffb0f599000 	E:\AndroidStudio\jbr\bin\net.dll
0x00007ffb10b60000 - 0x00007ffb10c97000 	C:\WINDOWS\SYSTEM32\WINHTTP.dll
0x00007ffb168d0000 - 0x00007ffb16939000 	C:\WINDOWS\system32\mswsock.dll
0x00007ffaebf90000 - 0x00007ffaebfa6000 	E:\AndroidStudio\jbr\bin\nio.dll
0x00007ffb0f570000 - 0x00007ffb0f580000 	E:\AndroidStudio\jbr\bin\verify.dll
0x00007ffaebfc0000 - 0x00007ffaebfe7000 	C:\Users\86135\.gradle\native\68d5fa5c4cc2d200863cafc0d521ce42e7d3e7ee720ec0a83991735586a16f82\windows-amd64\native-platform.dll
0x00007ffad1470000 - 0x00007ffad15b4000 	C:\Users\86135\.gradle\native\e376f236ea51e6404a007f0833ffe2c6e607c4080706a723a18a27aeea778392\windows-amd64\native-platform-file-events.dll
0x00007ffb0f540000 - 0x00007ffb0f549000 	E:\AndroidStudio\jbr\bin\management.dll
0x00007ffb02b40000 - 0x00007ffb02b4b000 	E:\AndroidStudio\jbr\bin\management_ext.dll
0x00007ffb191f0000 - 0x00007ffb191f8000 	C:\WINDOWS\System32\PSAPI.DLL
0x00007ffb16b20000 - 0x00007ffb16b3b000 	C:\WINDOWS\SYSTEM32\CRYPTSP.dll
0x00007ffb163c0000 - 0x00007ffb163f5000 	C:\WINDOWS\system32\rsaenh.dll
0x00007ffb169c0000 - 0x00007ffb169ec000 	C:\WINDOWS\SYSTEM32\USERENV.dll
0x00007ffb16ce0000 - 0x00007ffb16d08000 	C:\WINDOWS\SYSTEM32\bcrypt.dll
0x00007ffb16b40000 - 0x00007ffb16b4c000 	C:\WINDOWS\SYSTEM32\CRYPTBASE.dll
0x00007ffb15f30000 - 0x00007ffb15f5d000 	C:\WINDOWS\SYSTEM32\IPHLPAPI.DLL
0x00007ffb194d0000 - 0x00007ffb194d9000 	C:\WINDOWS\System32\NSI.dll
0x00007ffb0c120000 - 0x00007ffb0c139000 	C:\WINDOWS\SYSTEM32\dhcpcsvc6.DLL
0x00007ffb0c0e0000 - 0x00007ffb0c0ff000 	C:\WINDOWS\SYSTEM32\dhcpcsvc.DLL
0x00007ffb15fa0000 - 0x00007ffb16093000 	C:\WINDOWS\SYSTEM32\DNSAPI.dll
0x00007ffb00110000 - 0x00007ffb00118000 	C:\WINDOWS\system32\wshunix.dll

dbghelp: loaded successfully - version: 4.0.5 - missing functions: none
symbol engine: initialized successfully - sym options: 0x614 - pdb path: .;E:\AndroidStudio\jbr\bin;C:\WINDOWS\SYSTEM32;C:\WINDOWS\WinSxS\amd64_microsoft.windows.common-controls_6595b64144ccf1df_6.0.22621.2070_none_2713e6537381f706;E:\AndroidStudio\jbr\bin\server;C:\Users\86135\.gradle\native\68d5fa5c4cc2d200863cafc0d521ce42e7d3e7ee720ec0a83991735586a16f82\windows-amd64;C:\Users\86135\.gradle\native\e376f236ea51e6404a007f0833ffe2c6e607c4080706a723a18a27aeea778392\windows-amd64

VM Arguments:
jvm_args: --add-opens=java.base/java.util=ALL-UNNAMED --add-opens=java.base/java.lang=ALL-UNNAMED --add-opens=java.base/java.lang.invoke=ALL-UNNAMED --add-opens=java.prefs/java.util.prefs=ALL-UNNAMED --add-opens=java.base/java.nio.charset=ALL-UNNAMED --add-opens=java.base/java.net=ALL-UNNAMED --add-opens=java.base/java.util.concurrent.atomic=ALL-UNNAMED -Xmx2048m -Dfile.encoding=UTF-8 -Duser.country=CN -Duser.language=zh -Duser.variant 
java_command: org.gradle.launcher.daemon.bootstrap.GradleDaemon 8.0
java_class_path (initial): C:\Users\86135\.gradle\wrapper\dists\gradle-8.0-bin\ca5e32bp14vu59qr306oxotwh\gradle-8.0\lib\gradle-launcher-8.0.jar
Launcher Type: SUN_STANDARD

[Global flags]
     intx CICompilerCount                          = 4                                         {product} {ergonomic}
     uint ConcGCThreads                            = 2                                         {product} {ergonomic}
     uint G1ConcRefinementThreads                  = 8                                         {product} {ergonomic}
   size_t G1HeapRegionSize                         = 1048576                                   {product} {ergonomic}
    uintx GCDrainStackTargetSize                   = 64                                        {product} {ergonomic}
   size_t InitialHeapSize                          = 264241152                                 {product} {ergonomic}
   size_t MarkStackSize                            = 4194304                                   {product} {ergonomic}
   size_t MaxHeapSize                              = 2147483648                                {product} {command line}
   size_t MaxNewSize                               = 1287651328                                {product} {ergonomic}
   size_t MinHeapDeltaBytes                        = 1048576                                   {product} {ergonomic}
   size_t MinHeapSize                              = 8388608                                   {product} {ergonomic}
    uintx NonNMethodCodeHeapSize                   = 5839372                                {pd product} {ergonomic}
    uintx NonProfiledCodeHeapSize                  = 122909434                              {pd product} {ergonomic}
    uintx ProfiledCodeHeapSize                     = 122909434                              {pd product} {ergonomic}
    uintx ReservedCodeCacheSize                    = 251658240                              {pd product} {ergonomic}
     bool SegmentedCodeCache                       = true                                      {product} {ergonomic}
   size_t SoftMaxHeapSize                          = 2147483648                             {manageable} {ergonomic}
     bool UseCompressedClassPointers               = true                           {product lp64_product} {ergonomic}
     bool UseCompressedOops                        = true                           {product lp64_product} {ergonomic}
     bool UseG1GC                                  = true                                      {product} {ergonomic}
     bool UseLargePagesIndividualAllocation        = false                                  {pd product} {ergonomic}

Logging:
Log output configuration:
 #0: stdout all=warning uptime,level,tags
 #1: stderr all=off uptime,level,tags

Environment Variables:
JAVA_HOME=C:\Download\jdk-20_windows-x64_bin\jdk-20.0.2
CLASSPATH=.;%JAVAHOME%\lib;%JAVAHOME%\lib\tools.jar
PATH=C:\Program Files (x86)\Common Files\Intel\Shared Libraries\redist\intel64\compiler;C:\Program Files\PlasticSCM5\server;C:\Program Files\PlasticSCM5\client;C:\WINDOWS\system32;C:\WINDOWS;C:\WINDOWS\System32\Wbem;C:\WINDOWS\System32\WindowsPowerShell\v1.0\;C:\WINDOWS\System32\OpenSSH\;C:\Program Files\dotnet\;C:\Program Files\Common Files\Autodesk Shared\;C:\Program Files (x86)\Autodesk\Backburner\;C:\Program Files\MySQL\MySQL Server 5.7\bin;C:\Download\jdk-20_windows-x64_bin\jdk-20.0.2\bin;C:\Download\jdk-20_windows-x64_bin\jdk-20.0.2\jre\bin;C:\Program Files\Git\cmd;C:\Program Files\PlasticSCM5\server;C:\Program Files\PlasticSCM5\client;C:\Windows\system32;C:\Windows;C:\Windows\System32\Wbem;C:\Windows\System32\WindowsPowerShell\v1.0\;C:\Windows\System32\OpenSSH\;C:\Program Files\dotnet\;C:\Program Files\Git\cmd;C:\Users\86135\AppData\Local\Microsoft\WindowsApps;C:\Users\86135\AppData\Local\Yarn\bin;C:\Users\86135\AppData\Local\Microsoft\WindowsApps;C:\Users\86135\.dotnet\tools
USERNAME=86135
OS=Windows_NT
PROCESSOR_IDENTIFIER=Intel64 Family 6 Model 140 Stepping 1, GenuineIntel
TMP=C:\Users\86135\AppData\Local\Temp
TEMP=C:\Users\86135\AppData\Local\Temp


JNI global refs:
JNI global refs: 28, weak refs: 20

JNI global refs memory usage: 843, weak refs: 841


---------------  S Y S T E M  ---------------

OS:
 Windows 11 , 64 bit Build 22621 (10.0.22621.2070)
OS uptime: 0 days 4:10 hours

CPU: total 8 (initial active 8) (4 cores per cpu, 2 threads per core) family 6 model 140 stepping 1 microcode 0xac, cx8, cmov, fxsr, ht, mmx, 3dnowpref, sse, sse2, sse3, ssse3, sse4.1, sse4.2, popcnt, lzcnt, tsc, tscinvbit, avx, avx2, aes, erms, clmul, bmi1, bmi2, adx, avx512f, avx512dq, avx512cd, avx512bw, avx512vl, sha, fma, vzeroupper, avx512_vpopcntdq, avx512_vpclmulqdq, avx512_vaes, avx512_vnni, clflush, clflushopt, clwb, avx512_vbmi2, avx512_vbmi

Memory: 4k page, system-wide physical 16106M (315M free)
TotalPageFile size 16106M (AvailPageFile size 6M)
current process WorkingSet (physical memory assigned to process): 498M, peak: 498M
current process commit charge ("private bytes"): 542M, peak: 544M

vm_info: OpenJDK 64-Bit Server VM (17.0.6+0-b2043.56-10027231) for windows-amd64 JRE (17.0.6+0-b2043.56-10027231), built on Apr 28 2023 00:43:19 by "androidbuild" with MS VC++ 16.10 / 16.11 (VS2019)

END.
